[0.019s] Invoking command in '/home/juan/ros2_ws/phantom_ws/build/phantomx_pincher_description': CMAKE_PREFIX_PATH=${CMAKE_PREFIX_PATH}:/home/juan/ros2_ws/phantom_ws/install/pincher_description:/home/juan/ros2_ws/phantom_ws/install/pincher_control:/opt/ros/humble /usr/bin/cmake --build /home/juan/ros2_ws/phantom_ws/build/phantomx_pincher_description -- -j2 -l2
[0.214s] Invoked command in '/home/juan/ros2_ws/phantom_ws/build/phantomx_pincher_description' returned '0': CMAKE_PREFIX_PATH=${CMAKE_PREFIX_PATH}:/home/juan/ros2_ws/phantom_ws/install/pincher_description:/home/juan/ros2_ws/phantom_ws/install/pincher_control:/opt/ros/humble /usr/bin/cmake --build /home/juan/ros2_ws/phantom_ws/build/phantomx_pincher_description -- -j2 -l2
[0.221s] Invoking command in '/home/juan/ros2_ws/phantom_ws/build/phantomx_pincher_description': CMAKE_PREFIX_PATH=${CMAKE_PREFIX_PATH}:/home/juan/ros2_ws/phantom_ws/install/pincher_description:/home/juan/ros2_ws/phantom_ws/install/pincher_control:/opt/ros/humble /usr/bin/cmake --install /home/juan/ros2_ws/phantom_ws/build/phantomx_pincher_description
[0.251s] -- Install configuration: ""
[0.251s] -- Execute custom install script
[0.252s] -- Up-to-date symlink: /home/juan/ros2_ws/phantom_ws/install/phantomx_pincher_description/lib/phantomx_pincher_description/xacro2sdf_direct.bash
[0.252s] -- Up-to-date symlink: /home/juan/ros2_ws/phantom_ws/install/phantomx_pincher_description/lib/phantomx_pincher_description/xacro2sdf.bash
[0.252s] -- Up-to-date symlink: /home/juan/ros2_ws/phantom_ws/install/phantomx_pincher_description/lib/phantomx_pincher_description/xacro2urdf.bash
[0.252s] -- Up-to-date symlink: /home/juan/ros2_ws/phantom_ws/install/phantomx_pincher_description/share/phantomx_pincher_description/config/initial_joint_positions.yaml
[0.252s] -- Up-to-date symlink: /home/juan/ros2_ws/phantom_ws/install/phantomx_pincher_description/share/phantomx_pincher_description/launch/display.launch.py
[0.252s] -- Up-to-date symlink: /home/juan/ros2_ws/phantom_ws/install/phantomx_pincher_description/share/phantomx_pincher_description/launch/view.launch.py
[0.252s] -- Up-to-date symlink: /home/juan/ros2_ws/phantom_ws/install/phantomx_pincher_description/share/phantomx_pincher_description/launch/view_gz.launch.py
[0.252s] -- Symlinking: /home/juan/ros2_ws/phantom_ws/install/phantomx_pincher_description/share/phantomx_pincher_description/launch/view_real_launch.py
[0.259s] -- Up-to-date symlink: /home/juan/ros2_ws/phantom_ws/install/phantomx_pincher_description/share/phantomx_pincher_description/phantomx_pincher/meshes/DAE/Canecas/CanecaGrandeConTapaSlide/CFFFP_elevacionCaneca.dae
[0.260s] -- Up-to-date symlink: /home/juan/ros2_ws/phantom_ws/install/phantomx_pincher_description/share/phantomx_pincher_description/phantomx_pincher/meshes/DAE/Canecas/CanecaGrandeConTapaSlide/canecaGrande.dae
[0.260s] -- Up-to-date symlink: /home/juan/ros2_ws/phantom_ws/install/phantomx_pincher_description/share/phantomx_pincher_description/phantomx_pincher/meshes/DAE/Canecas/CanecaGrandeConTapaSlide/elevacionCaneca.dae
[0.260s] -- Up-to-date symlink: /home/juan/ros2_ws/phantom_ws/install/phantomx_pincher_description/share/phantomx_pincher_description/phantomx_pincher/meshes/DAE/Canecas/CanecaGrandeConTapaSlide/tapaSlide.dae
[0.260s] -- Up-to-date symlink: /home/juan/ros2_ws/phantom_ws/install/phantomx_pincher_description/share/phantomx_pincher_description/phantomx_pincher/meshes/DAE/anclajes/CFFFP_anclajeEsquinaCanastilla.dae
[0.260s] -- Up-to-date symlink: /home/juan/ros2_ws/phantom_ws/install/phantomx_pincher_description/share/phantomx_pincher_description/phantomx_pincher/meshes/DAE/anclajes/anclajeEsquinaCanastilla.dae
[0.260s] -- Up-to-date symlink: /home/juan/ros2_ws/phantom_ws/install/phantomx_pincher_description/share/phantomx_pincher_description/phantomx_pincher/meshes/DAE/anclajes/anclajeEsquinaTapa.dae
[0.260s] -- Up-to-date symlink: /home/juan/ros2_ws/phantom_ws/install/phantomx_pincher_description/share/phantomx_pincher_description/phantomx_pincher/meshes/DAE/anclajes/anclajeM10.dae
[0.260s] -- Up-to-date symlink: /home/juan/ros2_ws/phantom_ws/install/phantomx_pincher_description/share/phantomx_pincher_description/phantomx_pincher/meshes/DAE/bases/baseElementosFijos.dae
[0.260s] -- Up-to-date symlink: /home/juan/ros2_ws/phantom_ws/install/phantomx_pincher_description/share/phantomx_pincher_description/phantomx_pincher/meshes/DAE/cases/caseArbotixM/base.dae
[0.260s] -- Up-to-date symlink: /home/juan/ros2_ws/phantom_ws/install/phantomx_pincher_description/share/phantomx_pincher_description/phantomx_pincher/meshes/DAE/cases/caseArbotixM/tapa.dae
[0.260s] -- Up-to-date symlink: /home/juan/ros2_ws/phantom_ws/install/phantomx_pincher_description/share/phantomx_pincher_description/phantomx_pincher/meshes/DAE/cases/caseBaseRobot/caseBaseRobot.dae
[0.260s] -- Up-to-date symlink: /home/juan/ros2_ws/phantom_ws/install/phantomx_pincher_description/share/phantomx_pincher_description/phantomx_pincher/meshes/DAE/cases/caseBaseRobot/clipAnclajeNumero.dae
[0.263s] -- Up-to-date symlink: /home/juan/ros2_ws/phantom_ws/install/phantomx_pincher_description/share/phantomx_pincher_description/phantomx_pincher/meshes/DAE/cases/caseBaseRobot/numerosBases.dae
[0.263s] -- Up-to-date symlink: /home/juan/ros2_ws/phantom_ws/install/phantomx_pincher_description/share/phantomx_pincher_description/phantomx_pincher/meshes/DAE/cases/casePowerHub/baseCasePowerHub.dae
[0.263s] -- Up-to-date symlink: /home/juan/ros2_ws/phantom_ws/install/phantomx_pincher_description/share/phantomx_pincher_description/phantomx_pincher/meshes/DAE/cases/caseRaspberryPi5/baseCaseRaspberry.dae
[0.263s] -- Up-to-date symlink: /home/juan/ros2_ws/phantom_ws/install/phantomx_pincher_description/share/phantomx_pincher_description/phantomx_pincher/meshes/DAE/cases/caseRaspberryPi5/tapaRaspberry.dae
[0.263s] -- Up-to-date symlink: /home/juan/ros2_ws/phantom_ws/install/phantomx_pincher_description/share/phantomx_pincher_description/phantomx_pincher/meshes/DAE/cases/caseRaspberryPi5/tapaSlide.dae
[0.263s] -- Up-to-date symlink: /home/juan/ros2_ws/phantom_ws/install/phantomx_pincher_description/share/phantomx_pincher_description/phantomx_pincher/meshes/DAE/cases/caseUSB2Dynamixel/acopleGrande.dae
[0.263s] -- Up-to-date symlink: /home/juan/ros2_ws/phantom_ws/install/phantomx_pincher_description/share/phantomx_pincher_description/phantomx_pincher/meshes/DAE/cases/caseUSB2Dynamixel/acoplePequeño.dae
[0.263s] -- Up-to-date symlink: /home/juan/ros2_ws/phantom_ws/install/phantomx_pincher_description/share/phantomx_pincher_description/phantomx_pincher/meshes/DAE/cases/caseUSB2Dynamixel/baseUBS2.dae
[0.263s] -- Up-to-date symlink: /home/juan/ros2_ws/phantom_ws/install/phantomx_pincher_description/share/phantomx_pincher_description/phantomx_pincher/meshes/DAE/cases/cases/baseMicroAirPump370A.dae
[0.263s] -- Up-to-date symlink: /home/juan/ros2_ws/phantom_ws/install/phantomx_pincher_description/share/phantomx_pincher_description/phantomx_pincher/meshes/DAE/cases/cases/caseBaseRobot.dae
[0.263s] -- Up-to-date symlink: /home/juan/ros2_ws/phantom_ws/install/phantomx_pincher_description/share/phantomx_pincher_description/phantomx_pincher/meshes/DAE/cases/cases/caseRaspberryPi5/baseCaseRaspberry.dae
[0.263s] -- Up-to-date symlink: /home/juan/ros2_ws/phantom_ws/install/phantomx_pincher_description/share/phantomx_pincher_description/phantomx_pincher/meshes/DAE/cases/cases/caseRaspberryPi5/tapaRaspberry.dae
[0.263s] -- Up-to-date symlink: /home/juan/ros2_ws/phantom_ws/install/phantomx_pincher_description/share/phantomx_pincher_description/phantomx_pincher/meshes/DAE/cases/cases/tapaMicroAirPump370A.dae
[0.263s] -- Up-to-date symlink: /home/juan/ros2_ws/phantom_ws/install/phantomx_pincher_description/share/phantomx_pincher_description/phantomx_pincher/meshes/DAE/cases/microAirpump/caseAirpumpBottom.dae
[0.263s] -- Up-to-date symlink: /home/juan/ros2_ws/phantom_ws/install/phantomx_pincher_description/share/phantomx_pincher_description/phantomx_pincher/meshes/DAE/cases/microAirpump/caseAirpumpTop.dae
[0.263s] -- Up-to-date symlink: /home/juan/ros2_ws/phantom_ws/install/phantomx_pincher_description/share/phantomx_pincher_description/phantomx_pincher/meshes/DAE/manijas/manija.dae
[0.263s] -- Up-to-date symlink: /home/juan/ros2_ws/phantom_ws/install/phantomx_pincher_description/share/phantomx_pincher_description/phantomx_pincher/meshes/DAE/manijas/pataManija.dae
[0.263s] -- Up-to-date symlink: /home/juan/ros2_ws/phantom_ws/install/phantomx_pincher_description/share/phantomx_pincher_description/phantomx_pincher/meshes/DAE/objectsToPick/cilinder25Dx25h.dae
[0.263s] -- Up-to-date symlink: /home/juan/ros2_ws/phantom_ws/install/phantomx_pincher_description/share/phantomx_pincher_description/phantomx_pincher/meshes/DAE/objectsToPick/cube25x25.dae
[0.263s] -- Up-to-date symlink: /home/juan/ros2_ws/phantom_ws/install/phantomx_pincher_description/share/phantomx_pincher_description/phantomx_pincher/meshes/DAE/patas/pataD15mm.dae
[0.263s] -- Up-to-date symlink: /home/juan/ros2_ws/phantom_ws/install/phantomx_pincher_description/share/phantomx_pincher_description/phantomx_pincher/meshes/DAE/patas/pataD20mm.dae
[0.264s] -- Up-to-date symlink: /home/juan/ros2_ws/phantom_ws/install/phantomx_pincher_description/share/phantomx_pincher_description/phantomx_pincher/meshes/DAE/tubosOvaladosNiquel/Angujo.dae
[0.264s] -- Up-to-date symlink: /home/juan/ros2_ws/phantom_ws/install/phantomx_pincher_description/share/phantomx_pincher_description/phantomx_pincher/meshes/DAE/tubosOvaladosNiquel/EncajeABaseTuboCloset.dae
[0.264s] -- Up-to-date symlink: /home/juan/ros2_ws/phantom_ws/install/phantomx_pincher_description/share/phantomx_pincher_description/phantomx_pincher/meshes/DAE/zonasDeRecoleccion/zonaCircular/zonaCircular146mm.dae
[0.264s] -- Up-to-date symlink: /home/juan/ros2_ws/phantom_ws/install/phantomx_pincher_description/share/phantomx_pincher_description/phantomx_pincher/meshes/STL/Canecas/CanecaGrandeConTapaSlide/CFFFP_elevacionCaneca.stl
[0.264s] -- Up-to-date symlink: /home/juan/ros2_ws/phantom_ws/install/phantomx_pincher_description/share/phantomx_pincher_description/phantomx_pincher/meshes/STL/Canecas/CanecaGrandeConTapaSlide/OldVersions/canecaCollision.0002.ipt
[0.264s] -- Up-to-date symlink: /home/juan/ros2_ws/phantom_ws/install/phantomx_pincher_description/share/phantomx_pincher_description/phantomx_pincher/meshes/STL/Canecas/CanecaGrandeConTapaSlide/canecaCollision.ipt
[0.264s] -- Up-to-date symlink: /home/juan/ros2_ws/phantom_ws/install/phantomx_pincher_description/share/phantomx_pincher_description/phantomx_pincher/meshes/STL/Canecas/CanecaGrandeConTapaSlide/canecaCollision.stl
[0.264s] -- Up-to-date symlink: /home/juan/ros2_ws/phantom_ws/install/phantomx_pincher_description/share/phantomx_pincher_description/phantomx_pincher/meshes/STL/Canecas/CanecaGrandeConTapaSlide/canecaGrande.stl
[0.264s] -- Up-to-date symlink: /home/juan/ros2_ws/phantom_ws/install/phantomx_pincher_description/share/phantomx_pincher_description/phantomx_pincher/meshes/STL/Canecas/CanecaGrandeConTapaSlide/elevacionCaneca.ipt
[0.264s] -- Up-to-date symlink: /home/juan/ros2_ws/phantom_ws/install/phantomx_pincher_description/share/phantomx_pincher_description/phantomx_pincher/meshes/STL/Canecas/CanecaGrandeConTapaSlide/elevacionCaneca.stl
[0.264s] -- Up-to-date symlink: /home/juan/ros2_ws/phantom_ws/install/phantomx_pincher_description/share/phantomx_pincher_description/phantomx_pincher/meshes/STL/Canecas/CanecaGrandeConTapaSlide/ensambleCaneca.stl
[0.264s] -- Up-to-date symlink: /home/juan/ros2_ws/phantom_ws/install/phantomx_pincher_description/share/phantomx_pincher_description/phantomx_pincher/meshes/STL/Canecas/CanecaGrandeConTapaSlide/tapaSlide.stl
[0.264s] -- Up-to-date symlink: /home/juan/ros2_ws/phantom_ws/install/phantomx_pincher_description/share/phantomx_pincher_description/phantomx_pincher/meshes/STL/Canecas/OldVersions/escudoUnal.0002.ipt
[0.264s] -- Up-to-date symlink: /home/juan/ros2_ws/phantom_ws/install/phantomx_pincher_description/share/phantomx_pincher_description/phantomx_pincher/meshes/STL/Canecas/escudoUnal.ipt
[0.264s] -- Up-to-date symlink: /home/juan/ros2_ws/phantom_ws/install/phantomx_pincher_description/share/phantomx_pincher_description/phantomx_pincher/meshes/STL/anclajes/CFFFP_anclajeEsquinaCanastilla.stl
[0.264s] -- Up-to-date symlink: /home/juan/ros2_ws/phantom_ws/install/phantomx_pincher_description/share/phantomx_pincher_description/phantomx_pincher/meshes/STL/anclajes/anclajeEsquinaCanastilla.stl
[0.264s] -- Up-to-date symlink: /home/juan/ros2_ws/phantom_ws/install/phantomx_pincher_description/share/phantomx_pincher_description/phantomx_pincher/meshes/STL/anclajes/anclajeEsquinaTapa.stl
[0.264s] -- Up-to-date symlink: /home/juan/ros2_ws/phantom_ws/install/phantomx_pincher_description/share/phantomx_pincher_description/phantomx_pincher/meshes/STL/anclajes/anclajeM10.stl
[0.264s] -- Up-to-date symlink: /home/juan/ros2_ws/phantom_ws/install/phantomx_pincher_description/share/phantomx_pincher_description/phantomx_pincher/meshes/STL/bases/baseElementosFijos.stl
[0.264s] -- Up-to-date symlink: /home/juan/ros2_ws/phantom_ws/install/phantomx_pincher_description/share/phantomx_pincher_description/phantomx_pincher/meshes/STL/cases/caseArbotixM/base.stl
[0.264s] -- Up-to-date symlink: /home/juan/ros2_ws/phantom_ws/install/phantomx_pincher_description/share/phantomx_pincher_description/phantomx_pincher/meshes/STL/cases/caseArbotixM/tapa.stl
[0.267s] -- Up-to-date symlink: /home/juan/ros2_ws/phantom_ws/install/phantomx_pincher_description/share/phantomx_pincher_description/phantomx_pincher/meshes/STL/cases/caseBaseRobot/caseBaseRobot.stl
[0.267s] -- Up-to-date symlink: /home/juan/ros2_ws/phantom_ws/install/phantomx_pincher_description/share/phantomx_pincher_description/phantomx_pincher/meshes/STL/cases/caseBaseRobot/clipAnclajeNumero.stl
[0.267s] -- Up-to-date symlink: /home/juan/ros2_ws/phantom_ws/install/phantomx_pincher_description/share/phantomx_pincher_description/phantomx_pincher/meshes/STL/cases/caseBaseRobot/numerosBases.stl
[0.267s] -- Up-to-date symlink: /home/juan/ros2_ws/phantom_ws/install/phantomx_pincher_description/share/phantomx_pincher_description/phantomx_pincher/meshes/STL/cases/casePowerHub/baseCasePowerHub.stl
[0.267s] -- Up-to-date symlink: /home/juan/ros2_ws/phantom_ws/install/phantomx_pincher_description/share/phantomx_pincher_description/phantomx_pincher/meshes/STL/cases/caseRaspberryPi5/CFFFP_baseCaseRaspberry.3mf
[0.267s] -- Up-to-date symlink: /home/juan/ros2_ws/phantom_ws/install/phantomx_pincher_description/share/phantomx_pincher_description/phantomx_pincher/meshes/STL/cases/caseRaspberryPi5/baseCaseRaspberry.stl
[0.267s] -- Up-to-date symlink: /home/juan/ros2_ws/phantom_ws/install/phantomx_pincher_description/share/phantomx_pincher_description/phantomx_pincher/meshes/STL/cases/caseRaspberryPi5/tapaRaspberry.stl
[0.267s] -- Up-to-date symlink: /home/juan/ros2_ws/phantom_ws/install/phantomx_pincher_description/share/phantomx_pincher_description/phantomx_pincher/meshes/STL/cases/caseRaspberryPi5/tapaSlide.stl
[0.267s] -- Up-to-date symlink: /home/juan/ros2_ws/phantom_ws/install/phantomx_pincher_description/share/phantomx_pincher_description/phantomx_pincher/meshes/STL/cases/caseUSB2Dynamixel/OldVersions/acopleGrande.0001.ipt
[0.267s] -- Up-to-date symlink: /home/juan/ros2_ws/phantom_ws/install/phantomx_pincher_description/share/phantomx_pincher_description/phantomx_pincher/meshes/STL/cases/caseUSB2Dynamixel/OldVersions/acoplePequeño.0002.ipt
[0.267s] -- Up-to-date symlink: /home/juan/ros2_ws/phantom_ws/install/phantomx_pincher_description/share/phantomx_pincher_description/phantomx_pincher/meshes/STL/cases/caseUSB2Dynamixel/OldVersions/baseUBS2.0001.ipt
[0.267s] -- Up-to-date symlink: /home/juan/ros2_ws/phantom_ws/install/phantomx_pincher_description/share/phantomx_pincher_description/phantomx_pincher/meshes/STL/cases/caseUSB2Dynamixel/acopleGrande.stl
[0.267s] -- Up-to-date symlink: /home/juan/ros2_ws/phantom_ws/install/phantomx_pincher_description/share/phantomx_pincher_description/phantomx_pincher/meshes/STL/cases/caseUSB2Dynamixel/acoplePequeño.stl
[0.267s] -- Up-to-date symlink: /home/juan/ros2_ws/phantom_ws/install/phantomx_pincher_description/share/phantomx_pincher_description/phantomx_pincher/meshes/STL/cases/caseUSB2Dynamixel/baseUBS2.stl
[0.267s] -- Up-to-date symlink: /home/juan/ros2_ws/phantom_ws/install/phantomx_pincher_description/share/phantomx_pincher_description/phantomx_pincher/meshes/STL/cases/cases/baseMicroAirPump370A.stl
[0.267s] -- Up-to-date symlink: /home/juan/ros2_ws/phantom_ws/install/phantomx_pincher_description/share/phantomx_pincher_description/phantomx_pincher/meshes/STL/cases/cases/caseBaseRobot.stl
[0.267s] -- Up-to-date symlink: /home/juan/ros2_ws/phantom_ws/install/phantomx_pincher_description/share/phantomx_pincher_description/phantomx_pincher/meshes/STL/cases/cases/caseRaspberryPi5/CFFFP_tapaRaspberry.3mf
[0.267s] -- Up-to-date symlink: /home/juan/ros2_ws/phantom_ws/install/phantomx_pincher_description/share/phantomx_pincher_description/phantomx_pincher/meshes/STL/cases/cases/caseRaspberryPi5/baseCaseRaspberry.stl
[0.267s] -- Up-to-date symlink: /home/juan/ros2_ws/phantom_ws/install/phantomx_pincher_description/share/phantomx_pincher_description/phantomx_pincher/meshes/STL/cases/cases/caseRaspberryPi5/tapaRaspberry.stl
[0.267s] -- Up-to-date symlink: /home/juan/ros2_ws/phantom_ws/install/phantomx_pincher_description/share/phantomx_pincher_description/phantomx_pincher/meshes/STL/cases/cases/tapaMicroAirPump370A.stl
[0.267s] -- Up-to-date symlink: /home/juan/ros2_ws/phantom_ws/install/phantomx_pincher_description/share/phantomx_pincher_description/phantomx_pincher/meshes/STL/cases/microAirpump/caseAirpumpBottom.stl
[0.277s] -- Up-to-date symlink: /home/juan/ros2_ws/phantom_ws/install/phantomx_pincher_description/share/phantomx_pincher_description/phantomx_pincher/meshes/STL/cases/microAirpump/caseAirpumpTop.stl
[0.277s] -- Up-to-date symlink: /home/juan/ros2_ws/phantom_ws/install/phantomx_pincher_description/share/phantomx_pincher_description/phantomx_pincher/meshes/STL/cases/microAirpump/ensambleAirpump.stl
[0.277s] -- Up-to-date symlink: /home/juan/ros2_ws/phantom_ws/install/phantomx_pincher_description/share/phantomx_pincher_description/phantomx_pincher/meshes/STL/escudoUnal.dxf
[0.277s] -- Up-to-date symlink: /home/juan/ros2_ws/phantom_ws/install/phantomx_pincher_description/share/phantomx_pincher_description/phantomx_pincher/meshes/STL/manijas/manija.stl
[0.277s] -- Up-to-date symlink: /home/juan/ros2_ws/phantom_ws/install/phantomx_pincher_description/share/phantomx_pincher_description/phantomx_pincher/meshes/STL/manijas/pataManija.stl
[0.277s] -- Up-to-date symlink: /home/juan/ros2_ws/phantom_ws/install/phantomx_pincher_description/share/phantomx_pincher_description/phantomx_pincher/meshes/STL/objectsToPick/cilinder25Dx25h.stl
[0.277s] -- Up-to-date symlink: /home/juan/ros2_ws/phantom_ws/install/phantomx_pincher_description/share/phantomx_pincher_description/phantomx_pincher/meshes/STL/objectsToPick/cube25x25.stl
[0.277s] -- Up-to-date symlink: /home/juan/ros2_ws/phantom_ws/install/phantomx_pincher_description/share/phantomx_pincher_description/phantomx_pincher/meshes/STL/patas/pataD15mm.stl
[0.277s] -- Up-to-date symlink: /home/juan/ros2_ws/phantom_ws/install/phantomx_pincher_description/share/phantomx_pincher_description/phantomx_pincher/meshes/STL/patas/pataD20mm.stl
[0.277s] -- Up-to-date symlink: /home/juan/ros2_ws/phantom_ws/install/phantomx_pincher_description/share/phantomx_pincher_description/phantomx_pincher/meshes/STL/tubosOvaladosNiquel/Angujo.stl
[0.277s] -- Up-to-date symlink: /home/juan/ros2_ws/phantom_ws/install/phantomx_pincher_description/share/phantomx_pincher_description/phantomx_pincher/meshes/STL/tubosOvaladosNiquel/EncajeABaseConTornilloTuboCloset.stl
[0.277s] -- Up-to-date symlink: /home/juan/ros2_ws/phantom_ws/install/phantomx_pincher_description/share/phantomx_pincher_description/phantomx_pincher/meshes/STL/tubosOvaladosNiquel/EncajeABaseTuboCloset.stl
[0.277s] -- Up-to-date symlink: /home/juan/ros2_ws/phantom_ws/install/phantomx_pincher_description/share/phantomx_pincher_description/phantomx_pincher/meshes/STL/zonasDeRecoleccion/zonaCircular/zonaCircular146mm.stl
[0.277s] -- Up-to-date symlink: /home/juan/ros2_ws/phantom_ws/install/phantomx_pincher_description/share/phantomx_pincher_description/phantomx_pincher/meshes/collision/finger.stl
[0.277s] -- Up-to-date symlink: /home/juan/ros2_ws/phantom_ws/install/phantomx_pincher_description/share/phantomx_pincher_description/phantomx_pincher/meshes/collision/task_board.stl
[0.277s] -- Up-to-date symlink: /home/juan/ros2_ws/phantom_ws/install/phantomx_pincher_description/share/phantomx_pincher_description/phantomx_pincher/meshes/visual/ax12.dae
[0.277s] -- Up-to-date symlink: /home/juan/ros2_ws/phantom_ws/install/phantomx_pincher_description/share/phantomx_pincher_description/phantomx_pincher/meshes/visual/f10.dae
[0.277s] -- Up-to-date symlink: /home/juan/ros2_ws/phantom_ws/install/phantomx_pincher_description/share/phantomx_pincher_description/phantomx_pincher/meshes/visual/f2.dae
[0.277s] -- Up-to-date symlink: /home/juan/ros2_ws/phantom_ws/install/phantomx_pincher_description/share/phantomx_pincher_description/phantomx_pincher/meshes/visual/f3.dae
[0.277s] -- Up-to-date symlink: /home/juan/ros2_ws/phantom_ws/install/phantomx_pincher_description/share/phantomx_pincher_description/phantomx_pincher/meshes/visual/f4.dae
[0.278s] -- Up-to-date symlink: /home/juan/ros2_ws/phantom_ws/install/phantomx_pincher_description/share/phantomx_pincher_description/phantomx_pincher/meshes/visual/finger.dae
[0.278s] -- Up-to-date symlink: /home/juan/ros2_ws/phantom_ws/install/phantomx_pincher_description/share/phantomx_pincher_description/phantomx_pincher/meshes/visual/gripper_base.dae
[0.278s] -- Up-to-date symlink: /home/juan/ros2_ws/phantom_ws/install/phantomx_pincher_description/share/phantomx_pincher_description/phantomx_pincher/meshes/visual/phantomx_pincher_mount.dae
[0.278s] -- Up-to-date symlink: /home/juan/ros2_ws/phantom_ws/install/phantomx_pincher_description/share/phantomx_pincher_description/phantomx_pincher/meshes/visual/task_board.dae
[0.278s] -- Up-to-date symlink: /home/juan/ros2_ws/phantom_ws/install/phantomx_pincher_description/share/phantomx_pincher_description/phantomx_pincher/meshes/visual/task_board_module_phantomx_pincher_mount.dae
[0.278s] -- Up-to-date symlink: /home/juan/ros2_ws/phantom_ws/install/phantomx_pincher_description/share/phantomx_pincher_description/phantomx_pincher/model.config
[0.278s] -- Up-to-date symlink: /home/juan/ros2_ws/phantom_ws/install/phantomx_pincher_description/share/phantomx_pincher_description/phantomx_pincher/model.sdf
[0.278s] -- Up-to-date symlink: /home/juan/ros2_ws/phantom_ws/install/phantomx_pincher_description/share/phantomx_pincher_description/phantomx_pincher/thumbnails/0.png
[0.278s] -- Symlinking: /home/juan/ros2_ws/phantom_ws/install/phantomx_pincher_description/share/phantomx_pincher_description/meshes/DAE/Canecas/CanecaGrandeConTapaSlide/CFFFP_elevacionCaneca.dae
[0.281s] -- Symlinking: /home/juan/ros2_ws/phantom_ws/install/phantomx_pincher_description/share/phantomx_pincher_description/meshes/DAE/Canecas/CanecaGrandeConTapaSlide/canecaGrande.dae
[0.281s] -- Symlinking: /home/juan/ros2_ws/phantom_ws/install/phantomx_pincher_description/share/phantomx_pincher_description/meshes/DAE/Canecas/CanecaGrandeConTapaSlide/elevacionCaneca.dae
[0.282s] -- Symlinking: /home/juan/ros2_ws/phantom_ws/install/phantomx_pincher_description/share/phantomx_pincher_description/meshes/DAE/Canecas/CanecaGrandeConTapaSlide/tapaSlide.dae
[0.289s] -- Symlinking: /home/juan/ros2_ws/phantom_ws/install/phantomx_pincher_description/share/phantomx_pincher_description/meshes/DAE/anclajes/CFFFP_anclajeEsquinaCanastilla.dae
[0.294s] -- Symlinking: /home/juan/ros2_ws/phantom_ws/install/phantomx_pincher_description/share/phantomx_pincher_description/meshes/DAE/anclajes/anclajeEsquinaCanastilla.dae
[0.311s] -- Symlinking: /home/juan/ros2_ws/phantom_ws/install/phantomx_pincher_description/share/phantomx_pincher_description/meshes/DAE/anclajes/anclajeEsquinaTapa.dae
[0.318s] -- Symlinking: /home/juan/ros2_ws/phantom_ws/install/phantomx_pincher_description/share/phantomx_pincher_description/meshes/DAE/anclajes/anclajeM10.dae
[0.323s] -- Symlinking: /home/juan/ros2_ws/phantom_ws/install/phantomx_pincher_description/share/phantomx_pincher_description/meshes/DAE/bases/baseElementosFijos.dae
[0.329s] -- Symlinking: /home/juan/ros2_ws/phantom_ws/install/phantomx_pincher_description/share/phantomx_pincher_description/meshes/DAE/cases/caseArbotixM/base.dae
[0.340s] -- Symlinking: /home/juan/ros2_ws/phantom_ws/install/phantomx_pincher_description/share/phantomx_pincher_description/meshes/DAE/cases/caseArbotixM/tapa.dae
[0.350s] -- Symlinking: /home/juan/ros2_ws/phantom_ws/install/phantomx_pincher_description/share/phantomx_pincher_description/meshes/DAE/cases/caseBaseRobot/caseBaseRobot.dae
[0.356s] -- Symlinking: /home/juan/ros2_ws/phantom_ws/install/phantomx_pincher_description/share/phantomx_pincher_description/meshes/DAE/cases/caseBaseRobot/clipAnclajeNumero.dae
[0.361s] -- Symlinking: /home/juan/ros2_ws/phantom_ws/install/phantomx_pincher_description/share/phantomx_pincher_description/meshes/DAE/cases/caseBaseRobot/numerosBases.dae
[0.367s] -- Symlinking: /home/juan/ros2_ws/phantom_ws/install/phantomx_pincher_description/share/phantomx_pincher_description/meshes/DAE/cases/casePowerHub/baseCasePowerHub.dae
[0.373s] -- Symlinking: /home/juan/ros2_ws/phantom_ws/install/phantomx_pincher_description/share/phantomx_pincher_description/meshes/DAE/cases/caseRaspberryPi5/baseCaseRaspberry.dae
[0.378s] -- Symlinking: /home/juan/ros2_ws/phantom_ws/install/phantomx_pincher_description/share/phantomx_pincher_description/meshes/DAE/cases/caseRaspberryPi5/tapaRaspberry.dae
[0.384s] -- Symlinking: /home/juan/ros2_ws/phantom_ws/install/phantomx_pincher_description/share/phantomx_pincher_description/meshes/DAE/cases/caseRaspberryPi5/tapaSlide.dae
[0.404s] -- Symlinking: /home/juan/ros2_ws/phantom_ws/install/phantomx_pincher_description/share/phantomx_pincher_description/meshes/DAE/cases/caseUSB2Dynamixel/acopleGrande.dae
[0.416s] -- Symlinking: /home/juan/ros2_ws/phantom_ws/install/phantomx_pincher_description/share/phantomx_pincher_description/meshes/DAE/cases/caseUSB2Dynamixel/acoplePequeño.dae
[0.431s] -- Symlinking: /home/juan/ros2_ws/phantom_ws/install/phantomx_pincher_description/share/phantomx_pincher_description/meshes/DAE/cases/caseUSB2Dynamixel/baseUBS2.dae
[0.446s] -- Symlinking: /home/juan/ros2_ws/phantom_ws/install/phantomx_pincher_description/share/phantomx_pincher_description/meshes/DAE/cases/cases/baseMicroAirPump370A.dae
[0.458s] -- Symlinking: /home/juan/ros2_ws/phantom_ws/install/phantomx_pincher_description/share/phantomx_pincher_description/meshes/DAE/cases/cases/caseBaseRobot.dae
[0.472s] -- Symlinking: /home/juan/ros2_ws/phantom_ws/install/phantomx_pincher_description/share/phantomx_pincher_description/meshes/DAE/cases/cases/caseRaspberryPi5/baseCaseRaspberry.dae
[0.487s] -- Symlinking: /home/juan/ros2_ws/phantom_ws/install/phantomx_pincher_description/share/phantomx_pincher_description/meshes/DAE/cases/cases/caseRaspberryPi5/tapaRaspberry.dae
[0.497s] -- Symlinking: /home/juan/ros2_ws/phantom_ws/install/phantomx_pincher_description/share/phantomx_pincher_description/meshes/DAE/cases/cases/tapaMicroAirPump370A.dae
[0.515s] -- Symlinking: /home/juan/ros2_ws/phantom_ws/install/phantomx_pincher_description/share/phantomx_pincher_description/meshes/DAE/cases/microAirpump/caseAirpumpBottom.dae
[0.529s] -- Symlinking: /home/juan/ros2_ws/phantom_ws/install/phantomx_pincher_description/share/phantomx_pincher_description/meshes/DAE/cases/microAirpump/caseAirpumpTop.dae
[0.544s] -- Symlinking: /home/juan/ros2_ws/phantom_ws/install/phantomx_pincher_description/share/phantomx_pincher_description/meshes/DAE/manijas/manija.dae
[0.553s] -- Symlinking: /home/juan/ros2_ws/phantom_ws/install/phantomx_pincher_description/share/phantomx_pincher_description/meshes/DAE/manijas/pataManija.dae
[0.565s] -- Symlinking: /home/juan/ros2_ws/phantom_ws/install/phantomx_pincher_description/share/phantomx_pincher_description/meshes/DAE/objectsToPick/cilinder25Dx25h.dae
[0.581s] -- Symlinking: /home/juan/ros2_ws/phantom_ws/install/phantomx_pincher_description/share/phantomx_pincher_description/meshes/DAE/objectsToPick/cube25x25.dae
[0.597s] -- Symlinking: /home/juan/ros2_ws/phantom_ws/install/phantomx_pincher_description/share/phantomx_pincher_description/meshes/DAE/patas/pataD15mm.dae
[0.612s] -- Symlinking: /home/juan/ros2_ws/phantom_ws/install/phantomx_pincher_description/share/phantomx_pincher_description/meshes/DAE/patas/pataD20mm.dae
[0.629s] -- Symlinking: /home/juan/ros2_ws/phantom_ws/install/phantomx_pincher_description/share/phantomx_pincher_description/meshes/DAE/tubosOvaladosNiquel/Angujo.dae
[0.647s] -- Symlinking: /home/juan/ros2_ws/phantom_ws/install/phantomx_pincher_description/share/phantomx_pincher_description/meshes/DAE/tubosOvaladosNiquel/EncajeABaseTuboCloset.dae
[0.663s] -- Symlinking: /home/juan/ros2_ws/phantom_ws/install/phantomx_pincher_description/share/phantomx_pincher_description/meshes/DAE/zonasDeRecoleccion/zonaCircular/zonaCircular146mm.dae
[0.680s] -- Up-to-date symlink: /home/juan/ros2_ws/phantom_ws/install/phantomx_pincher_description/share/phantomx_pincher_description/meshes/STL/Canecas/CanecaGrandeConTapaSlide/CFFFP_elevacionCaneca.stl
[0.680s] -- Up-to-date symlink: /home/juan/ros2_ws/phantom_ws/install/phantomx_pincher_description/share/phantomx_pincher_description/meshes/STL/Canecas/CanecaGrandeConTapaSlide/OldVersions/canecaCollision.0002.ipt
[0.680s] -- Up-to-date symlink: /home/juan/ros2_ws/phantom_ws/install/phantomx_pincher_description/share/phantomx_pincher_description/meshes/STL/Canecas/CanecaGrandeConTapaSlide/canecaCollision.ipt
[0.680s] -- Up-to-date symlink: /home/juan/ros2_ws/phantom_ws/install/phantomx_pincher_description/share/phantomx_pincher_description/meshes/STL/Canecas/CanecaGrandeConTapaSlide/canecaCollision.stl
[0.681s] -- Up-to-date symlink: /home/juan/ros2_ws/phantom_ws/install/phantomx_pincher_description/share/phantomx_pincher_description/meshes/STL/Canecas/CanecaGrandeConTapaSlide/canecaGrande.stl
[0.681s] -- Up-to-date symlink: /home/juan/ros2_ws/phantom_ws/install/phantomx_pincher_description/share/phantomx_pincher_description/meshes/STL/Canecas/CanecaGrandeConTapaSlide/elevacionCaneca.ipt
[0.681s] -- Up-to-date symlink: /home/juan/ros2_ws/phantom_ws/install/phantomx_pincher_description/share/phantomx_pincher_description/meshes/STL/Canecas/CanecaGrandeConTapaSlide/elevacionCaneca.stl
[0.681s] -- Up-to-date symlink: /home/juan/ros2_ws/phantom_ws/install/phantomx_pincher_description/share/phantomx_pincher_description/meshes/STL/Canecas/CanecaGrandeConTapaSlide/ensambleCaneca.stl
[0.681s] -- Up-to-date symlink: /home/juan/ros2_ws/phantom_ws/install/phantomx_pincher_description/share/phantomx_pincher_description/meshes/STL/Canecas/CanecaGrandeConTapaSlide/tapaSlide.stl
[0.683s] -- Up-to-date symlink: /home/juan/ros2_ws/phantom_ws/install/phantomx_pincher_description/share/phantomx_pincher_description/meshes/STL/Canecas/OldVersions/escudoUnal.0002.ipt
[0.683s] -- Up-to-date symlink: /home/juan/ros2_ws/phantom_ws/install/phantomx_pincher_description/share/phantomx_pincher_description/meshes/STL/Canecas/escudoUnal.ipt
[0.683s] -- Up-to-date symlink: /home/juan/ros2_ws/phantom_ws/install/phantomx_pincher_description/share/phantomx_pincher_description/meshes/STL/anclajes/CFFFP_anclajeEsquinaCanastilla.stl
[0.683s] -- Up-to-date symlink: /home/juan/ros2_ws/phantom_ws/install/phantomx_pincher_description/share/phantomx_pincher_description/meshes/STL/anclajes/anclajeEsquinaCanastilla.stl
[0.683s] -- Up-to-date symlink: /home/juan/ros2_ws/phantom_ws/install/phantomx_pincher_description/share/phantomx_pincher_description/meshes/STL/anclajes/anclajeEsquinaTapa.stl
[0.683s] -- Up-to-date symlink: /home/juan/ros2_ws/phantom_ws/install/phantomx_pincher_description/share/phantomx_pincher_description/meshes/STL/anclajes/anclajeM10.stl
[0.683s] -- Up-to-date symlink: /home/juan/ros2_ws/phantom_ws/install/phantomx_pincher_description/share/phantomx_pincher_description/meshes/STL/bases/baseElementosFijos.stl
[0.683s] -- Up-to-date symlink: /home/juan/ros2_ws/phantom_ws/install/phantomx_pincher_description/share/phantomx_pincher_description/meshes/STL/cases/caseArbotixM/base.stl
[0.683s] -- Up-to-date symlink: /home/juan/ros2_ws/phantom_ws/install/phantomx_pincher_description/share/phantomx_pincher_description/meshes/STL/cases/caseArbotixM/tapa.stl
[0.683s] -- Up-to-date symlink: /home/juan/ros2_ws/phantom_ws/install/phantomx_pincher_description/share/phantomx_pincher_description/meshes/STL/cases/caseBaseRobot/caseBaseRobot.stl
[0.683s] -- Up-to-date symlink: /home/juan/ros2_ws/phantom_ws/install/phantomx_pincher_description/share/phantomx_pincher_description/meshes/STL/cases/caseBaseRobot/clipAnclajeNumero.stl
[0.683s] -- Up-to-date symlink: /home/juan/ros2_ws/phantom_ws/install/phantomx_pincher_description/share/phantomx_pincher_description/meshes/STL/cases/caseBaseRobot/numerosBases.stl
[0.683s] -- Up-to-date symlink: /home/juan/ros2_ws/phantom_ws/install/phantomx_pincher_description/share/phantomx_pincher_description/meshes/STL/cases/casePowerHub/baseCasePowerHub.stl
[0.685s] -- Up-to-date symlink: /home/juan/ros2_ws/phantom_ws/install/phantomx_pincher_description/share/phantomx_pincher_description/meshes/STL/cases/caseRaspberryPi5/CFFFP_baseCaseRaspberry.3mf
[0.685s] -- Up-to-date symlink: /home/juan/ros2_ws/phantom_ws/install/phantomx_pincher_description/share/phantomx_pincher_description/meshes/STL/cases/caseRaspberryPi5/baseCaseRaspberry.stl
[0.685s] -- Up-to-date symlink: /home/juan/ros2_ws/phantom_ws/install/phantomx_pincher_description/share/phantomx_pincher_description/meshes/STL/cases/caseRaspberryPi5/tapaRaspberry.stl
[0.686s] -- Up-to-date symlink: /home/juan/ros2_ws/phantom_ws/install/phantomx_pincher_description/share/phantomx_pincher_description/meshes/STL/cases/caseRaspberryPi5/tapaSlide.stl
[0.686s] -- Up-to-date symlink: /home/juan/ros2_ws/phantom_ws/install/phantomx_pincher_description/share/phantomx_pincher_description/meshes/STL/cases/caseUSB2Dynamixel/OldVersions/acopleGrande.0001.ipt
[0.686s] -- Up-to-date symlink: /home/juan/ros2_ws/phantom_ws/install/phantomx_pincher_description/share/phantomx_pincher_description/meshes/STL/cases/caseUSB2Dynamixel/OldVersions/acoplePequeño.0002.ipt
[0.686s] -- Up-to-date symlink: /home/juan/ros2_ws/phantom_ws/install/phantomx_pincher_description/share/phantomx_pincher_description/meshes/STL/cases/caseUSB2Dynamixel/OldVersions/baseUBS2.0001.ipt
[0.686s] -- Up-to-date symlink: /home/juan/ros2_ws/phantom_ws/install/phantomx_pincher_description/share/phantomx_pincher_description/meshes/STL/cases/caseUSB2Dynamixel/acopleGrande.stl
[0.686s] -- Up-to-date symlink: /home/juan/ros2_ws/phantom_ws/install/phantomx_pincher_description/share/phantomx_pincher_description/meshes/STL/cases/caseUSB2Dynamixel/acoplePequeño.stl
[0.686s] -- Up-to-date symlink: /home/juan/ros2_ws/phantom_ws/install/phantomx_pincher_description/share/phantomx_pincher_description/meshes/STL/cases/caseUSB2Dynamixel/baseUBS2.stl
[0.686s] -- Up-to-date symlink: /home/juan/ros2_ws/phantom_ws/install/phantomx_pincher_description/share/phantomx_pincher_description/meshes/STL/cases/cases/baseMicroAirPump370A.stl
[0.686s] -- Up-to-date symlink: /home/juan/ros2_ws/phantom_ws/install/phantomx_pincher_description/share/phantomx_pincher_description/meshes/STL/cases/cases/caseBaseRobot.stl
[0.686s] -- Up-to-date symlink: /home/juan/ros2_ws/phantom_ws/install/phantomx_pincher_description/share/phantomx_pincher_description/meshes/STL/cases/cases/caseRaspberryPi5/CFFFP_tapaRaspberry.3mf
[0.686s] -- Up-to-date symlink: /home/juan/ros2_ws/phantom_ws/install/phantomx_pincher_description/share/phantomx_pincher_description/meshes/STL/cases/cases/caseRaspberryPi5/baseCaseRaspberry.stl
[0.686s] -- Up-to-date symlink: /home/juan/ros2_ws/phantom_ws/install/phantomx_pincher_description/share/phantomx_pincher_description/meshes/STL/cases/cases/caseRaspberryPi5/tapaRaspberry.stl
[0.686s] -- Up-to-date symlink: /home/juan/ros2_ws/phantom_ws/install/phantomx_pincher_description/share/phantomx_pincher_description/meshes/STL/cases/cases/tapaMicroAirPump370A.stl
[0.687s] -- Up-to-date symlink: /home/juan/ros2_ws/phantom_ws/install/phantomx_pincher_description/share/phantomx_pincher_description/meshes/STL/cases/microAirpump/caseAirpumpBottom.stl
[0.687s] -- Up-to-date symlink: /home/juan/ros2_ws/phantom_ws/install/phantomx_pincher_description/share/phantomx_pincher_description/meshes/STL/cases/microAirpump/caseAirpumpTop.stl
[0.687s] -- Up-to-date symlink: /home/juan/ros2_ws/phantom_ws/install/phantomx_pincher_description/share/phantomx_pincher_description/meshes/STL/cases/microAirpump/ensambleAirpump.stl
[0.687s] -- Up-to-date symlink: /home/juan/ros2_ws/phantom_ws/install/phantomx_pincher_description/share/phantomx_pincher_description/meshes/STL/escudoUnal.dxf
[0.687s] -- Up-to-date symlink: /home/juan/ros2_ws/phantom_ws/install/phantomx_pincher_description/share/phantomx_pincher_description/meshes/STL/manijas/manija.stl
[0.688s] -- Up-to-date symlink: /home/juan/ros2_ws/phantom_ws/install/phantomx_pincher_description/share/phantomx_pincher_description/meshes/STL/manijas/pataManija.stl
[0.688s] -- Up-to-date symlink: /home/juan/ros2_ws/phantom_ws/install/phantomx_pincher_description/share/phantomx_pincher_description/meshes/STL/objectsToPick/cilinder25Dx25h.stl
[0.688s] -- Up-to-date symlink: /home/juan/ros2_ws/phantom_ws/install/phantomx_pincher_description/share/phantomx_pincher_description/meshes/STL/objectsToPick/cube25x25.stl
[0.688s] -- Up-to-date symlink: /home/juan/ros2_ws/phantom_ws/install/phantomx_pincher_description/share/phantomx_pincher_description/meshes/STL/patas/pataD15mm.stl
[0.688s] -- Up-to-date symlink: /home/juan/ros2_ws/phantom_ws/install/phantomx_pincher_description/share/phantomx_pincher_description/meshes/STL/patas/pataD20mm.stl
[0.688s] -- Up-to-date symlink: /home/juan/ros2_ws/phantom_ws/install/phantomx_pincher_description/share/phantomx_pincher_description/meshes/STL/tubosOvaladosNiquel/Angujo.stl
[0.688s] -- Up-to-date symlink: /home/juan/ros2_ws/phantom_ws/install/phantomx_pincher_description/share/phantomx_pincher_description/meshes/STL/tubosOvaladosNiquel/EncajeABaseConTornilloTuboCloset.stl
[0.689s] -- Up-to-date symlink: /home/juan/ros2_ws/phantom_ws/install/phantomx_pincher_description/share/phantomx_pincher_description/meshes/STL/tubosOvaladosNiquel/EncajeABaseTuboCloset.stl
[0.689s] -- Up-to-date symlink: /home/juan/ros2_ws/phantom_ws/install/phantomx_pincher_description/share/phantomx_pincher_description/meshes/STL/zonasDeRecoleccion/zonaCircular/zonaCircular146mm.stl
[0.689s] -- Symlinking: /home/juan/ros2_ws/phantom_ws/install/phantomx_pincher_description/share/phantomx_pincher_description/meshes/collision/finger.stl
[0.703s] -- Symlinking: /home/juan/ros2_ws/phantom_ws/install/phantomx_pincher_description/share/phantomx_pincher_description/meshes/collision/task_board.stl
[0.717s] -- Symlinking: /home/juan/ros2_ws/phantom_ws/install/phantomx_pincher_description/share/phantomx_pincher_description/meshes/visual/ax12.dae
[0.733s] -- Symlinking: /home/juan/ros2_ws/phantom_ws/install/phantomx_pincher_description/share/phantomx_pincher_description/meshes/visual/f10.dae
[0.752s] -- Symlinking: /home/juan/ros2_ws/phantom_ws/install/phantomx_pincher_description/share/phantomx_pincher_description/meshes/visual/f2.dae
[0.761s] -- Symlinking: /home/juan/ros2_ws/phantom_ws/install/phantomx_pincher_description/share/phantomx_pincher_description/meshes/visual/f3.dae
[0.768s] -- Symlinking: /home/juan/ros2_ws/phantom_ws/install/phantomx_pincher_description/share/phantomx_pincher_description/meshes/visual/f4.dae
[0.775s] -- Symlinking: /home/juan/ros2_ws/phantom_ws/install/phantomx_pincher_description/share/phantomx_pincher_description/meshes/visual/finger.dae
[0.785s] -- Symlinking: /home/juan/ros2_ws/phantom_ws/install/phantomx_pincher_description/share/phantomx_pincher_description/meshes/visual/gripper_base.dae
[0.789s] -- Symlinking: /home/juan/ros2_ws/phantom_ws/install/phantomx_pincher_description/share/phantomx_pincher_description/meshes/visual/phantomx_pincher_mount.dae
[0.794s] -- Symlinking: /home/juan/ros2_ws/phantom_ws/install/phantomx_pincher_description/share/phantomx_pincher_description/meshes/visual/task_board.dae
[0.799s] -- Symlinking: /home/juan/ros2_ws/phantom_ws/install/phantomx_pincher_description/share/phantomx_pincher_description/meshes/visual/task_board_module_phantomx_pincher_mount.dae
[0.805s] -- Up-to-date symlink: /home/juan/ros2_ws/phantom_ws/install/phantomx_pincher_description/share/phantomx_pincher_description/rviz/view.rviz
[0.805s] -- Up-to-date symlink: /home/juan/ros2_ws/phantom_ws/install/phantomx_pincher_description/share/phantomx_pincher_description/urdf/kit.xacro
[0.806s] -- Up-to-date symlink: /home/juan/ros2_ws/phantom_ws/install/phantomx_pincher_description/share/phantomx_pincher_description/urdf/phantomx_pincher.gazebo
[0.806s] -- Up-to-date symlink: /home/juan/ros2_ws/phantom_ws/install/phantomx_pincher_description/share/phantomx_pincher_description/urdf/phantomx_pincher.ros2_control
[0.806s] -- Up-to-date symlink: /home/juan/ros2_ws/phantom_ws/install/phantomx_pincher_description/share/phantomx_pincher_description/urdf/phantomx_pincher.urdf
[0.806s] -- Up-to-date symlink: /home/juan/ros2_ws/phantom_ws/install/phantomx_pincher_description/share/phantomx_pincher_description/urdf/phantomx_pincher.urdf.xacro
[0.807s] -- Up-to-date symlink: /home/juan/ros2_ws/phantom_ws/install/phantomx_pincher_description/share/phantomx_pincher_description/urdf/phantomx_pincher_arm.xacro
[0.807s] -- Up-to-date symlink: /home/juan/ros2_ws/phantom_ws/install/phantomx_pincher_description/share/phantomx_pincher_description/urdf/phantomx_pincher_hardware.xacro
[0.807s] -- Up-to-date symlink: /home/juan/ros2_ws/phantom_ws/install/phantomx_pincher_description/share/phantomx_pincher_description/urdf/phantomx_pincher_inertial.xacro
[0.807s] -- Up-to-date symlink: /home/juan/ros2_ws/phantom_ws/install/phantomx_pincher_description/share/phantomx_pincher_description/urdf/phantomx_pincher_mounting.xacro
[0.808s] -- Up-to-date symlink: /home/juan/ros2_ws/phantom_ws/install/phantomx_pincher_description/share/phantomx_pincher_description/urdf/phantomx_pincher_utils.xacro
[0.808s] -- Symlinking: /home/juan/ros2_ws/phantom_ws/install/phantomx_pincher_description/share/phantomx_pincher_description/meshes/DAE/Canecas/CanecaGrandeConTapaSlide/CFFFP_elevacionCaneca.dae
[0.811s] -- Symlinking: /home/juan/ros2_ws/phantom_ws/install/phantomx_pincher_description/share/phantomx_pincher_description/meshes/DAE/Canecas/CanecaGrandeConTapaSlide/canecaGrande.dae
[0.818s] -- Symlinking: /home/juan/ros2_ws/phantom_ws/install/phantomx_pincher_description/share/phantomx_pincher_description/meshes/DAE/Canecas/CanecaGrandeConTapaSlide/elevacionCaneca.dae
[0.821s] -- Symlinking: /home/juan/ros2_ws/phantom_ws/install/phantomx_pincher_description/share/phantomx_pincher_description/meshes/DAE/Canecas/CanecaGrandeConTapaSlide/tapaSlide.dae
[0.826s] -- Symlinking: /home/juan/ros2_ws/phantom_ws/install/phantomx_pincher_description/share/phantomx_pincher_description/meshes/DAE/anclajes/CFFFP_anclajeEsquinaCanastilla.dae
[0.831s] -- Symlinking: /home/juan/ros2_ws/phantom_ws/install/phantomx_pincher_description/share/phantomx_pincher_description/meshes/DAE/anclajes/anclajeEsquinaCanastilla.dae
[0.836s] -- Symlinking: /home/juan/ros2_ws/phantom_ws/install/phantomx_pincher_description/share/phantomx_pincher_description/meshes/DAE/anclajes/anclajeEsquinaTapa.dae
[0.841s] -- Symlinking: /home/juan/ros2_ws/phantom_ws/install/phantomx_pincher_description/share/phantomx_pincher_description/meshes/DAE/anclajes/anclajeM10.dae
[0.854s] -- Symlinking: /home/juan/ros2_ws/phantom_ws/install/phantomx_pincher_description/share/phantomx_pincher_description/meshes/DAE/bases/baseElementosFijos.dae
[0.861s] -- Symlinking: /home/juan/ros2_ws/phantom_ws/install/phantomx_pincher_description/share/phantomx_pincher_description/meshes/DAE/cases/caseArbotixM/base.dae
[0.866s] -- Symlinking: /home/juan/ros2_ws/phantom_ws/install/phantomx_pincher_description/share/phantomx_pincher_description/meshes/DAE/cases/caseArbotixM/tapa.dae
[0.871s] -- Symlinking: /home/juan/ros2_ws/phantom_ws/install/phantomx_pincher_description/share/phantomx_pincher_description/meshes/DAE/cases/caseBaseRobot/caseBaseRobot.dae
[0.876s] -- Symlinking: /home/juan/ros2_ws/phantom_ws/install/phantomx_pincher_description/share/phantomx_pincher_description/meshes/DAE/cases/caseBaseRobot/clipAnclajeNumero.dae
[0.881s] -- Symlinking: /home/juan/ros2_ws/phantom_ws/install/phantomx_pincher_description/share/phantomx_pincher_description/meshes/DAE/cases/caseBaseRobot/numerosBases.dae
[0.886s] -- Symlinking: /home/juan/ros2_ws/phantom_ws/install/phantomx_pincher_description/share/phantomx_pincher_description/meshes/DAE/cases/casePowerHub/baseCasePowerHub.dae
[0.891s] -- Symlinking: /home/juan/ros2_ws/phantom_ws/install/phantomx_pincher_description/share/phantomx_pincher_description/meshes/DAE/cases/caseRaspberryPi5/baseCaseRaspberry.dae
[0.902s] -- Symlinking: /home/juan/ros2_ws/phantom_ws/install/phantomx_pincher_description/share/phantomx_pincher_description/meshes/DAE/cases/caseRaspberryPi5/tapaRaspberry.dae
[0.909s] -- Symlinking: /home/juan/ros2_ws/phantom_ws/install/phantomx_pincher_description/share/phantomx_pincher_description/meshes/DAE/cases/caseRaspberryPi5/tapaSlide.dae
[0.914s] -- Symlinking: /home/juan/ros2_ws/phantom_ws/install/phantomx_pincher_description/share/phantomx_pincher_description/meshes/DAE/cases/caseUSB2Dynamixel/acopleGrande.dae
[0.919s] -- Symlinking: /home/juan/ros2_ws/phantom_ws/install/phantomx_pincher_description/share/phantomx_pincher_description/meshes/DAE/cases/caseUSB2Dynamixel/acoplePequeño.dae
[0.924s] -- Symlinking: /home/juan/ros2_ws/phantom_ws/install/phantomx_pincher_description/share/phantomx_pincher_description/meshes/DAE/cases/caseUSB2Dynamixel/baseUBS2.dae
[0.929s] -- Symlinking: /home/juan/ros2_ws/phantom_ws/install/phantomx_pincher_description/share/phantomx_pincher_description/meshes/DAE/cases/cases/baseMicroAirPump370A.dae
[0.935s] -- Symlinking: /home/juan/ros2_ws/phantom_ws/install/phantomx_pincher_description/share/phantomx_pincher_description/meshes/DAE/cases/cases/caseBaseRobot.dae
[0.939s] -- Symlinking: /home/juan/ros2_ws/phantom_ws/install/phantomx_pincher_description/share/phantomx_pincher_description/meshes/DAE/cases/cases/caseRaspberryPi5/baseCaseRaspberry.dae
[0.949s] -- Symlinking: /home/juan/ros2_ws/phantom_ws/install/phantomx_pincher_description/share/phantomx_pincher_description/meshes/DAE/cases/cases/caseRaspberryPi5/tapaRaspberry.dae
[0.952s] -- Symlinking: /home/juan/ros2_ws/phantom_ws/install/phantomx_pincher_description/share/phantomx_pincher_description/meshes/DAE/cases/cases/tapaMicroAirPump370A.dae
[0.957s] -- Symlinking: /home/juan/ros2_ws/phantom_ws/install/phantomx_pincher_description/share/phantomx_pincher_description/meshes/DAE/cases/microAirpump/caseAirpumpBottom.dae
[0.963s] -- Symlinking: /home/juan/ros2_ws/phantom_ws/install/phantomx_pincher_description/share/phantomx_pincher_description/meshes/DAE/cases/microAirpump/caseAirpumpTop.dae
[0.969s] -- Symlinking: /home/juan/ros2_ws/phantom_ws/install/phantomx_pincher_description/share/phantomx_pincher_description/meshes/DAE/manijas/manija.dae
[0.973s] -- Symlinking: /home/juan/ros2_ws/phantom_ws/install/phantomx_pincher_description/share/phantomx_pincher_description/meshes/DAE/manijas/pataManija.dae
[0.978s] -- Symlinking: /home/juan/ros2_ws/phantom_ws/install/phantomx_pincher_description/share/phantomx_pincher_description/meshes/DAE/objectsToPick/cilinder25Dx25h.dae
[0.984s] -- Symlinking: /home/juan/ros2_ws/phantom_ws/install/phantomx_pincher_description/share/phantomx_pincher_description/meshes/DAE/objectsToPick/cube25x25.dae
[0.990s] -- Symlinking: /home/juan/ros2_ws/phantom_ws/install/phantomx_pincher_description/share/phantomx_pincher_description/meshes/DAE/patas/pataD15mm.dae
[0.997s] -- Symlinking: /home/juan/ros2_ws/phantom_ws/install/phantomx_pincher_description/share/phantomx_pincher_description/meshes/DAE/patas/pataD20mm.dae
[1.006s] -- Symlinking: /home/juan/ros2_ws/phantom_ws/install/phantomx_pincher_description/share/phantomx_pincher_description/meshes/DAE/tubosOvaladosNiquel/Angujo.dae
[1.023s] -- Symlinking: /home/juan/ros2_ws/phantom_ws/install/phantomx_pincher_description/share/phantomx_pincher_description/meshes/DAE/tubosOvaladosNiquel/EncajeABaseTuboCloset.dae
[1.035s] -- Symlinking: /home/juan/ros2_ws/phantom_ws/install/phantomx_pincher_description/share/phantomx_pincher_description/meshes/DAE/zonasDeRecoleccion/zonaCircular/zonaCircular146mm.dae
[1.040s] -- Up-to-date symlink: /home/juan/ros2_ws/phantom_ws/install/phantomx_pincher_description/share/phantomx_pincher_description/meshes/STL/baseElementosFijos.stl
[1.040s] -- Up-to-date symlink: /home/juan/ros2_ws/phantom_ws/install/phantomx_pincher_description/share/phantomx_pincher_description/meshes/STL/canecaGrande.stl
[1.040s] -- Up-to-date symlink: /home/juan/ros2_ws/phantom_ws/install/phantomx_pincher_description/share/phantomx_pincher_description/meshes/STL/caseBaseRobot.stl
[1.041s] -- Up-to-date symlink: /home/juan/ros2_ws/phantom_ws/install/phantomx_pincher_description/share/phantomx_pincher_description/meshes/STL/ensambleAirpump.stl
[1.041s] -- Up-to-date symlink: /home/juan/ros2_ws/phantom_ws/install/phantomx_pincher_description/share/phantomx_pincher_description/meshes/STL/ensambleCaneca.stl
[1.041s] -- Up-to-date symlink: /home/juan/ros2_ws/phantom_ws/install/phantomx_pincher_description/share/phantomx_pincher_description/meshes/STL/manija.stl
[1.044s] -- Up-to-date symlink: /home/juan/ros2_ws/phantom_ws/install/phantomx_pincher_description/share/phantomx_pincher_description/meshes/STL/zonaCircular146mm.stl
[1.044s] -- Symlinking: /home/juan/ros2_ws/phantom_ws/install/phantomx_pincher_description/share/phantomx_pincher_description/meshes/collision/finger.stl
[1.054s] -- Symlinking: /home/juan/ros2_ws/phantom_ws/install/phantomx_pincher_description/share/phantomx_pincher_description/meshes/collision/task_board.stl
[1.062s] -- Symlinking: /home/juan/ros2_ws/phantom_ws/install/phantomx_pincher_description/share/phantomx_pincher_description/meshes/visual/ax12.dae
[1.066s] -- Symlinking: /home/juan/ros2_ws/phantom_ws/install/phantomx_pincher_description/share/phantomx_pincher_description/meshes/visual/f10.dae
[1.072s] -- Symlinking: /home/juan/ros2_ws/phantom_ws/install/phantomx_pincher_description/share/phantomx_pincher_description/meshes/visual/f2.dae
[1.079s] -- Symlinking: /home/juan/ros2_ws/phantom_ws/install/phantomx_pincher_description/share/phantomx_pincher_description/meshes/visual/f3.dae
[1.088s] -- Symlinking: /home/juan/ros2_ws/phantom_ws/install/phantomx_pincher_description/share/phantomx_pincher_description/meshes/visual/f4.dae
[1.093s] -- Symlinking: /home/juan/ros2_ws/phantom_ws/install/phantomx_pincher_description/share/phantomx_pincher_description/meshes/visual/finger.dae
[1.098s] -- Symlinking: /home/juan/ros2_ws/phantom_ws/install/phantomx_pincher_description/share/phantomx_pincher_description/meshes/visual/gripper_base.dae
[1.104s] -- Symlinking: /home/juan/ros2_ws/phantom_ws/install/phantomx_pincher_description/share/phantomx_pincher_description/meshes/visual/phantomx_pincher_mount.dae
[1.109s] -- Symlinking: /home/juan/ros2_ws/phantom_ws/install/phantomx_pincher_description/share/phantomx_pincher_description/meshes/visual/task_board.dae
[1.115s] -- Symlinking: /home/juan/ros2_ws/phantom_ws/install/phantomx_pincher_description/share/phantomx_pincher_description/meshes/visual/task_board_module_phantomx_pincher_mount.dae
[1.121s] -- Up-to-date symlink: /home/juan/ros2_ws/phantom_ws/install/phantomx_pincher_description/share/phantomx_pincher_description/environment/phantomx_pincher_description.dsv
[1.121s] -- Up-to-date symlink: /home/juan/ros2_ws/phantom_ws/install/phantomx_pincher_description/share/phantomx_pincher_description/environment/phantomx_pincher_description.sh
[1.122s] -- Up-to-date symlink: /home/juan/ros2_ws/phantom_ws/install/phantomx_pincher_description/share/ament_index/resource_index/package_run_dependencies/phantomx_pincher_description
[1.123s] -- Up-to-date symlink: /home/juan/ros2_ws/phantom_ws/install/phantomx_pincher_description/share/ament_index/resource_index/parent_prefix_path/phantomx_pincher_description
[1.123s] -- Up-to-date symlink: /home/juan/ros2_ws/phantom_ws/install/phantomx_pincher_description/share/phantomx_pincher_description/environment/ament_prefix_path.sh
[1.123s] -- Up-to-date symlink: /home/juan/ros2_ws/phantom_ws/install/phantomx_pincher_description/share/phantomx_pincher_description/environment/ament_prefix_path.dsv
[1.123s] -- Up-to-date symlink: /home/juan/ros2_ws/phantom_ws/install/phantomx_pincher_description/share/phantomx_pincher_description/environment/path.sh
[1.123s] -- Up-to-date symlink: /home/juan/ros2_ws/phantom_ws/install/phantomx_pincher_description/share/phantomx_pincher_description/environment/path.dsv
[1.123s] -- Up-to-date symlink: /home/juan/ros2_ws/phantom_ws/install/phantomx_pincher_description/share/phantomx_pincher_description/local_setup.bash
[1.124s] -- Up-to-date symlink: /home/juan/ros2_ws/phantom_ws/install/phantomx_pincher_description/share/phantomx_pincher_description/local_setup.sh
[1.124s] -- Up-to-date symlink: /home/juan/ros2_ws/phantom_ws/install/phantomx_pincher_description/share/phantomx_pincher_description/local_setup.zsh
[1.124s] -- Up-to-date symlink: /home/juan/ros2_ws/phantom_ws/install/phantomx_pincher_description/share/phantomx_pincher_description/local_setup.dsv
[1.125s] -- Symlinking: /home/juan/ros2_ws/phantom_ws/install/phantomx_pincher_description/share/phantomx_pincher_description/package.dsv
[1.134s] -- Up-to-date symlink: /home/juan/ros2_ws/phantom_ws/install/phantomx_pincher_description/share/ament_index/resource_index/packages/phantomx_pincher_description
[1.134s] -- Up-to-date symlink: /home/juan/ros2_ws/phantom_ws/install/phantomx_pincher_description/share/phantomx_pincher_description/cmake/phantomx_pincher_descriptionConfig.cmake
[1.134s] -- Up-to-date symlink: /home/juan/ros2_ws/phantom_ws/install/phantomx_pincher_description/share/phantomx_pincher_description/cmake/phantomx_pincher_descriptionConfig-version.cmake
[1.134s] -- Up-to-date symlink: /home/juan/ros2_ws/phantom_ws/install/phantomx_pincher_description/share/phantomx_pincher_description/package.xml
[1.258s] Invoked command in '/home/juan/ros2_ws/phantom_ws/build/phantomx_pincher_description' returned '0': CMAKE_PREFIX_PATH=${CMAKE_PREFIX_PATH}:/home/juan/ros2_ws/phantom_ws/install/pincher_description:/home/juan/ros2_ws/phantom_ws/install/pincher_control:/opt/ros/humble /usr/bin/cmake --install /home/juan/ros2_ws/phantom_ws/build/phantomx_pincher_description
