[0.012s] Invoking command in '/home/juan/ros2_ws/phantom_ws/build/phantomx_pincher_description': CMAKE_PREFIX_PATH=/opt/ros/humble /usr/bin/cmake --build /home/juan/ros2_ws/phantom_ws/build/phantomx_pincher_description -- -j2 -l2
[0.216s] Invoked command in '/home/juan/ros2_ws/phantom_ws/build/phantomx_pincher_description' returned '0': CMAKE_PREFIX_PATH=/opt/ros/humble /usr/bin/cmake --build /home/juan/ros2_ws/phantom_ws/build/phantomx_pincher_description -- -j2 -l2
[0.225s] Invoking command in '/home/juan/ros2_ws/phantom_ws/build/phantomx_pincher_description': CMAKE_PREFIX_PATH=/opt/ros/humble /usr/bin/cmake --install /home/juan/ros2_ws/phantom_ws/build/phantomx_pincher_description
[0.227s] -- Install configuration: ""
[0.227s] -- Execute custom install script
[0.227s] -- Up-to-date symlink: /home/juan/ros2_ws/phantom_ws/install/phantomx_pincher_description/lib/phantomx_pincher_description/xacro2sdf_direct.bash
[0.228s] -- Up-to-date symlink: /home/juan/ros2_ws/phantom_ws/install/phantomx_pincher_description/lib/phantomx_pincher_description/xacro2sdf.bash
[0.228s] -- Up-to-date symlink: /home/juan/ros2_ws/phantom_ws/install/phantomx_pincher_description/lib/phantomx_pincher_description/xacro2urdf.bash
[0.228s] -- Up-to-date symlink: /home/juan/ros2_ws/phantom_ws/install/phantomx_pincher_description/share/phantomx_pincher_description/config/initial_joint_positions.yaml
[0.228s] -- Up-to-date symlink: /home/juan/ros2_ws/phantom_ws/install/phantomx_pincher_description/share/phantomx_pincher_description/launch/display.launch.py
[0.229s] -- Up-to-date symlink: /home/juan/ros2_ws/phantom_ws/install/phantomx_pincher_description/share/phantomx_pincher_description/launch/view.launch.py
[0.229s] -- Up-to-date symlink: /home/juan/ros2_ws/phantom_ws/install/phantomx_pincher_description/share/phantomx_pincher_description/launch/view_gz.launch.py
[0.231s] -- Up-to-date symlink: /home/juan/ros2_ws/phantom_ws/install/phantomx_pincher_description/share/phantomx_pincher_description/phantomx_pincher/meshes/DAE/Canecas/CanecaGrandeConTapaSlide/CFFFP_elevacionCaneca.dae
[0.231s] -- Up-to-date symlink: /home/juan/ros2_ws/phantom_ws/install/phantomx_pincher_description/share/phantomx_pincher_description/phantomx_pincher/meshes/DAE/Canecas/CanecaGrandeConTapaSlide/canecaGrande.dae
[0.231s] -- Up-to-date symlink: /home/juan/ros2_ws/phantom_ws/install/phantomx_pincher_description/share/phantomx_pincher_description/phantomx_pincher/meshes/DAE/Canecas/CanecaGrandeConTapaSlide/elevacionCaneca.dae
[0.231s] -- Up-to-date symlink: /home/juan/ros2_ws/phantom_ws/install/phantomx_pincher_description/share/phantomx_pincher_description/phantomx_pincher/meshes/DAE/Canecas/CanecaGrandeConTapaSlide/tapaSlide.dae
[0.231s] -- Up-to-date symlink: /home/juan/ros2_ws/phantom_ws/install/phantomx_pincher_description/share/phantomx_pincher_description/phantomx_pincher/meshes/DAE/anclajes/CFFFP_anclajeEsquinaCanastilla.dae
[0.232s] -- Up-to-date symlink: /home/juan/ros2_ws/phantom_ws/install/phantomx_pincher_description/share/phantomx_pincher_description/phantomx_pincher/meshes/DAE/anclajes/anclajeEsquinaCanastilla.dae
[0.232s] -- Up-to-date symlink: /home/juan/ros2_ws/phantom_ws/install/phantomx_pincher_description/share/phantomx_pincher_description/phantomx_pincher/meshes/DAE/anclajes/anclajeEsquinaTapa.dae
[0.232s] -- Up-to-date symlink: /home/juan/ros2_ws/phantom_ws/install/phantomx_pincher_description/share/phantomx_pincher_description/phantomx_pincher/meshes/DAE/anclajes/anclajeM10.dae
[0.232s] -- Up-to-date symlink: /home/juan/ros2_ws/phantom_ws/install/phantomx_pincher_description/share/phantomx_pincher_description/phantomx_pincher/meshes/DAE/bases/baseElementosFijos.dae
[0.232s] -- Up-to-date symlink: /home/juan/ros2_ws/phantom_ws/install/phantomx_pincher_description/share/phantomx_pincher_description/phantomx_pincher/meshes/DAE/cases/caseArbotixM/base.dae
[0.232s] -- Up-to-date symlink: /home/juan/ros2_ws/phantom_ws/install/phantomx_pincher_description/share/phantomx_pincher_description/phantomx_pincher/meshes/DAE/cases/caseArbotixM/tapa.dae
[0.232s] -- Up-to-date symlink: /home/juan/ros2_ws/phantom_ws/install/phantomx_pincher_description/share/phantomx_pincher_description/phantomx_pincher/meshes/DAE/cases/caseBaseRobot/caseBaseRobot.dae
[0.233s] -- Up-to-date symlink: /home/juan/ros2_ws/phantom_ws/install/phantomx_pincher_description/share/phantomx_pincher_description/phantomx_pincher/meshes/DAE/cases/caseBaseRobot/clipAnclajeNumero.dae
[0.233s] -- Up-to-date symlink: /home/juan/ros2_ws/phantom_ws/install/phantomx_pincher_description/share/phantomx_pincher_description/phantomx_pincher/meshes/DAE/cases/caseBaseRobot/numerosBases.dae
[0.233s] -- Up-to-date symlink: /home/juan/ros2_ws/phantom_ws/install/phantomx_pincher_description/share/phantomx_pincher_description/phantomx_pincher/meshes/DAE/cases/casePowerHub/baseCasePowerHub.dae
[0.233s] -- Up-to-date symlink: /home/juan/ros2_ws/phantom_ws/install/phantomx_pincher_description/share/phantomx_pincher_description/phantomx_pincher/meshes/DAE/cases/caseRaspberryPi5/baseCaseRaspberry.dae
[0.233s] -- Up-to-date symlink: /home/juan/ros2_ws/phantom_ws/install/phantomx_pincher_description/share/phantomx_pincher_description/phantomx_pincher/meshes/DAE/cases/caseRaspberryPi5/tapaRaspberry.dae
[0.233s] -- Up-to-date symlink: /home/juan/ros2_ws/phantom_ws/install/phantomx_pincher_description/share/phantomx_pincher_description/phantomx_pincher/meshes/DAE/cases/caseRaspberryPi5/tapaSlide.dae
[0.234s] -- Up-to-date symlink: /home/juan/ros2_ws/phantom_ws/install/phantomx_pincher_description/share/phantomx_pincher_description/phantomx_pincher/meshes/DAE/cases/caseUSB2Dynamixel/acopleGrande.dae
[0.234s] -- Up-to-date symlink: /home/juan/ros2_ws/phantom_ws/install/phantomx_pincher_description/share/phantomx_pincher_description/phantomx_pincher/meshes/DAE/cases/caseUSB2Dynamixel/acoplePequeño.dae
[0.234s] -- Up-to-date symlink: /home/juan/ros2_ws/phantom_ws/install/phantomx_pincher_description/share/phantomx_pincher_description/phantomx_pincher/meshes/DAE/cases/caseUSB2Dynamixel/baseUBS2.dae
[0.234s] -- Up-to-date symlink: /home/juan/ros2_ws/phantom_ws/install/phantomx_pincher_description/share/phantomx_pincher_description/phantomx_pincher/meshes/DAE/cases/cases/baseMicroAirPump370A.dae
[0.234s] -- Up-to-date symlink: /home/juan/ros2_ws/phantom_ws/install/phantomx_pincher_description/share/phantomx_pincher_description/phantomx_pincher/meshes/DAE/cases/cases/caseBaseRobot.dae
[0.234s] -- Up-to-date symlink: /home/juan/ros2_ws/phantom_ws/install/phantomx_pincher_description/share/phantomx_pincher_description/phantomx_pincher/meshes/DAE/cases/cases/caseRaspberryPi5/baseCaseRaspberry.dae
[0.234s] -- Up-to-date symlink: /home/juan/ros2_ws/phantom_ws/install/phantomx_pincher_description/share/phantomx_pincher_description/phantomx_pincher/meshes/DAE/cases/cases/caseRaspberryPi5/tapaRaspberry.dae
[0.235s] -- Up-to-date symlink: /home/juan/ros2_ws/phantom_ws/install/phantomx_pincher_description/share/phantomx_pincher_description/phantomx_pincher/meshes/DAE/cases/cases/tapaMicroAirPump370A.dae
[0.235s] -- Up-to-date symlink: /home/juan/ros2_ws/phantom_ws/install/phantomx_pincher_description/share/phantomx_pincher_description/phantomx_pincher/meshes/DAE/cases/microAirpump/caseAirpumpBottom.dae
[0.235s] -- Up-to-date symlink: /home/juan/ros2_ws/phantom_ws/install/phantomx_pincher_description/share/phantomx_pincher_description/phantomx_pincher/meshes/DAE/cases/microAirpump/caseAirpumpTop.dae
[0.235s] -- Up-to-date symlink: /home/juan/ros2_ws/phantom_ws/install/phantomx_pincher_description/share/phantomx_pincher_description/phantomx_pincher/meshes/DAE/manijas/manija.dae
[0.235s] -- Up-to-date symlink: /home/juan/ros2_ws/phantom_ws/install/phantomx_pincher_description/share/phantomx_pincher_description/phantomx_pincher/meshes/DAE/manijas/pataManija.dae
[0.235s] -- Up-to-date symlink: /home/juan/ros2_ws/phantom_ws/install/phantomx_pincher_description/share/phantomx_pincher_description/phantomx_pincher/meshes/DAE/objectsToPick/cilinder25Dx25h.dae
[0.235s] -- Up-to-date symlink: /home/juan/ros2_ws/phantom_ws/install/phantomx_pincher_description/share/phantomx_pincher_description/phantomx_pincher/meshes/DAE/objectsToPick/cube25x25.dae
[0.236s] -- Up-to-date symlink: /home/juan/ros2_ws/phantom_ws/install/phantomx_pincher_description/share/phantomx_pincher_description/phantomx_pincher/meshes/DAE/patas/pataD15mm.dae
[0.236s] -- Up-to-date symlink: /home/juan/ros2_ws/phantom_ws/install/phantomx_pincher_description/share/phantomx_pincher_description/phantomx_pincher/meshes/DAE/patas/pataD20mm.dae
[0.236s] -- Up-to-date symlink: /home/juan/ros2_ws/phantom_ws/install/phantomx_pincher_description/share/phantomx_pincher_description/phantomx_pincher/meshes/DAE/tubosOvaladosNiquel/Angujo.dae
[0.236s] -- Up-to-date symlink: /home/juan/ros2_ws/phantom_ws/install/phantomx_pincher_description/share/phantomx_pincher_description/phantomx_pincher/meshes/DAE/tubosOvaladosNiquel/EncajeABaseTuboCloset.dae
[0.236s] -- Up-to-date symlink: /home/juan/ros2_ws/phantom_ws/install/phantomx_pincher_description/share/phantomx_pincher_description/phantomx_pincher/meshes/DAE/zonasDeRecoleccion/zonaCircular/zonaCircular146mm.dae
[0.236s] -- Up-to-date symlink: /home/juan/ros2_ws/phantom_ws/install/phantomx_pincher_description/share/phantomx_pincher_description/phantomx_pincher/meshes/STL/Canecas/CanecaGrandeConTapaSlide/CFFFP_elevacionCaneca.stl
[0.236s] -- Up-to-date symlink: /home/juan/ros2_ws/phantom_ws/install/phantomx_pincher_description/share/phantomx_pincher_description/phantomx_pincher/meshes/STL/Canecas/CanecaGrandeConTapaSlide/OldVersions/canecaCollision.0002.ipt
[0.237s] -- Up-to-date symlink: /home/juan/ros2_ws/phantom_ws/install/phantomx_pincher_description/share/phantomx_pincher_description/phantomx_pincher/meshes/STL/Canecas/CanecaGrandeConTapaSlide/canecaCollision.ipt
[0.237s] -- Up-to-date symlink: /home/juan/ros2_ws/phantom_ws/install/phantomx_pincher_description/share/phantomx_pincher_description/phantomx_pincher/meshes/STL/Canecas/CanecaGrandeConTapaSlide/canecaCollision.stl
[0.237s] -- Up-to-date symlink: /home/juan/ros2_ws/phantom_ws/install/phantomx_pincher_description/share/phantomx_pincher_description/phantomx_pincher/meshes/STL/Canecas/CanecaGrandeConTapaSlide/canecaGrande.stl
[0.237s] -- Up-to-date symlink: /home/juan/ros2_ws/phantom_ws/install/phantomx_pincher_description/share/phantomx_pincher_description/phantomx_pincher/meshes/STL/Canecas/CanecaGrandeConTapaSlide/elevacionCaneca.ipt
[0.237s] -- Up-to-date symlink: /home/juan/ros2_ws/phantom_ws/install/phantomx_pincher_description/share/phantomx_pincher_description/phantomx_pincher/meshes/STL/Canecas/CanecaGrandeConTapaSlide/elevacionCaneca.stl
[0.237s] -- Up-to-date symlink: /home/juan/ros2_ws/phantom_ws/install/phantomx_pincher_description/share/phantomx_pincher_description/phantomx_pincher/meshes/STL/Canecas/CanecaGrandeConTapaSlide/ensambleCaneca.stl
[0.237s] -- Up-to-date symlink: /home/juan/ros2_ws/phantom_ws/install/phantomx_pincher_description/share/phantomx_pincher_description/phantomx_pincher/meshes/STL/Canecas/CanecaGrandeConTapaSlide/tapaSlide.stl
[0.237s] -- Up-to-date symlink: /home/juan/ros2_ws/phantom_ws/install/phantomx_pincher_description/share/phantomx_pincher_description/phantomx_pincher/meshes/STL/Canecas/OldVersions/escudoUnal.0002.ipt
[0.238s] -- Up-to-date symlink: /home/juan/ros2_ws/phantom_ws/install/phantomx_pincher_description/share/phantomx_pincher_description/phantomx_pincher/meshes/STL/Canecas/escudoUnal.ipt
[0.238s] -- Up-to-date symlink: /home/juan/ros2_ws/phantom_ws/install/phantomx_pincher_description/share/phantomx_pincher_description/phantomx_pincher/meshes/STL/anclajes/CFFFP_anclajeEsquinaCanastilla.stl
[0.238s] -- Up-to-date symlink: /home/juan/ros2_ws/phantom_ws/install/phantomx_pincher_description/share/phantomx_pincher_description/phantomx_pincher/meshes/STL/anclajes/anclajeEsquinaCanastilla.stl
[0.238s] -- Up-to-date symlink: /home/juan/ros2_ws/phantom_ws/install/phantomx_pincher_description/share/phantomx_pincher_description/phantomx_pincher/meshes/STL/anclajes/anclajeEsquinaTapa.stl
[0.238s] -- Up-to-date symlink: /home/juan/ros2_ws/phantom_ws/install/phantomx_pincher_description/share/phantomx_pincher_description/phantomx_pincher/meshes/STL/anclajes/anclajeM10.stl
[0.238s] -- Up-to-date symlink: /home/juan/ros2_ws/phantom_ws/install/phantomx_pincher_description/share/phantomx_pincher_description/phantomx_pincher/meshes/STL/bases/baseElementosFijos.stl
[0.239s] -- Up-to-date symlink: /home/juan/ros2_ws/phantom_ws/install/phantomx_pincher_description/share/phantomx_pincher_description/phantomx_pincher/meshes/STL/cases/caseArbotixM/base.stl
[0.239s] -- Up-to-date symlink: /home/juan/ros2_ws/phantom_ws/install/phantomx_pincher_description/share/phantomx_pincher_description/phantomx_pincher/meshes/STL/cases/caseArbotixM/tapa.stl
[0.239s] -- Up-to-date symlink: /home/juan/ros2_ws/phantom_ws/install/phantomx_pincher_description/share/phantomx_pincher_description/phantomx_pincher/meshes/STL/cases/caseBaseRobot/caseBaseRobot.stl
[0.239s] -- Up-to-date symlink: /home/juan/ros2_ws/phantom_ws/install/phantomx_pincher_description/share/phantomx_pincher_description/phantomx_pincher/meshes/STL/cases/caseBaseRobot/clipAnclajeNumero.stl
[0.239s] -- Up-to-date symlink: /home/juan/ros2_ws/phantom_ws/install/phantomx_pincher_description/share/phantomx_pincher_description/phantomx_pincher/meshes/STL/cases/caseBaseRobot/numerosBases.stl
[0.239s] -- Up-to-date symlink: /home/juan/ros2_ws/phantom_ws/install/phantomx_pincher_description/share/phantomx_pincher_description/phantomx_pincher/meshes/STL/cases/casePowerHub/baseCasePowerHub.stl
[0.239s] -- Up-to-date symlink: /home/juan/ros2_ws/phantom_ws/install/phantomx_pincher_description/share/phantomx_pincher_description/phantomx_pincher/meshes/STL/cases/caseRaspberryPi5/CFFFP_baseCaseRaspberry.3mf
[0.240s] -- Up-to-date symlink: /home/juan/ros2_ws/phantom_ws/install/phantomx_pincher_description/share/phantomx_pincher_description/phantomx_pincher/meshes/STL/cases/caseRaspberryPi5/baseCaseRaspberry.stl
[0.240s] -- Up-to-date symlink: /home/juan/ros2_ws/phantom_ws/install/phantomx_pincher_description/share/phantomx_pincher_description/phantomx_pincher/meshes/STL/cases/caseRaspberryPi5/tapaRaspberry.stl
[0.242s] -- Up-to-date symlink: /home/juan/ros2_ws/phantom_ws/install/phantomx_pincher_description/share/phantomx_pincher_description/phantomx_pincher/meshes/STL/cases/caseRaspberryPi5/tapaSlide.stl
[0.242s] -- Up-to-date symlink: /home/juan/ros2_ws/phantom_ws/install/phantomx_pincher_description/share/phantomx_pincher_description/phantomx_pincher/meshes/STL/cases/caseUSB2Dynamixel/OldVersions/acopleGrande.0001.ipt
[0.242s] -- Up-to-date symlink: /home/juan/ros2_ws/phantom_ws/install/phantomx_pincher_description/share/phantomx_pincher_description/phantomx_pincher/meshes/STL/cases/caseUSB2Dynamixel/OldVersions/acoplePequeño.0002.ipt
[0.242s] -- Up-to-date symlink: /home/juan/ros2_ws/phantom_ws/install/phantomx_pincher_description/share/phantomx_pincher_description/phantomx_pincher/meshes/STL/cases/caseUSB2Dynamixel/OldVersions/baseUBS2.0001.ipt
[0.242s] -- Up-to-date symlink: /home/juan/ros2_ws/phantom_ws/install/phantomx_pincher_description/share/phantomx_pincher_description/phantomx_pincher/meshes/STL/cases/caseUSB2Dynamixel/acopleGrande.stl
[0.242s] -- Up-to-date symlink: /home/juan/ros2_ws/phantom_ws/install/phantomx_pincher_description/share/phantomx_pincher_description/phantomx_pincher/meshes/STL/cases/caseUSB2Dynamixel/acoplePequeño.stl
[0.243s] -- Up-to-date symlink: /home/juan/ros2_ws/phantom_ws/install/phantomx_pincher_description/share/phantomx_pincher_description/phantomx_pincher/meshes/STL/cases/caseUSB2Dynamixel/baseUBS2.stl
[0.243s] -- Up-to-date symlink: /home/juan/ros2_ws/phantom_ws/install/phantomx_pincher_description/share/phantomx_pincher_description/phantomx_pincher/meshes/STL/cases/cases/baseMicroAirPump370A.stl
[0.243s] -- Up-to-date symlink: /home/juan/ros2_ws/phantom_ws/install/phantomx_pincher_description/share/phantomx_pincher_description/phantomx_pincher/meshes/STL/cases/cases/caseBaseRobot.stl
[0.243s] -- Up-to-date symlink: /home/juan/ros2_ws/phantom_ws/install/phantomx_pincher_description/share/phantomx_pincher_description/phantomx_pincher/meshes/STL/cases/cases/caseRaspberryPi5/CFFFP_tapaRaspberry.3mf
[0.243s] -- Up-to-date symlink: /home/juan/ros2_ws/phantom_ws/install/phantomx_pincher_description/share/phantomx_pincher_description/phantomx_pincher/meshes/STL/cases/cases/caseRaspberryPi5/baseCaseRaspberry.stl
[0.243s] -- Up-to-date symlink: /home/juan/ros2_ws/phantom_ws/install/phantomx_pincher_description/share/phantomx_pincher_description/phantomx_pincher/meshes/STL/cases/cases/caseRaspberryPi5/tapaRaspberry.stl
[0.243s] -- Up-to-date symlink: /home/juan/ros2_ws/phantom_ws/install/phantomx_pincher_description/share/phantomx_pincher_description/phantomx_pincher/meshes/STL/cases/cases/tapaMicroAirPump370A.stl
[0.243s] -- Up-to-date symlink: /home/juan/ros2_ws/phantom_ws/install/phantomx_pincher_description/share/phantomx_pincher_description/phantomx_pincher/meshes/STL/cases/microAirpump/caseAirpumpBottom.stl
[0.244s] -- Up-to-date symlink: /home/juan/ros2_ws/phantom_ws/install/phantomx_pincher_description/share/phantomx_pincher_description/phantomx_pincher/meshes/STL/cases/microAirpump/caseAirpumpTop.stl
[0.244s] -- Up-to-date symlink: /home/juan/ros2_ws/phantom_ws/install/phantomx_pincher_description/share/phantomx_pincher_description/phantomx_pincher/meshes/STL/cases/microAirpump/ensambleAirpump.stl
[0.244s] -- Up-to-date symlink: /home/juan/ros2_ws/phantom_ws/install/phantomx_pincher_description/share/phantomx_pincher_description/phantomx_pincher/meshes/STL/escudoUnal.dxf
[0.244s] -- Up-to-date symlink: /home/juan/ros2_ws/phantom_ws/install/phantomx_pincher_description/share/phantomx_pincher_description/phantomx_pincher/meshes/STL/manijas/manija.stl
[0.244s] -- Up-to-date symlink: /home/juan/ros2_ws/phantom_ws/install/phantomx_pincher_description/share/phantomx_pincher_description/phantomx_pincher/meshes/STL/manijas/pataManija.stl
[0.244s] -- Up-to-date symlink: /home/juan/ros2_ws/phantom_ws/install/phantomx_pincher_description/share/phantomx_pincher_description/phantomx_pincher/meshes/STL/objectsToPick/cilinder25Dx25h.stl
[0.246s] -- Up-to-date symlink: /home/juan/ros2_ws/phantom_ws/install/phantomx_pincher_description/share/phantomx_pincher_description/phantomx_pincher/meshes/STL/objectsToPick/cube25x25.stl
[0.246s] -- Up-to-date symlink: /home/juan/ros2_ws/phantom_ws/install/phantomx_pincher_description/share/phantomx_pincher_description/phantomx_pincher/meshes/STL/patas/pataD15mm.stl
[0.246s] -- Up-to-date symlink: /home/juan/ros2_ws/phantom_ws/install/phantomx_pincher_description/share/phantomx_pincher_description/phantomx_pincher/meshes/STL/patas/pataD20mm.stl
[0.246s] -- Up-to-date symlink: /home/juan/ros2_ws/phantom_ws/install/phantomx_pincher_description/share/phantomx_pincher_description/phantomx_pincher/meshes/STL/tubosOvaladosNiquel/Angujo.stl
[0.247s] -- Up-to-date symlink: /home/juan/ros2_ws/phantom_ws/install/phantomx_pincher_description/share/phantomx_pincher_description/phantomx_pincher/meshes/STL/tubosOvaladosNiquel/EncajeABaseConTornilloTuboCloset.stl
[0.247s] -- Up-to-date symlink: /home/juan/ros2_ws/phantom_ws/install/phantomx_pincher_description/share/phantomx_pincher_description/phantomx_pincher/meshes/STL/tubosOvaladosNiquel/EncajeABaseTuboCloset.stl
[0.247s] -- Up-to-date symlink: /home/juan/ros2_ws/phantom_ws/install/phantomx_pincher_description/share/phantomx_pincher_description/phantomx_pincher/meshes/STL/zonasDeRecoleccion/zonaCircular/zonaCircular146mm.stl
[0.247s] -- Up-to-date symlink: /home/juan/ros2_ws/phantom_ws/install/phantomx_pincher_description/share/phantomx_pincher_description/phantomx_pincher/meshes/collision/finger.stl
[0.247s] -- Up-to-date symlink: /home/juan/ros2_ws/phantom_ws/install/phantomx_pincher_description/share/phantomx_pincher_description/phantomx_pincher/meshes/collision/task_board.stl
[0.247s] -- Up-to-date symlink: /home/juan/ros2_ws/phantom_ws/install/phantomx_pincher_description/share/phantomx_pincher_description/phantomx_pincher/meshes/visual/ax12.dae
[0.247s] -- Up-to-date symlink: /home/juan/ros2_ws/phantom_ws/install/phantomx_pincher_description/share/phantomx_pincher_description/phantomx_pincher/meshes/visual/f10.dae
[0.247s] -- Up-to-date symlink: /home/juan/ros2_ws/phantom_ws/install/phantomx_pincher_description/share/phantomx_pincher_description/phantomx_pincher/meshes/visual/f2.dae
[0.247s] -- Up-to-date symlink: /home/juan/ros2_ws/phantom_ws/install/phantomx_pincher_description/share/phantomx_pincher_description/phantomx_pincher/meshes/visual/f3.dae
[0.247s] -- Up-to-date symlink: /home/juan/ros2_ws/phantom_ws/install/phantomx_pincher_description/share/phantomx_pincher_description/phantomx_pincher/meshes/visual/f4.dae
[0.247s] -- Up-to-date symlink: /home/juan/ros2_ws/phantom_ws/install/phantomx_pincher_description/share/phantomx_pincher_description/phantomx_pincher/meshes/visual/finger.dae
[0.247s] -- Up-to-date symlink: /home/juan/ros2_ws/phantom_ws/install/phantomx_pincher_description/share/phantomx_pincher_description/phantomx_pincher/meshes/visual/gripper_base.dae
[0.247s] -- Up-to-date symlink: /home/juan/ros2_ws/phantom_ws/install/phantomx_pincher_description/share/phantomx_pincher_description/phantomx_pincher/meshes/visual/phantomx_pincher_mount.dae
[0.247s] -- Up-to-date symlink: /home/juan/ros2_ws/phantom_ws/install/phantomx_pincher_description/share/phantomx_pincher_description/phantomx_pincher/meshes/visual/task_board.dae
[0.247s] -- Up-to-date symlink: /home/juan/ros2_ws/phantom_ws/install/phantomx_pincher_description/share/phantomx_pincher_description/phantomx_pincher/meshes/visual/task_board_module_phantomx_pincher_mount.dae
[0.247s] -- Up-to-date symlink: /home/juan/ros2_ws/phantom_ws/install/phantomx_pincher_description/share/phantomx_pincher_description/phantomx_pincher/model.config
[0.247s] -- Up-to-date symlink: /home/juan/ros2_ws/phantom_ws/install/phantomx_pincher_description/share/phantomx_pincher_description/phantomx_pincher/model.sdf
[0.247s] -- Up-to-date symlink: /home/juan/ros2_ws/phantom_ws/install/phantomx_pincher_description/share/phantomx_pincher_description/phantomx_pincher/thumbnails/0.png
[0.250s] -- Symlinking: /home/juan/ros2_ws/phantom_ws/install/phantomx_pincher_description/share/phantomx_pincher_description/meshes/DAE/Canecas/CanecaGrandeConTapaSlide/CFFFP_elevacionCaneca.dae
[0.254s] -- Symlinking: /home/juan/ros2_ws/phantom_ws/install/phantomx_pincher_description/share/phantomx_pincher_description/meshes/DAE/Canecas/CanecaGrandeConTapaSlide/canecaGrande.dae
[0.260s] -- Symlinking: /home/juan/ros2_ws/phantom_ws/install/phantomx_pincher_description/share/phantomx_pincher_description/meshes/DAE/Canecas/CanecaGrandeConTapaSlide/elevacionCaneca.dae
[0.266s] -- Symlinking: /home/juan/ros2_ws/phantom_ws/install/phantomx_pincher_description/share/phantomx_pincher_description/meshes/DAE/Canecas/CanecaGrandeConTapaSlide/tapaSlide.dae
[0.271s] -- Symlinking: /home/juan/ros2_ws/phantom_ws/install/phantomx_pincher_description/share/phantomx_pincher_description/meshes/DAE/anclajes/CFFFP_anclajeEsquinaCanastilla.dae
[0.278s] -- Symlinking: /home/juan/ros2_ws/phantom_ws/install/phantomx_pincher_description/share/phantomx_pincher_description/meshes/DAE/anclajes/anclajeEsquinaCanastilla.dae
[0.287s] -- Symlinking: /home/juan/ros2_ws/phantom_ws/install/phantomx_pincher_description/share/phantomx_pincher_description/meshes/DAE/anclajes/anclajeEsquinaTapa.dae
[0.292s] -- Symlinking: /home/juan/ros2_ws/phantom_ws/install/phantomx_pincher_description/share/phantomx_pincher_description/meshes/DAE/anclajes/anclajeM10.dae
[0.298s] -- Symlinking: /home/juan/ros2_ws/phantom_ws/install/phantomx_pincher_description/share/phantomx_pincher_description/meshes/DAE/bases/baseElementosFijos.dae
[0.305s] -- Symlinking: /home/juan/ros2_ws/phantom_ws/install/phantomx_pincher_description/share/phantomx_pincher_description/meshes/DAE/cases/caseArbotixM/base.dae
[0.310s] -- Symlinking: /home/juan/ros2_ws/phantom_ws/install/phantomx_pincher_description/share/phantomx_pincher_description/meshes/DAE/cases/caseArbotixM/tapa.dae
[0.315s] -- Symlinking: /home/juan/ros2_ws/phantom_ws/install/phantomx_pincher_description/share/phantomx_pincher_description/meshes/DAE/cases/caseBaseRobot/caseBaseRobot.dae
[0.323s] -- Symlinking: /home/juan/ros2_ws/phantom_ws/install/phantomx_pincher_description/share/phantomx_pincher_description/meshes/DAE/cases/caseBaseRobot/clipAnclajeNumero.dae
[0.329s] -- Symlinking: /home/juan/ros2_ws/phantom_ws/install/phantomx_pincher_description/share/phantomx_pincher_description/meshes/DAE/cases/caseBaseRobot/numerosBases.dae
[0.339s] -- Symlinking: /home/juan/ros2_ws/phantom_ws/install/phantomx_pincher_description/share/phantomx_pincher_description/meshes/DAE/cases/casePowerHub/baseCasePowerHub.dae
[0.345s] -- Symlinking: /home/juan/ros2_ws/phantom_ws/install/phantomx_pincher_description/share/phantomx_pincher_description/meshes/DAE/cases/caseRaspberryPi5/baseCaseRaspberry.dae
[0.350s] -- Symlinking: /home/juan/ros2_ws/phantom_ws/install/phantomx_pincher_description/share/phantomx_pincher_description/meshes/DAE/cases/caseRaspberryPi5/tapaRaspberry.dae
[0.356s] -- Symlinking: /home/juan/ros2_ws/phantom_ws/install/phantomx_pincher_description/share/phantomx_pincher_description/meshes/DAE/cases/caseRaspberryPi5/tapaSlide.dae
[0.362s] -- Symlinking: /home/juan/ros2_ws/phantom_ws/install/phantomx_pincher_description/share/phantomx_pincher_description/meshes/DAE/cases/caseUSB2Dynamixel/acopleGrande.dae
[0.368s] -- Symlinking: /home/juan/ros2_ws/phantom_ws/install/phantomx_pincher_description/share/phantomx_pincher_description/meshes/DAE/cases/caseUSB2Dynamixel/acoplePequeño.dae
[0.374s] -- Symlinking: /home/juan/ros2_ws/phantom_ws/install/phantomx_pincher_description/share/phantomx_pincher_description/meshes/DAE/cases/caseUSB2Dynamixel/baseUBS2.dae
[0.380s] -- Symlinking: /home/juan/ros2_ws/phantom_ws/install/phantomx_pincher_description/share/phantomx_pincher_description/meshes/DAE/cases/cases/baseMicroAirPump370A.dae
[0.388s] -- Symlinking: /home/juan/ros2_ws/phantom_ws/install/phantomx_pincher_description/share/phantomx_pincher_description/meshes/DAE/cases/cases/caseBaseRobot.dae
[0.396s] -- Symlinking: /home/juan/ros2_ws/phantom_ws/install/phantomx_pincher_description/share/phantomx_pincher_description/meshes/DAE/cases/cases/caseRaspberryPi5/baseCaseRaspberry.dae
[0.402s] -- Symlinking: /home/juan/ros2_ws/phantom_ws/install/phantomx_pincher_description/share/phantomx_pincher_description/meshes/DAE/cases/cases/caseRaspberryPi5/tapaRaspberry.dae
[0.408s] -- Symlinking: /home/juan/ros2_ws/phantom_ws/install/phantomx_pincher_description/share/phantomx_pincher_description/meshes/DAE/cases/cases/tapaMicroAirPump370A.dae
[0.420s] -- Symlinking: /home/juan/ros2_ws/phantom_ws/install/phantomx_pincher_description/share/phantomx_pincher_description/meshes/DAE/cases/microAirpump/caseAirpumpBottom.dae
[0.430s] -- Symlinking: /home/juan/ros2_ws/phantom_ws/install/phantomx_pincher_description/share/phantomx_pincher_description/meshes/DAE/cases/microAirpump/caseAirpumpTop.dae
[0.450s] -- Symlinking: /home/juan/ros2_ws/phantom_ws/install/phantomx_pincher_description/share/phantomx_pincher_description/meshes/DAE/manijas/manija.dae
[0.465s] -- Symlinking: /home/juan/ros2_ws/phantom_ws/install/phantomx_pincher_description/share/phantomx_pincher_description/meshes/DAE/manijas/pataManija.dae
[0.483s] -- Symlinking: /home/juan/ros2_ws/phantom_ws/install/phantomx_pincher_description/share/phantomx_pincher_description/meshes/DAE/objectsToPick/cilinder25Dx25h.dae
[0.498s] -- Symlinking: /home/juan/ros2_ws/phantom_ws/install/phantomx_pincher_description/share/phantomx_pincher_description/meshes/DAE/objectsToPick/cube25x25.dae
[0.511s] -- Symlinking: /home/juan/ros2_ws/phantom_ws/install/phantomx_pincher_description/share/phantomx_pincher_description/meshes/DAE/patas/pataD15mm.dae
[0.526s] -- Symlinking: /home/juan/ros2_ws/phantom_ws/install/phantomx_pincher_description/share/phantomx_pincher_description/meshes/DAE/patas/pataD20mm.dae
[0.541s] -- Symlinking: /home/juan/ros2_ws/phantom_ws/install/phantomx_pincher_description/share/phantomx_pincher_description/meshes/DAE/tubosOvaladosNiquel/Angujo.dae
[0.548s] -- Symlinking: /home/juan/ros2_ws/phantom_ws/install/phantomx_pincher_description/share/phantomx_pincher_description/meshes/DAE/tubosOvaladosNiquel/EncajeABaseTuboCloset.dae
[0.561s] -- Symlinking: /home/juan/ros2_ws/phantom_ws/install/phantomx_pincher_description/share/phantomx_pincher_description/meshes/DAE/zonasDeRecoleccion/zonaCircular/zonaCircular146mm.dae
[0.569s] -- Up-to-date symlink: /home/juan/ros2_ws/phantom_ws/install/phantomx_pincher_description/share/phantomx_pincher_description/meshes/STL/Canecas/CanecaGrandeConTapaSlide/CFFFP_elevacionCaneca.stl
[0.571s] -- Up-to-date symlink: /home/juan/ros2_ws/phantom_ws/install/phantomx_pincher_description/share/phantomx_pincher_description/meshes/STL/Canecas/CanecaGrandeConTapaSlide/OldVersions/canecaCollision.0002.ipt
[0.571s] -- Up-to-date symlink: /home/juan/ros2_ws/phantom_ws/install/phantomx_pincher_description/share/phantomx_pincher_description/meshes/STL/Canecas/CanecaGrandeConTapaSlide/canecaCollision.ipt
[0.571s] -- Up-to-date symlink: /home/juan/ros2_ws/phantom_ws/install/phantomx_pincher_description/share/phantomx_pincher_description/meshes/STL/Canecas/CanecaGrandeConTapaSlide/canecaCollision.stl
[0.571s] -- Up-to-date symlink: /home/juan/ros2_ws/phantom_ws/install/phantomx_pincher_description/share/phantomx_pincher_description/meshes/STL/Canecas/CanecaGrandeConTapaSlide/canecaGrande.stl
[0.571s] -- Up-to-date symlink: /home/juan/ros2_ws/phantom_ws/install/phantomx_pincher_description/share/phantomx_pincher_description/meshes/STL/Canecas/CanecaGrandeConTapaSlide/elevacionCaneca.ipt
[0.571s] -- Up-to-date symlink: /home/juan/ros2_ws/phantom_ws/install/phantomx_pincher_description/share/phantomx_pincher_description/meshes/STL/Canecas/CanecaGrandeConTapaSlide/elevacionCaneca.stl
[0.571s] -- Up-to-date symlink: /home/juan/ros2_ws/phantom_ws/install/phantomx_pincher_description/share/phantomx_pincher_description/meshes/STL/Canecas/CanecaGrandeConTapaSlide/ensambleCaneca.stl
[0.571s] -- Up-to-date symlink: /home/juan/ros2_ws/phantom_ws/install/phantomx_pincher_description/share/phantomx_pincher_description/meshes/STL/Canecas/CanecaGrandeConTapaSlide/tapaSlide.stl
[0.571s] -- Up-to-date symlink: /home/juan/ros2_ws/phantom_ws/install/phantomx_pincher_description/share/phantomx_pincher_description/meshes/STL/Canecas/OldVersions/escudoUnal.0002.ipt
[0.571s] -- Up-to-date symlink: /home/juan/ros2_ws/phantom_ws/install/phantomx_pincher_description/share/phantomx_pincher_description/meshes/STL/Canecas/escudoUnal.ipt
[0.571s] -- Up-to-date symlink: /home/juan/ros2_ws/phantom_ws/install/phantomx_pincher_description/share/phantomx_pincher_description/meshes/STL/anclajes/CFFFP_anclajeEsquinaCanastilla.stl
[0.571s] -- Up-to-date symlink: /home/juan/ros2_ws/phantom_ws/install/phantomx_pincher_description/share/phantomx_pincher_description/meshes/STL/anclajes/anclajeEsquinaCanastilla.stl
[0.571s] -- Up-to-date symlink: /home/juan/ros2_ws/phantom_ws/install/phantomx_pincher_description/share/phantomx_pincher_description/meshes/STL/anclajes/anclajeEsquinaTapa.stl
[0.571s] -- Up-to-date symlink: /home/juan/ros2_ws/phantom_ws/install/phantomx_pincher_description/share/phantomx_pincher_description/meshes/STL/anclajes/anclajeM10.stl
[0.571s] -- Up-to-date symlink: /home/juan/ros2_ws/phantom_ws/install/phantomx_pincher_description/share/phantomx_pincher_description/meshes/STL/bases/baseElementosFijos.stl
[0.571s] -- Up-to-date symlink: /home/juan/ros2_ws/phantom_ws/install/phantomx_pincher_description/share/phantomx_pincher_description/meshes/STL/cases/caseArbotixM/base.stl
[0.571s] -- Up-to-date symlink: /home/juan/ros2_ws/phantom_ws/install/phantomx_pincher_description/share/phantomx_pincher_description/meshes/STL/cases/caseArbotixM/tapa.stl
[0.571s] -- Up-to-date symlink: /home/juan/ros2_ws/phantom_ws/install/phantomx_pincher_description/share/phantomx_pincher_description/meshes/STL/cases/caseBaseRobot/caseBaseRobot.stl
[0.572s] -- Up-to-date symlink: /home/juan/ros2_ws/phantom_ws/install/phantomx_pincher_description/share/phantomx_pincher_description/meshes/STL/cases/caseBaseRobot/clipAnclajeNumero.stl
[0.572s] -- Up-to-date symlink: /home/juan/ros2_ws/phantom_ws/install/phantomx_pincher_description/share/phantomx_pincher_description/meshes/STL/cases/caseBaseRobot/numerosBases.stl
[0.572s] -- Up-to-date symlink: /home/juan/ros2_ws/phantom_ws/install/phantomx_pincher_description/share/phantomx_pincher_description/meshes/STL/cases/casePowerHub/baseCasePowerHub.stl
[0.572s] -- Up-to-date symlink: /home/juan/ros2_ws/phantom_ws/install/phantomx_pincher_description/share/phantomx_pincher_description/meshes/STL/cases/caseRaspberryPi5/CFFFP_baseCaseRaspberry.3mf
[0.572s] -- Up-to-date symlink: /home/juan/ros2_ws/phantom_ws/install/phantomx_pincher_description/share/phantomx_pincher_description/meshes/STL/cases/caseRaspberryPi5/baseCaseRaspberry.stl
[0.572s] -- Up-to-date symlink: /home/juan/ros2_ws/phantom_ws/install/phantomx_pincher_description/share/phantomx_pincher_description/meshes/STL/cases/caseRaspberryPi5/tapaRaspberry.stl
[0.572s] -- Up-to-date symlink: /home/juan/ros2_ws/phantom_ws/install/phantomx_pincher_description/share/phantomx_pincher_description/meshes/STL/cases/caseRaspberryPi5/tapaSlide.stl
[0.572s] -- Up-to-date symlink: /home/juan/ros2_ws/phantom_ws/install/phantomx_pincher_description/share/phantomx_pincher_description/meshes/STL/cases/caseUSB2Dynamixel/OldVersions/acopleGrande.0001.ipt
[0.572s] -- Up-to-date symlink: /home/juan/ros2_ws/phantom_ws/install/phantomx_pincher_description/share/phantomx_pincher_description/meshes/STL/cases/caseUSB2Dynamixel/OldVersions/acoplePequeño.0002.ipt
[0.572s] -- Up-to-date symlink: /home/juan/ros2_ws/phantom_ws/install/phantomx_pincher_description/share/phantomx_pincher_description/meshes/STL/cases/caseUSB2Dynamixel/OldVersions/baseUBS2.0001.ipt
[0.572s] -- Up-to-date symlink: /home/juan/ros2_ws/phantom_ws/install/phantomx_pincher_description/share/phantomx_pincher_description/meshes/STL/cases/caseUSB2Dynamixel/acopleGrande.stl
[0.572s] -- Up-to-date symlink: /home/juan/ros2_ws/phantom_ws/install/phantomx_pincher_description/share/phantomx_pincher_description/meshes/STL/cases/caseUSB2Dynamixel/acoplePequeño.stl
[0.578s] -- Up-to-date symlink: /home/juan/ros2_ws/phantom_ws/install/phantomx_pincher_description/share/phantomx_pincher_description/meshes/STL/cases/caseUSB2Dynamixel/baseUBS2.stl
[0.578s] -- Up-to-date symlink: /home/juan/ros2_ws/phantom_ws/install/phantomx_pincher_description/share/phantomx_pincher_description/meshes/STL/cases/cases/baseMicroAirPump370A.stl
[0.578s] -- Up-to-date symlink: /home/juan/ros2_ws/phantom_ws/install/phantomx_pincher_description/share/phantomx_pincher_description/meshes/STL/cases/cases/caseBaseRobot.stl
[0.578s] -- Up-to-date symlink: /home/juan/ros2_ws/phantom_ws/install/phantomx_pincher_description/share/phantomx_pincher_description/meshes/STL/cases/cases/caseRaspberryPi5/CFFFP_tapaRaspberry.3mf
[0.578s] -- Up-to-date symlink: /home/juan/ros2_ws/phantom_ws/install/phantomx_pincher_description/share/phantomx_pincher_description/meshes/STL/cases/cases/caseRaspberryPi5/baseCaseRaspberry.stl
[0.578s] -- Up-to-date symlink: /home/juan/ros2_ws/phantom_ws/install/phantomx_pincher_description/share/phantomx_pincher_description/meshes/STL/cases/cases/caseRaspberryPi5/tapaRaspberry.stl
[0.578s] -- Up-to-date symlink: /home/juan/ros2_ws/phantom_ws/install/phantomx_pincher_description/share/phantomx_pincher_description/meshes/STL/cases/cases/tapaMicroAirPump370A.stl
[0.578s] -- Up-to-date symlink: /home/juan/ros2_ws/phantom_ws/install/phantomx_pincher_description/share/phantomx_pincher_description/meshes/STL/cases/microAirpump/caseAirpumpBottom.stl
[0.578s] -- Up-to-date symlink: /home/juan/ros2_ws/phantom_ws/install/phantomx_pincher_description/share/phantomx_pincher_description/meshes/STL/cases/microAirpump/caseAirpumpTop.stl
[0.578s] -- Up-to-date symlink: /home/juan/ros2_ws/phantom_ws/install/phantomx_pincher_description/share/phantomx_pincher_description/meshes/STL/cases/microAirpump/ensambleAirpump.stl
[0.578s] -- Up-to-date symlink: /home/juan/ros2_ws/phantom_ws/install/phantomx_pincher_description/share/phantomx_pincher_description/meshes/STL/escudoUnal.dxf
[0.578s] -- Up-to-date symlink: /home/juan/ros2_ws/phantom_ws/install/phantomx_pincher_description/share/phantomx_pincher_description/meshes/STL/manijas/manija.stl
[0.578s] -- Up-to-date symlink: /home/juan/ros2_ws/phantom_ws/install/phantomx_pincher_description/share/phantomx_pincher_description/meshes/STL/manijas/pataManija.stl
[0.578s] -- Up-to-date symlink: /home/juan/ros2_ws/phantom_ws/install/phantomx_pincher_description/share/phantomx_pincher_description/meshes/STL/objectsToPick/cilinder25Dx25h.stl
[0.578s] -- Up-to-date symlink: /home/juan/ros2_ws/phantom_ws/install/phantomx_pincher_description/share/phantomx_pincher_description/meshes/STL/objectsToPick/cube25x25.stl
[0.578s] -- Up-to-date symlink: /home/juan/ros2_ws/phantom_ws/install/phantomx_pincher_description/share/phantomx_pincher_description/meshes/STL/patas/pataD15mm.stl
[0.578s] -- Up-to-date symlink: /home/juan/ros2_ws/phantom_ws/install/phantomx_pincher_description/share/phantomx_pincher_description/meshes/STL/patas/pataD20mm.stl
[0.578s] -- Up-to-date symlink: /home/juan/ros2_ws/phantom_ws/install/phantomx_pincher_description/share/phantomx_pincher_description/meshes/STL/tubosOvaladosNiquel/Angujo.stl
[0.578s] -- Up-to-date symlink: /home/juan/ros2_ws/phantom_ws/install/phantomx_pincher_description/share/phantomx_pincher_description/meshes/STL/tubosOvaladosNiquel/EncajeABaseConTornilloTuboCloset.stl
[0.578s] -- Up-to-date symlink: /home/juan/ros2_ws/phantom_ws/install/phantomx_pincher_description/share/phantomx_pincher_description/meshes/STL/tubosOvaladosNiquel/EncajeABaseTuboCloset.stl
[0.579s] -- Up-to-date symlink: /home/juan/ros2_ws/phantom_ws/install/phantomx_pincher_description/share/phantomx_pincher_description/meshes/STL/zonasDeRecoleccion/zonaCircular/zonaCircular146mm.stl
[0.579s] -- Symlinking: /home/juan/ros2_ws/phantom_ws/install/phantomx_pincher_description/share/phantomx_pincher_description/meshes/collision/finger.stl
[0.579s] -- Symlinking: /home/juan/ros2_ws/phantom_ws/install/phantomx_pincher_description/share/phantomx_pincher_description/meshes/collision/task_board.stl
[0.583s] -- Symlinking: /home/juan/ros2_ws/phantom_ws/install/phantomx_pincher_description/share/phantomx_pincher_description/meshes/visual/ax12.dae
[0.590s] -- Symlinking: /home/juan/ros2_ws/phantom_ws/install/phantomx_pincher_description/share/phantomx_pincher_description/meshes/visual/f10.dae
[0.594s] -- Symlinking: /home/juan/ros2_ws/phantom_ws/install/phantomx_pincher_description/share/phantomx_pincher_description/meshes/visual/f2.dae
[0.600s] -- Symlinking: /home/juan/ros2_ws/phantom_ws/install/phantomx_pincher_description/share/phantomx_pincher_description/meshes/visual/f3.dae
[0.606s] -- Symlinking: /home/juan/ros2_ws/phantom_ws/install/phantomx_pincher_description/share/phantomx_pincher_description/meshes/visual/f4.dae
[0.611s] -- Symlinking: /home/juan/ros2_ws/phantom_ws/install/phantomx_pincher_description/share/phantomx_pincher_description/meshes/visual/finger.dae
[0.620s] -- Symlinking: /home/juan/ros2_ws/phantom_ws/install/phantomx_pincher_description/share/phantomx_pincher_description/meshes/visual/gripper_base.dae
[0.628s] -- Symlinking: /home/juan/ros2_ws/phantom_ws/install/phantomx_pincher_description/share/phantomx_pincher_description/meshes/visual/phantomx_pincher_mount.dae
[0.645s] -- Symlinking: /home/juan/ros2_ws/phantom_ws/install/phantomx_pincher_description/share/phantomx_pincher_description/meshes/visual/task_board.dae
[0.645s] -- Symlinking: /home/juan/ros2_ws/phantom_ws/install/phantomx_pincher_description/share/phantomx_pincher_description/meshes/visual/task_board_module_phantomx_pincher_mount.dae
[0.653s] -- Up-to-date symlink: /home/juan/ros2_ws/phantom_ws/install/phantomx_pincher_description/share/phantomx_pincher_description/rviz/view.rviz
[0.654s] -- Up-to-date symlink: /home/juan/ros2_ws/phantom_ws/install/phantomx_pincher_description/share/phantomx_pincher_description/urdf/kit.xacro
[0.654s] -- Up-to-date symlink: /home/juan/ros2_ws/phantom_ws/install/phantomx_pincher_description/share/phantomx_pincher_description/urdf/phantomx_pincher.gazebo
[0.655s] -- Up-to-date symlink: /home/juan/ros2_ws/phantom_ws/install/phantomx_pincher_description/share/phantomx_pincher_description/urdf/phantomx_pincher.ros2_control
[0.655s] -- Up-to-date symlink: /home/juan/ros2_ws/phantom_ws/install/phantomx_pincher_description/share/phantomx_pincher_description/urdf/phantomx_pincher.urdf
[0.655s] -- Up-to-date symlink: /home/juan/ros2_ws/phantom_ws/install/phantomx_pincher_description/share/phantomx_pincher_description/urdf/phantomx_pincher.urdf.xacro
[0.655s] -- Up-to-date symlink: /home/juan/ros2_ws/phantom_ws/install/phantomx_pincher_description/share/phantomx_pincher_description/urdf/phantomx_pincher_arm.xacro
[0.655s] -- Up-to-date symlink: /home/juan/ros2_ws/phantom_ws/install/phantomx_pincher_description/share/phantomx_pincher_description/urdf/phantomx_pincher_hardware.xacro
[0.655s] -- Up-to-date symlink: /home/juan/ros2_ws/phantom_ws/install/phantomx_pincher_description/share/phantomx_pincher_description/urdf/phantomx_pincher_inertial.xacro
[0.655s] -- Up-to-date symlink: /home/juan/ros2_ws/phantom_ws/install/phantomx_pincher_description/share/phantomx_pincher_description/urdf/phantomx_pincher_mounting.xacro
[0.656s] -- Up-to-date symlink: /home/juan/ros2_ws/phantom_ws/install/phantomx_pincher_description/share/phantomx_pincher_description/urdf/phantomx_pincher_utils.xacro
[0.656s] -- Symlinking: /home/juan/ros2_ws/phantom_ws/install/phantomx_pincher_description/share/phantomx_pincher_description/meshes/DAE/Canecas/CanecaGrandeConTapaSlide/CFFFP_elevacionCaneca.dae
[0.666s] -- Symlinking: /home/juan/ros2_ws/phantom_ws/install/phantomx_pincher_description/share/phantomx_pincher_description/meshes/DAE/Canecas/CanecaGrandeConTapaSlide/canecaGrande.dae
[0.677s] -- Symlinking: /home/juan/ros2_ws/phantom_ws/install/phantomx_pincher_description/share/phantomx_pincher_description/meshes/DAE/Canecas/CanecaGrandeConTapaSlide/elevacionCaneca.dae
[0.685s] -- Symlinking: /home/juan/ros2_ws/phantom_ws/install/phantomx_pincher_description/share/phantomx_pincher_description/meshes/DAE/Canecas/CanecaGrandeConTapaSlide/tapaSlide.dae
[0.693s] -- Symlinking: /home/juan/ros2_ws/phantom_ws/install/phantomx_pincher_description/share/phantomx_pincher_description/meshes/DAE/anclajes/CFFFP_anclajeEsquinaCanastilla.dae
[0.703s] -- Symlinking: /home/juan/ros2_ws/phantom_ws/install/phantomx_pincher_description/share/phantomx_pincher_description/meshes/DAE/anclajes/anclajeEsquinaCanastilla.dae
[0.713s] -- Symlinking: /home/juan/ros2_ws/phantom_ws/install/phantomx_pincher_description/share/phantomx_pincher_description/meshes/DAE/anclajes/anclajeEsquinaTapa.dae
[0.719s] -- Symlinking: /home/juan/ros2_ws/phantom_ws/install/phantomx_pincher_description/share/phantomx_pincher_description/meshes/DAE/anclajes/anclajeM10.dae
[0.726s] -- Symlinking: /home/juan/ros2_ws/phantom_ws/install/phantomx_pincher_description/share/phantomx_pincher_description/meshes/DAE/bases/baseElementosFijos.dae
[0.739s] -- Symlinking: /home/juan/ros2_ws/phantom_ws/install/phantomx_pincher_description/share/phantomx_pincher_description/meshes/DAE/cases/caseArbotixM/base.dae
[0.749s] -- Symlinking: /home/juan/ros2_ws/phantom_ws/install/phantomx_pincher_description/share/phantomx_pincher_description/meshes/DAE/cases/caseArbotixM/tapa.dae
[0.757s] -- Symlinking: /home/juan/ros2_ws/phantom_ws/install/phantomx_pincher_description/share/phantomx_pincher_description/meshes/DAE/cases/caseBaseRobot/caseBaseRobot.dae
[0.765s] -- Symlinking: /home/juan/ros2_ws/phantom_ws/install/phantomx_pincher_description/share/phantomx_pincher_description/meshes/DAE/cases/caseBaseRobot/clipAnclajeNumero.dae
[0.773s] -- Symlinking: /home/juan/ros2_ws/phantom_ws/install/phantomx_pincher_description/share/phantomx_pincher_description/meshes/DAE/cases/caseBaseRobot/numerosBases.dae
[0.784s] -- Symlinking: /home/juan/ros2_ws/phantom_ws/install/phantomx_pincher_description/share/phantomx_pincher_description/meshes/DAE/cases/casePowerHub/baseCasePowerHub.dae
[0.790s] -- Symlinking: /home/juan/ros2_ws/phantom_ws/install/phantomx_pincher_description/share/phantomx_pincher_description/meshes/DAE/cases/caseRaspberryPi5/baseCaseRaspberry.dae
[0.798s] -- Symlinking: /home/juan/ros2_ws/phantom_ws/install/phantomx_pincher_description/share/phantomx_pincher_description/meshes/DAE/cases/caseRaspberryPi5/tapaRaspberry.dae
[0.806s] -- Symlinking: /home/juan/ros2_ws/phantom_ws/install/phantomx_pincher_description/share/phantomx_pincher_description/meshes/DAE/cases/caseRaspberryPi5/tapaSlide.dae
[0.814s] -- Symlinking: /home/juan/ros2_ws/phantom_ws/install/phantomx_pincher_description/share/phantomx_pincher_description/meshes/DAE/cases/caseUSB2Dynamixel/acopleGrande.dae
[0.821s] -- Symlinking: /home/juan/ros2_ws/phantom_ws/install/phantomx_pincher_description/share/phantomx_pincher_description/meshes/DAE/cases/caseUSB2Dynamixel/acoplePequeño.dae
[0.829s] -- Symlinking: /home/juan/ros2_ws/phantom_ws/install/phantomx_pincher_description/share/phantomx_pincher_description/meshes/DAE/cases/caseUSB2Dynamixel/baseUBS2.dae
[0.848s] -- Symlinking: /home/juan/ros2_ws/phantom_ws/install/phantomx_pincher_description/share/phantomx_pincher_description/meshes/DAE/cases/cases/baseMicroAirPump370A.dae
[0.858s] -- Symlinking: /home/juan/ros2_ws/phantom_ws/install/phantomx_pincher_description/share/phantomx_pincher_description/meshes/DAE/cases/cases/caseBaseRobot.dae
[0.865s] -- Symlinking: /home/juan/ros2_ws/phantom_ws/install/phantomx_pincher_description/share/phantomx_pincher_description/meshes/DAE/cases/cases/caseRaspberryPi5/baseCaseRaspberry.dae
[0.874s] -- Symlinking: /home/juan/ros2_ws/phantom_ws/install/phantomx_pincher_description/share/phantomx_pincher_description/meshes/DAE/cases/cases/caseRaspberryPi5/tapaRaspberry.dae
[0.881s] -- Symlinking: /home/juan/ros2_ws/phantom_ws/install/phantomx_pincher_description/share/phantomx_pincher_description/meshes/DAE/cases/cases/tapaMicroAirPump370A.dae
[0.889s] -- Symlinking: /home/juan/ros2_ws/phantom_ws/install/phantomx_pincher_description/share/phantomx_pincher_description/meshes/DAE/cases/microAirpump/caseAirpumpBottom.dae
[0.895s] -- Symlinking: /home/juan/ros2_ws/phantom_ws/install/phantomx_pincher_description/share/phantomx_pincher_description/meshes/DAE/cases/microAirpump/caseAirpumpTop.dae
[0.905s] -- Symlinking: /home/juan/ros2_ws/phantom_ws/install/phantomx_pincher_description/share/phantomx_pincher_description/meshes/DAE/manijas/manija.dae
[0.917s] -- Symlinking: /home/juan/ros2_ws/phantom_ws/install/phantomx_pincher_description/share/phantomx_pincher_description/meshes/DAE/manijas/pataManija.dae
[0.924s] -- Symlinking: /home/juan/ros2_ws/phantom_ws/install/phantomx_pincher_description/share/phantomx_pincher_description/meshes/DAE/objectsToPick/cilinder25Dx25h.dae
[0.930s] -- Symlinking: /home/juan/ros2_ws/phantom_ws/install/phantomx_pincher_description/share/phantomx_pincher_description/meshes/DAE/objectsToPick/cube25x25.dae
[0.938s] -- Symlinking: /home/juan/ros2_ws/phantom_ws/install/phantomx_pincher_description/share/phantomx_pincher_description/meshes/DAE/patas/pataD15mm.dae
[0.945s] -- Symlinking: /home/juan/ros2_ws/phantom_ws/install/phantomx_pincher_description/share/phantomx_pincher_description/meshes/DAE/patas/pataD20mm.dae
[0.954s] -- Symlinking: /home/juan/ros2_ws/phantom_ws/install/phantomx_pincher_description/share/phantomx_pincher_description/meshes/DAE/tubosOvaladosNiquel/Angujo.dae
[0.959s] -- Symlinking: /home/juan/ros2_ws/phantom_ws/install/phantomx_pincher_description/share/phantomx_pincher_description/meshes/DAE/tubosOvaladosNiquel/EncajeABaseTuboCloset.dae
[0.968s] -- Symlinking: /home/juan/ros2_ws/phantom_ws/install/phantomx_pincher_description/share/phantomx_pincher_description/meshes/DAE/zonasDeRecoleccion/zonaCircular/zonaCircular146mm.dae
[0.975s] -- Up-to-date symlink: /home/juan/ros2_ws/phantom_ws/install/phantomx_pincher_description/share/phantomx_pincher_description/meshes/STL/baseElementosFijos.stl
[0.975s] -- Up-to-date symlink: /home/juan/ros2_ws/phantom_ws/install/phantomx_pincher_description/share/phantomx_pincher_description/meshes/STL/canecaGrande.stl
[0.975s] -- Up-to-date symlink: /home/juan/ros2_ws/phantom_ws/install/phantomx_pincher_description/share/phantomx_pincher_description/meshes/STL/caseBaseRobot.stl
[0.975s] -- Up-to-date symlink: /home/juan/ros2_ws/phantom_ws/install/phantomx_pincher_description/share/phantomx_pincher_description/meshes/STL/ensambleAirpump.stl
[0.975s] -- Up-to-date symlink: /home/juan/ros2_ws/phantom_ws/install/phantomx_pincher_description/share/phantomx_pincher_description/meshes/STL/ensambleCaneca.stl
[0.975s] -- Up-to-date symlink: /home/juan/ros2_ws/phantom_ws/install/phantomx_pincher_description/share/phantomx_pincher_description/meshes/STL/manija.stl
[0.975s] -- Up-to-date symlink: /home/juan/ros2_ws/phantom_ws/install/phantomx_pincher_description/share/phantomx_pincher_description/meshes/STL/zonaCircular146mm.stl
[0.975s] -- Symlinking: /home/juan/ros2_ws/phantom_ws/install/phantomx_pincher_description/share/phantomx_pincher_description/meshes/collision/finger.stl
[1.003s] -- Symlinking: /home/juan/ros2_ws/phantom_ws/install/phantomx_pincher_description/share/phantomx_pincher_description/meshes/collision/task_board.stl
[1.003s] -- Symlinking: /home/juan/ros2_ws/phantom_ws/install/phantomx_pincher_description/share/phantomx_pincher_description/meshes/visual/ax12.dae
[1.016s] -- Symlinking: /home/juan/ros2_ws/phantom_ws/install/phantomx_pincher_description/share/phantomx_pincher_description/meshes/visual/f10.dae
[1.021s] -- Symlinking: /home/juan/ros2_ws/phantom_ws/install/phantomx_pincher_description/share/phantomx_pincher_description/meshes/visual/f2.dae
[1.032s] -- Symlinking: /home/juan/ros2_ws/phantom_ws/install/phantomx_pincher_description/share/phantomx_pincher_description/meshes/visual/f3.dae
[1.042s] -- Symlinking: /home/juan/ros2_ws/phantom_ws/install/phantomx_pincher_description/share/phantomx_pincher_description/meshes/visual/f4.dae
[1.049s] -- Symlinking: /home/juan/ros2_ws/phantom_ws/install/phantomx_pincher_description/share/phantomx_pincher_description/meshes/visual/finger.dae
[1.056s] -- Symlinking: /home/juan/ros2_ws/phantom_ws/install/phantomx_pincher_description/share/phantomx_pincher_description/meshes/visual/gripper_base.dae
[1.062s] -- Symlinking: /home/juan/ros2_ws/phantom_ws/install/phantomx_pincher_description/share/phantomx_pincher_description/meshes/visual/phantomx_pincher_mount.dae
[1.069s] -- Symlinking: /home/juan/ros2_ws/phantom_ws/install/phantomx_pincher_description/share/phantomx_pincher_description/meshes/visual/task_board.dae
[1.077s] -- Symlinking: /home/juan/ros2_ws/phantom_ws/install/phantomx_pincher_description/share/phantomx_pincher_description/meshes/visual/task_board_module_phantomx_pincher_mount.dae
[1.083s] -- Up-to-date symlink: /home/juan/ros2_ws/phantom_ws/install/phantomx_pincher_description/share/phantomx_pincher_description/environment/phantomx_pincher_description.dsv
[1.083s] -- Up-to-date symlink: /home/juan/ros2_ws/phantom_ws/install/phantomx_pincher_description/share/phantomx_pincher_description/environment/phantomx_pincher_description.sh
[1.083s] -- Up-to-date symlink: /home/juan/ros2_ws/phantom_ws/install/phantomx_pincher_description/share/ament_index/resource_index/package_run_dependencies/phantomx_pincher_description
[1.083s] -- Up-to-date symlink: /home/juan/ros2_ws/phantom_ws/install/phantomx_pincher_description/share/ament_index/resource_index/parent_prefix_path/phantomx_pincher_description
[1.083s] -- Up-to-date symlink: /home/juan/ros2_ws/phantom_ws/install/phantomx_pincher_description/share/phantomx_pincher_description/environment/ament_prefix_path.sh
[1.084s] -- Up-to-date symlink: /home/juan/ros2_ws/phantom_ws/install/phantomx_pincher_description/share/phantomx_pincher_description/environment/ament_prefix_path.dsv
[1.087s] -- Up-to-date symlink: /home/juan/ros2_ws/phantom_ws/install/phantomx_pincher_description/share/phantomx_pincher_description/environment/path.sh
[1.087s] -- Up-to-date symlink: /home/juan/ros2_ws/phantom_ws/install/phantomx_pincher_description/share/phantomx_pincher_description/environment/path.dsv
[1.087s] -- Up-to-date symlink: /home/juan/ros2_ws/phantom_ws/install/phantomx_pincher_description/share/phantomx_pincher_description/local_setup.bash
[1.087s] -- Up-to-date symlink: /home/juan/ros2_ws/phantom_ws/install/phantomx_pincher_description/share/phantomx_pincher_description/local_setup.sh
[1.087s] -- Up-to-date symlink: /home/juan/ros2_ws/phantom_ws/install/phantomx_pincher_description/share/phantomx_pincher_description/local_setup.zsh
[1.088s] -- Up-to-date symlink: /home/juan/ros2_ws/phantom_ws/install/phantomx_pincher_description/share/phantomx_pincher_description/local_setup.dsv
[1.088s] -- Symlinking: /home/juan/ros2_ws/phantom_ws/install/phantomx_pincher_description/share/phantomx_pincher_description/package.dsv
[1.091s] -- Up-to-date symlink: /home/juan/ros2_ws/phantom_ws/install/phantomx_pincher_description/share/ament_index/resource_index/packages/phantomx_pincher_description
[1.091s] -- Up-to-date symlink: /home/juan/ros2_ws/phantom_ws/install/phantomx_pincher_description/share/phantomx_pincher_description/cmake/phantomx_pincher_descriptionConfig.cmake
[1.091s] -- Up-to-date symlink: /home/juan/ros2_ws/phantom_ws/install/phantomx_pincher_description/share/phantomx_pincher_description/cmake/phantomx_pincher_descriptionConfig-version.cmake
[1.091s] -- Up-to-date symlink: /home/juan/ros2_ws/phantom_ws/install/phantomx_pincher_description/share/phantomx_pincher_description/package.xml
[1.242s] Invoked command in '/home/juan/ros2_ws/phantom_ws/build/phantomx_pincher_description' returned '0': CMAKE_PREFIX_PATH=/opt/ros/humble /usr/bin/cmake --install /home/juan/ros2_ws/phantom_ws/build/phantomx_pincher_description
