/home/juan/ros2_ws/phantom_ws/install/pincher_control/lib/python3.10/site-packages/pincher_control/HMI_RVIZ.py
/home/juan/ros2_ws/phantom_ws/install/pincher_control/lib/python3.10/site-packages/pincher_control/terminal_suscriber.py
/home/juan/ros2_ws/phantom_ws/install/pincher_control/lib/python3.10/site-packages/pincher_control/control_servo2.py
/home/juan/ros2_ws/phantom_ws/install/pincher_control/lib/python3.10/site-packages/pincher_control/terminal_control.py
/home/juan/ros2_ws/phantom_ws/install/pincher_control/lib/python3.10/site-packages/pincher_control/__init__.py
/home/juan/ros2_ws/phantom_ws/install/pincher_control/lib/python3.10/site-packages/pincher_control/control_servo.py
/home/juan/ros2_ws/phantom_ws/install/pincher_control/lib/python3.10/site-packages/pincher_control/Lab5_P1.py
/home/juan/ros2_ws/phantom_ws/install/pincher_control/lib/python3.10/site-packages/pincher_control/toolbox.py
/home/juan/ros2_ws/phantom_ws/install/pincher_control/lib/python3.10/site-packages/pincher_control/__pycache__/HMI_RVIZ.cpython-310.pyc
/home/juan/ros2_ws/phantom_ws/install/pincher_control/lib/python3.10/site-packages/pincher_control/__pycache__/terminal_suscriber.cpython-310.pyc
/home/juan/ros2_ws/phantom_ws/install/pincher_control/lib/python3.10/site-packages/pincher_control/__pycache__/control_servo2.cpython-310.pyc
/home/juan/ros2_ws/phantom_ws/install/pincher_control/lib/python3.10/site-packages/pincher_control/__pycache__/terminal_control.cpython-310.pyc
/home/juan/ros2_ws/phantom_ws/install/pincher_control/lib/python3.10/site-packages/pincher_control/__pycache__/__init__.cpython-310.pyc
/home/juan/ros2_ws/phantom_ws/install/pincher_control/lib/python3.10/site-packages/pincher_control/__pycache__/control_servo.cpython-310.pyc
/home/juan/ros2_ws/phantom_ws/install/pincher_control/lib/python3.10/site-packages/pincher_control/__pycache__/Lab5_P1.cpython-310.pyc
/home/juan/ros2_ws/phantom_ws/install/pincher_control/lib/python3.10/site-packages/pincher_control/__pycache__/toolbox.cpython-310.pyc
/home/juan/ros2_ws/phantom_ws/install/pincher_control/share/ament_index/resource_index/packages/pincher_control
/home/juan/ros2_ws/phantom_ws/install/pincher_control/share/pincher_control/package.xml
/home/juan/ros2_ws/phantom_ws/install/pincher_control/share/pincher_control/launch
/home/juan/ros2_ws/phantom_ws/install/pincher_control/lib/python3.10/site-packages/pincher_control-0.0.0-py3.10.egg-info/entry_points.txt
/home/juan/ros2_ws/phantom_ws/install/pincher_control/lib/python3.10/site-packages/pincher_control-0.0.0-py3.10.egg-info/dependency_links.txt
/home/juan/ros2_ws/phantom_ws/install/pincher_control/lib/python3.10/site-packages/pincher_control-0.0.0-py3.10.egg-info/top_level.txt
/home/juan/ros2_ws/phantom_ws/install/pincher_control/lib/python3.10/site-packages/pincher_control-0.0.0-py3.10.egg-info/requires.txt
/home/juan/ros2_ws/phantom_ws/install/pincher_control/lib/python3.10/site-packages/pincher_control-0.0.0-py3.10.egg-info/zip-safe
/home/juan/ros2_ws/phantom_ws/install/pincher_control/lib/python3.10/site-packages/pincher_control-0.0.0-py3.10.egg-info/PKG-INFO
/home/juan/ros2_ws/phantom_ws/install/pincher_control/lib/python3.10/site-packages/pincher_control-0.0.0-py3.10.egg-info/SOURCES.txt
/home/juan/ros2_ws/phantom_ws/install/pincher_control/lib/pincher_control/HMI_RVIZ
/home/juan/ros2_ws/phantom_ws/install/pincher_control/lib/pincher_control/Lab5_P1
/home/juan/ros2_ws/phantom_ws/install/pincher_control/lib/pincher_control/control_servo
/home/juan/ros2_ws/phantom_ws/install/pincher_control/lib/pincher_control/control_servo2
/home/juan/ros2_ws/phantom_ws/install/pincher_control/lib/pincher_control/terminal_control
/home/juan/ros2_ws/phantom_ws/install/pincher_control/lib/pincher_control/terminal_suscriber
/home/juan/ros2_ws/phantom_ws/install/pincher_control/lib/pincher_control/toolbox
