[0.969s] Invoking command in '/home/juan/ros2_ws/phantom_ws/build/pincher_control': PYTHONPATH=/home/juan/ros2_ws/phantom_ws/build/pincher_control/prefix_override:/usr/lib/python3/dist-packages/colcon_core/task/python/colcon_distutils_commands:/home/juan/ros2_ws/phantom_ws/install/pincher_control/lib/python3.10/site-packages:${PYTHONPATH} /usr/bin/python3 -W ignore:setup.py install is deprecated -W ignore:easy_install command is deprecated setup.py develop --editable --build-directory /home/juan/ros2_ws/phantom_ws/build/pincher_control/build --no-deps symlink_data
[1.424s] running develop
[1.699s] running egg_info
[1.699s] creating pincher_control.egg-info
[1.699s] writing pincher_control.egg-info/PKG-INFO
[1.699s] writing dependency_links to pincher_control.egg-info/dependency_links.txt
[1.699s] writing entry points to pincher_control.egg-info/entry_points.txt
[1.699s] writing requirements to pincher_control.egg-info/requires.txt
[1.699s] writing top-level names to pincher_control.egg-info/top_level.txt
[1.699s] writing manifest file 'pincher_control.egg-info/SOURCES.txt'
[1.699s] reading manifest file 'pincher_control.egg-info/SOURCES.txt'
[1.701s] writing manifest file 'pincher_control.egg-info/SOURCES.txt'
[1.701s] running build_ext
[1.702s] Creating /home/juan/ros2_ws/phantom_ws/install/pincher_control/lib/python3.10/site-packages/pincher-control.egg-link (link to .)
[1.702s] Installing HMI_RVIZ script to /home/juan/ros2_ws/phantom_ws/install/pincher_control/lib/pincher_control
[1.703s] Installing Lab5_P1 script to /home/juan/ros2_ws/phantom_ws/install/pincher_control/lib/pincher_control
[1.703s] Installing control_servo script to /home/juan/ros2_ws/phantom_ws/install/pincher_control/lib/pincher_control
[1.703s] Installing terminal_control script to /home/juan/ros2_ws/phantom_ws/install/pincher_control/lib/pincher_control
[1.703s] Installing terminal_suscriber script to /home/juan/ros2_ws/phantom_ws/install/pincher_control/lib/pincher_control
[1.703s] Installing toolbox script to /home/juan/ros2_ws/phantom_ws/install/pincher_control/lib/pincher_control
[1.703s] 
[1.703s] Installed /home/juan/ros2_ws/phantom_ws/build/pincher_control
[1.705s] running symlink_data
[1.705s] creating /home/juan/ros2_ws/phantom_ws/install/pincher_control/share/ament_index
[1.705s] creating /home/juan/ros2_ws/phantom_ws/install/pincher_control/share/ament_index/resource_index
[1.705s] creating /home/juan/ros2_ws/phantom_ws/install/pincher_control/share/ament_index/resource_index/packages
[1.705s] symbolically linking /home/juan/ros2_ws/phantom_ws/build/pincher_control/resource/pincher_control -> /home/juan/ros2_ws/phantom_ws/install/pincher_control/share/ament_index/resource_index/packages
[1.705s] symbolically linking /home/juan/ros2_ws/phantom_ws/build/pincher_control/package.xml -> /home/juan/ros2_ws/phantom_ws/install/pincher_control/share/pincher_control
[1.705s] creating /home/juan/ros2_ws/phantom_ws/install/pincher_control/share/pincher_control/launch
[1.744s] Invoked command in '/home/juan/ros2_ws/phantom_ws/build/pincher_control' returned '0': PYTHONPATH=/home/juan/ros2_ws/phantom_ws/build/pincher_control/prefix_override:/usr/lib/python3/dist-packages/colcon_core/task/python/colcon_distutils_commands:/home/juan/ros2_ws/phantom_ws/install/pincher_control/lib/python3.10/site-packages:${PYTHONPATH} /usr/bin/python3 -W ignore:setup.py install is deprecated -W ignore:easy_install command is deprecated setup.py develop --editable --build-directory /home/juan/ros2_ws/phantom_ws/build/pincher_control/build --no-deps symlink_data
