[0.976s] Invoking command in '/home/juan/ros2_ws/turtlesim_ws/src/my_turtle_controller': PYTHONPATH=/home/juan/ros2_ws/turtlesim_ws/build/my_turtle_controller/prefix_override:/usr/lib/python3/dist-packages/colcon_core/task/python/colcon_distutils_commands:/home/juan/ros2_ws/turtlesim_ws/install/my_turtle_controller/lib/python3.10/site-packages:${PYTHONPATH} /usr/bin/python3 -W ignore:setup.py install is deprecated -W ignore:easy_install command is deprecated setup.py egg_info --egg-base ../../build/my_turtle_controller build --build-base /home/juan/ros2_ws/turtlesim_ws/build/my_turtle_controller/build install --record /home/juan/ros2_ws/turtlesim_ws/build/my_turtle_controller/install.log --single-version-externally-managed install_data
[1.218s] running egg_info
[1.218s] writing ../../build/my_turtle_controller/my_turtle_controller.egg-info/PKG-INFO
[1.219s] writing dependency_links to ../../build/my_turtle_controller/my_turtle_controller.egg-info/dependency_links.txt
[1.220s] writing entry points to ../../build/my_turtle_controller/my_turtle_controller.egg-info/entry_points.txt
[1.221s] writing requirements to ../../build/my_turtle_controller/my_turtle_controller.egg-info/requires.txt
[1.221s] writing top-level names to ../../build/my_turtle_controller/my_turtle_controller.egg-info/top_level.txt
[1.223s] reading manifest file '../../build/my_turtle_controller/my_turtle_controller.egg-info/SOURCES.txt'
[1.225s] writing manifest file '../../build/my_turtle_controller/my_turtle_controller.egg-info/SOURCES.txt'
[1.225s] running build
[1.225s] running build_py
[1.226s] running install
[1.226s] running install_lib
[1.227s] running install_data
[1.227s] running install_egg_info
[1.229s] removing '/home/juan/ros2_ws/turtlesim_ws/install/my_turtle_controller/lib/python3.10/site-packages/my_turtle_controller-0.0.0-py3.10.egg-info' (and everything under it)
[1.234s] Copying ../../build/my_turtle_controller/my_turtle_controller.egg-info to /home/juan/ros2_ws/turtlesim_ws/install/my_turtle_controller/lib/python3.10/site-packages/my_turtle_controller-0.0.0-py3.10.egg-info
[1.234s] running install_scripts
[1.257s] Installing move_turtle script to /home/juan/ros2_ws/turtlesim_ws/install/my_turtle_controller/lib/my_turtle_controller
[1.257s] writing list of installed files to '/home/juan/ros2_ws/turtlesim_ws/build/my_turtle_controller/install.log'
[1.276s] Invoked command in '/home/juan/ros2_ws/turtlesim_ws/src/my_turtle_controller' returned '0': PYTHONPATH=/home/juan/ros2_ws/turtlesim_ws/build/my_turtle_controller/prefix_override:/usr/lib/python3/dist-packages/colcon_core/task/python/colcon_distutils_commands:/home/juan/ros2_ws/turtlesim_ws/install/my_turtle_controller/lib/python3.10/site-packages:${PYTHONPATH} /usr/bin/python3 -W ignore:setup.py install is deprecated -W ignore:easy_install command is deprecated setup.py egg_info --egg-base ../../build/my_turtle_controller build --build-base /home/juan/ros2_ws/turtlesim_ws/build/my_turtle_controller/build install --record /home/juan/ros2_ws/turtlesim_ws/build/my_turtle_controller/install.log --single-version-externally-managed install_data
