[0.088s] DEBUG:colcon:Command line arguments: ['/usr/bin/colcon', 'build']
[0.088s] DEBUG:colcon:Parsed command line arguments: Namespace(log_base=None, log_level=None, verb_name='build', build_base='build', install_base='install', merge_install=False, symlink_install=False, test_result_base=None, continue_on_error=False, executor='parallel', parallel_workers=2, event_handlers=None, ignore_user_meta=False, metas=['./colcon.meta'], base_paths=['.'], packages_ignore=None, packages_ignore_regex=None, paths=None, packages_up_to=None, packages_up_to_regex=None, packages_above=None, packages_above_and_dependencies=None, packages_above_depth=None, packages_select_by_dep=None, packages_skip_by_dep=None, packages_skip_up_to=None, packages_select_build_failed=False, packages_skip_build_finished=False, packages_select_test_failures=False, packages_skip_test_passed=False, packages_select=None, packages_skip=None, packages_select_regex=None, packages_skip_regex=None, packages_start=None, packages_end=None, allow_overriding=[], cmake_args=None, cmake_target=None, cmake_target_skip_unavailable=False, cmake_clean_cache=False, cmake_clean_first=False, cmake_force_configure=False, ament_cmake_args=None, catkin_cmake_args=None, catkin_skip_building_tests=False, verb_parser=<colcon_defaults.argument_parser.defaults.DefaultArgumentsDecorator object at 0x7cff4f21dba0>, verb_extension=<colcon_core.verb.build.BuildVerb object at 0x7cff4f3e7460>, main=<bound method BuildVerb.main of <colcon_core.verb.build.BuildVerb object at 0x7cff4f3e7460>>)
[0.214s] Level 1:colcon.colcon_core.package_discovery:discover_packages(colcon_meta) check parameters
[0.214s] Level 1:colcon.colcon_core.package_discovery:discover_packages(recursive) check parameters
[0.214s] Level 1:colcon.colcon_core.package_discovery:discover_packages(ignore) check parameters
[0.214s] Level 1:colcon.colcon_core.package_discovery:discover_packages(path) check parameters
[0.214s] Level 1:colcon.colcon_core.package_discovery:discover_packages(colcon_meta) discover
[0.214s] Level 1:colcon.colcon_core.package_discovery:discover_packages(recursive) discover
[0.214s] INFO:colcon.colcon_core.package_discovery:Crawling recursively for packages in '/home/juan/ros2_ws/phantom_ws'
[0.214s] Level 1:colcon.colcon_core.package_identification:_identify(.) by extensions ['ignore', 'ignore_ament_install']
[0.214s] Level 1:colcon.colcon_core.package_identification:_identify(.) by extension 'ignore'
[0.214s] Level 1:colcon.colcon_core.package_identification:_identify(.) by extension 'ignore_ament_install'
[0.214s] Level 1:colcon.colcon_core.package_identification:_identify(.) by extensions ['colcon_pkg']
[0.214s] Level 1:colcon.colcon_core.package_identification:_identify(.) by extension 'colcon_pkg'
[0.214s] Level 1:colcon.colcon_core.package_identification:_identify(.) by extensions ['colcon_meta']
[0.214s] Level 1:colcon.colcon_core.package_identification:_identify(.) by extension 'colcon_meta'
[0.214s] Level 1:colcon.colcon_core.package_identification:_identify(.) by extensions ['ros']
[0.214s] Level 1:colcon.colcon_core.package_identification:_identify(.) by extension 'ros'
[0.222s] Level 1:colcon.colcon_core.package_identification:_identify(.) by extensions ['cmake', 'python']
[0.222s] Level 1:colcon.colcon_core.package_identification:_identify(.) by extension 'cmake'
[0.222s] Level 1:colcon.colcon_core.package_identification:_identify(.) by extension 'python'
[0.222s] Level 1:colcon.colcon_core.package_identification:_identify(.) by extensions ['python_setup_py']
[0.222s] Level 1:colcon.colcon_core.package_identification:_identify(.) by extension 'python_setup_py'
[0.223s] Level 1:colcon.colcon_core.package_identification:_identify(build) by extensions ['ignore', 'ignore_ament_install']
[0.223s] Level 1:colcon.colcon_core.package_identification:_identify(build) by extension 'ignore'
[0.223s] Level 1:colcon.colcon_core.package_identification:_identify(build) ignored
[0.223s] Level 1:colcon.colcon_core.package_identification:_identify(install) by extensions ['ignore', 'ignore_ament_install']
[0.223s] Level 1:colcon.colcon_core.package_identification:_identify(install) by extension 'ignore'
[0.223s] Level 1:colcon.colcon_core.package_identification:_identify(install) ignored
[0.223s] Level 1:colcon.colcon_core.package_identification:_identify(log) by extensions ['ignore', 'ignore_ament_install']
[0.223s] Level 1:colcon.colcon_core.package_identification:_identify(log) by extension 'ignore'
[0.223s] Level 1:colcon.colcon_core.package_identification:_identify(log) ignored
[0.223s] Level 1:colcon.colcon_core.package_identification:_identify(src) by extensions ['ignore', 'ignore_ament_install']
[0.223s] Level 1:colcon.colcon_core.package_identification:_identify(src) by extension 'ignore'
[0.223s] Level 1:colcon.colcon_core.package_identification:_identify(src) by extension 'ignore_ament_install'
[0.223s] Level 1:colcon.colcon_core.package_identification:_identify(src) by extensions ['colcon_pkg']
[0.224s] Level 1:colcon.colcon_core.package_identification:_identify(src) by extension 'colcon_pkg'
[0.224s] Level 1:colcon.colcon_core.package_identification:_identify(src) by extensions ['colcon_meta']
[0.224s] Level 1:colcon.colcon_core.package_identification:_identify(src) by extension 'colcon_meta'
[0.224s] Level 1:colcon.colcon_core.package_identification:_identify(src) by extensions ['ros']
[0.224s] Level 1:colcon.colcon_core.package_identification:_identify(src) by extension 'ros'
[0.224s] Level 1:colcon.colcon_core.package_identification:_identify(src) by extensions ['cmake', 'python']
[0.224s] Level 1:colcon.colcon_core.package_identification:_identify(src) by extension 'cmake'
[0.224s] Level 1:colcon.colcon_core.package_identification:_identify(src) by extension 'python'
[0.224s] Level 1:colcon.colcon_core.package_identification:_identify(src) by extensions ['python_setup_py']
[0.224s] Level 1:colcon.colcon_core.package_identification:_identify(src) by extension 'python_setup_py'
[0.224s] Level 1:colcon.colcon_core.package_identification:_identify(src/phantomx_pincher_description) by extensions ['ignore', 'ignore_ament_install']
[0.224s] Level 1:colcon.colcon_core.package_identification:_identify(src/phantomx_pincher_description) by extension 'ignore'
[0.224s] Level 1:colcon.colcon_core.package_identification:_identify(src/phantomx_pincher_description) by extension 'ignore_ament_install'
[0.224s] Level 1:colcon.colcon_core.package_identification:_identify(src/phantomx_pincher_description) by extensions ['colcon_pkg']
[0.224s] Level 1:colcon.colcon_core.package_identification:_identify(src/phantomx_pincher_description) by extension 'colcon_pkg'
[0.224s] Level 1:colcon.colcon_core.package_identification:_identify(src/phantomx_pincher_description) by extensions ['colcon_meta']
[0.224s] Level 1:colcon.colcon_core.package_identification:_identify(src/phantomx_pincher_description) by extension 'colcon_meta'
[0.224s] Level 1:colcon.colcon_core.package_identification:_identify(src/phantomx_pincher_description) by extensions ['ros']
[0.224s] Level 1:colcon.colcon_core.package_identification:_identify(src/phantomx_pincher_description) by extension 'ros'
[0.232s] DEBUG:colcon.colcon_core.package_identification:Package 'src/phantomx_pincher_description' with type 'ros.ament_cmake' and name 'phantomx_pincher_description'
[0.232s] Level 1:colcon.colcon_core.package_identification:_identify(src/phantomx_pincher_moveit_config) by extensions ['ignore', 'ignore_ament_install']
[0.232s] Level 1:colcon.colcon_core.package_identification:_identify(src/phantomx_pincher_moveit_config) by extension 'ignore'
[0.232s] Level 1:colcon.colcon_core.package_identification:_identify(src/phantomx_pincher_moveit_config) by extension 'ignore_ament_install'
[0.232s] Level 1:colcon.colcon_core.package_identification:_identify(src/phantomx_pincher_moveit_config) by extensions ['colcon_pkg']
[0.232s] Level 1:colcon.colcon_core.package_identification:_identify(src/phantomx_pincher_moveit_config) by extension 'colcon_pkg'
[0.232s] Level 1:colcon.colcon_core.package_identification:_identify(src/phantomx_pincher_moveit_config) by extensions ['colcon_meta']
[0.232s] Level 1:colcon.colcon_core.package_identification:_identify(src/phantomx_pincher_moveit_config) by extension 'colcon_meta'
[0.232s] Level 1:colcon.colcon_core.package_identification:_identify(src/phantomx_pincher_moveit_config) by extensions ['ros']
[0.232s] Level 1:colcon.colcon_core.package_identification:_identify(src/phantomx_pincher_moveit_config) by extension 'ros'
[0.233s] DEBUG:colcon.colcon_core.package_identification:Package 'src/phantomx_pincher_moveit_config' with type 'ros.ament_cmake' and name 'phantomx_pincher_moveit_config'
[0.233s] Level 1:colcon.colcon_core.package_identification:_identify(src/pincher_control) by extensions ['ignore', 'ignore_ament_install']
[0.233s] Level 1:colcon.colcon_core.package_identification:_identify(src/pincher_control) by extension 'ignore'
[0.233s] Level 1:colcon.colcon_core.package_identification:_identify(src/pincher_control) by extension 'ignore_ament_install'
[0.233s] Level 1:colcon.colcon_core.package_identification:_identify(src/pincher_control) by extensions ['colcon_pkg']
[0.233s] Level 1:colcon.colcon_core.package_identification:_identify(src/pincher_control) by extension 'colcon_pkg'
[0.233s] Level 1:colcon.colcon_core.package_identification:_identify(src/pincher_control) by extensions ['colcon_meta']
[0.233s] Level 1:colcon.colcon_core.package_identification:_identify(src/pincher_control) by extension 'colcon_meta'
[0.233s] Level 1:colcon.colcon_core.package_identification:_identify(src/pincher_control) by extensions ['ros']
[0.233s] Level 1:colcon.colcon_core.package_identification:_identify(src/pincher_control) by extension 'ros'
[0.233s] DEBUG:colcon.colcon_core.package_identification:Package 'src/pincher_control' with type 'ros.ament_python' and name 'pincher_control'
[0.234s] Level 1:colcon.colcon_core.package_identification:_identify(src/pincher_description) by extensions ['ignore', 'ignore_ament_install']
[0.234s] Level 1:colcon.colcon_core.package_identification:_identify(src/pincher_description) by extension 'ignore'
[0.234s] Level 1:colcon.colcon_core.package_identification:_identify(src/pincher_description) by extension 'ignore_ament_install'
[0.234s] Level 1:colcon.colcon_core.package_identification:_identify(src/pincher_description) by extensions ['colcon_pkg']
[0.234s] Level 1:colcon.colcon_core.package_identification:_identify(src/pincher_description) by extension 'colcon_pkg'
[0.234s] Level 1:colcon.colcon_core.package_identification:_identify(src/pincher_description) by extensions ['colcon_meta']
[0.234s] Level 1:colcon.colcon_core.package_identification:_identify(src/pincher_description) by extension 'colcon_meta'
[0.234s] Level 1:colcon.colcon_core.package_identification:_identify(src/pincher_description) by extensions ['ros']
[0.234s] Level 1:colcon.colcon_core.package_identification:_identify(src/pincher_description) by extension 'ros'
[0.234s] DEBUG:colcon.colcon_core.package_identification:Package 'src/pincher_description' with type 'ros.ament_python' and name 'pincher_description'
[0.234s] Level 1:colcon.colcon_core.package_discovery:discover_packages(recursive) using defaults
[0.234s] Level 1:colcon.colcon_core.package_discovery:discover_packages(ignore) discover
[0.234s] Level 1:colcon.colcon_core.package_discovery:discover_packages(ignore) using defaults
[0.234s] Level 1:colcon.colcon_core.package_discovery:discover_packages(path) discover
[0.234s] Level 1:colcon.colcon_core.package_discovery:discover_packages(path) using defaults
[0.248s] Level 1:colcon.colcon_core.package_discovery:discover_packages(prefix_path) check parameters
[0.248s] Level 1:colcon.colcon_core.package_discovery:discover_packages(prefix_path) discover
[0.250s] DEBUG:colcon.colcon_installed_package_information.package_discovery:Found 447 installed packages in /opt/ros/humble
[0.251s] Level 1:colcon.colcon_core.package_discovery:discover_packages(prefix_path) using defaults
[0.286s] Level 5:colcon.colcon_core.verb:set package 'phantomx_pincher_description' build argument 'cmake_args' from command line to 'None'
[0.286s] Level 5:colcon.colcon_core.verb:set package 'phantomx_pincher_description' build argument 'cmake_target' from command line to 'None'
[0.286s] Level 5:colcon.colcon_core.verb:set package 'phantomx_pincher_description' build argument 'cmake_target_skip_unavailable' from command line to 'False'
[0.286s] Level 5:colcon.colcon_core.verb:set package 'phantomx_pincher_description' build argument 'cmake_clean_cache' from command line to 'False'
[0.286s] Level 5:colcon.colcon_core.verb:set package 'phantomx_pincher_description' build argument 'cmake_clean_first' from command line to 'False'
[0.286s] Level 5:colcon.colcon_core.verb:set package 'phantomx_pincher_description' build argument 'cmake_force_configure' from command line to 'False'
[0.286s] Level 5:colcon.colcon_core.verb:set package 'phantomx_pincher_description' build argument 'ament_cmake_args' from command line to 'None'
[0.286s] Level 5:colcon.colcon_core.verb:set package 'phantomx_pincher_description' build argument 'catkin_cmake_args' from command line to 'None'
[0.286s] Level 5:colcon.colcon_core.verb:set package 'phantomx_pincher_description' build argument 'catkin_skip_building_tests' from command line to 'False'
[0.286s] DEBUG:colcon.colcon_core.verb:Building package 'phantomx_pincher_description' with the following arguments: {'ament_cmake_args': None, 'build_base': '/home/juan/ros2_ws/phantom_ws/build/phantomx_pincher_description', 'catkin_cmake_args': None, 'catkin_skip_building_tests': False, 'cmake_args': None, 'cmake_clean_cache': False, 'cmake_clean_first': False, 'cmake_force_configure': False, 'cmake_target': None, 'cmake_target_skip_unavailable': False, 'install_base': '/home/juan/ros2_ws/phantom_ws/install/phantomx_pincher_description', 'merge_install': False, 'path': '/home/juan/ros2_ws/phantom_ws/src/phantomx_pincher_description', 'symlink_install': False, 'test_result_base': None}
[0.286s] Level 5:colcon.colcon_core.verb:set package 'pincher_control' build argument 'cmake_args' from command line to 'None'
[0.286s] Level 5:colcon.colcon_core.verb:set package 'pincher_control' build argument 'cmake_target' from command line to 'None'
[0.286s] Level 5:colcon.colcon_core.verb:set package 'pincher_control' build argument 'cmake_target_skip_unavailable' from command line to 'False'
[0.286s] Level 5:colcon.colcon_core.verb:set package 'pincher_control' build argument 'cmake_clean_cache' from command line to 'False'
[0.286s] Level 5:colcon.colcon_core.verb:set package 'pincher_control' build argument 'cmake_clean_first' from command line to 'False'
[0.286s] Level 5:colcon.colcon_core.verb:set package 'pincher_control' build argument 'cmake_force_configure' from command line to 'False'
[0.286s] Level 5:colcon.colcon_core.verb:set package 'pincher_control' build argument 'ament_cmake_args' from command line to 'None'
[0.286s] Level 5:colcon.colcon_core.verb:set package 'pincher_control' build argument 'catkin_cmake_args' from command line to 'None'
[0.286s] Level 5:colcon.colcon_core.verb:set package 'pincher_control' build argument 'catkin_skip_building_tests' from command line to 'False'
[0.286s] DEBUG:colcon.colcon_core.verb:Building package 'pincher_control' with the following arguments: {'ament_cmake_args': None, 'build_base': '/home/juan/ros2_ws/phantom_ws/build/pincher_control', 'catkin_cmake_args': None, 'catkin_skip_building_tests': False, 'cmake_args': None, 'cmake_clean_cache': False, 'cmake_clean_first': False, 'cmake_force_configure': False, 'cmake_target': None, 'cmake_target_skip_unavailable': False, 'install_base': '/home/juan/ros2_ws/phantom_ws/install/pincher_control', 'merge_install': False, 'path': '/home/juan/ros2_ws/phantom_ws/src/pincher_control', 'symlink_install': False, 'test_result_base': None}
[0.286s] Level 5:colcon.colcon_core.verb:set package 'pincher_description' build argument 'cmake_args' from command line to 'None'
[0.286s] Level 5:colcon.colcon_core.verb:set package 'pincher_description' build argument 'cmake_target' from command line to 'None'
[0.286s] Level 5:colcon.colcon_core.verb:set package 'pincher_description' build argument 'cmake_target_skip_unavailable' from command line to 'False'
[0.286s] Level 5:colcon.colcon_core.verb:set package 'pincher_description' build argument 'cmake_clean_cache' from command line to 'False'
[0.286s] Level 5:colcon.colcon_core.verb:set package 'pincher_description' build argument 'cmake_clean_first' from command line to 'False'
[0.286s] Level 5:colcon.colcon_core.verb:set package 'pincher_description' build argument 'cmake_force_configure' from command line to 'False'
[0.286s] Level 5:colcon.colcon_core.verb:set package 'pincher_description' build argument 'ament_cmake_args' from command line to 'None'
[0.286s] Level 5:colcon.colcon_core.verb:set package 'pincher_description' build argument 'catkin_cmake_args' from command line to 'None'
[0.286s] Level 5:colcon.colcon_core.verb:set package 'pincher_description' build argument 'catkin_skip_building_tests' from command line to 'False'
[0.286s] DEBUG:colcon.colcon_core.verb:Building package 'pincher_description' with the following arguments: {'ament_cmake_args': None, 'build_base': '/home/juan/ros2_ws/phantom_ws/build/pincher_description', 'catkin_cmake_args': None, 'catkin_skip_building_tests': False, 'cmake_args': None, 'cmake_clean_cache': False, 'cmake_clean_first': False, 'cmake_force_configure': False, 'cmake_target': None, 'cmake_target_skip_unavailable': False, 'install_base': '/home/juan/ros2_ws/phantom_ws/install/pincher_description', 'merge_install': False, 'path': '/home/juan/ros2_ws/phantom_ws/src/pincher_description', 'symlink_install': False, 'test_result_base': None}
[0.287s] Level 5:colcon.colcon_core.verb:set package 'phantomx_pincher_moveit_config' build argument 'cmake_args' from command line to 'None'
[0.287s] Level 5:colcon.colcon_core.verb:set package 'phantomx_pincher_moveit_config' build argument 'cmake_target' from command line to 'None'
[0.287s] Level 5:colcon.colcon_core.verb:set package 'phantomx_pincher_moveit_config' build argument 'cmake_target_skip_unavailable' from command line to 'False'
[0.287s] Level 5:colcon.colcon_core.verb:set package 'phantomx_pincher_moveit_config' build argument 'cmake_clean_cache' from command line to 'False'
[0.287s] Level 5:colcon.colcon_core.verb:set package 'phantomx_pincher_moveit_config' build argument 'cmake_clean_first' from command line to 'False'
[0.287s] Level 5:colcon.colcon_core.verb:set package 'phantomx_pincher_moveit_config' build argument 'cmake_force_configure' from command line to 'False'
[0.287s] Level 5:colcon.colcon_core.verb:set package 'phantomx_pincher_moveit_config' build argument 'ament_cmake_args' from command line to 'None'
[0.287s] Level 5:colcon.colcon_core.verb:set package 'phantomx_pincher_moveit_config' build argument 'catkin_cmake_args' from command line to 'None'
[0.287s] Level 5:colcon.colcon_core.verb:set package 'phantomx_pincher_moveit_config' build argument 'catkin_skip_building_tests' from command line to 'False'
[0.287s] DEBUG:colcon.colcon_core.verb:Building package 'phantomx_pincher_moveit_config' with the following arguments: {'ament_cmake_args': None, 'build_base': '/home/juan/ros2_ws/phantom_ws/build/phantomx_pincher_moveit_config', 'catkin_cmake_args': None, 'catkin_skip_building_tests': False, 'cmake_args': None, 'cmake_clean_cache': False, 'cmake_clean_first': False, 'cmake_force_configure': False, 'cmake_target': None, 'cmake_target_skip_unavailable': False, 'install_base': '/home/juan/ros2_ws/phantom_ws/install/phantomx_pincher_moveit_config', 'merge_install': False, 'path': '/home/juan/ros2_ws/phantom_ws/src/phantomx_pincher_moveit_config', 'symlink_install': False, 'test_result_base': None}
[0.287s] INFO:colcon.colcon_core.executor:Executing jobs using 'parallel' executor
[0.288s] DEBUG:colcon.colcon_parallel_executor.executor.parallel:run_until_complete
[0.288s] INFO:colcon.colcon_ros.task.ament_cmake.build:Building ROS package in '/home/juan/ros2_ws/phantom_ws/src/phantomx_pincher_description' with build type 'ament_cmake'
[0.288s] INFO:colcon.colcon_cmake.task.cmake.build:Building CMake package in '/home/juan/ros2_ws/phantom_ws/src/phantomx_pincher_description'
[0.290s] INFO:colcon.colcon_core.plugin_system:Skipping extension 'colcon_core.shell.bat': Not used on non-Windows systems
[0.290s] INFO:colcon.colcon_core.shell:Skip shell extension 'powershell' for command environment: Not usable outside of PowerShell
[0.290s] DEBUG:colcon.colcon_core.shell:Skip shell extension 'dsv' for command environment
[0.293s] INFO:colcon.colcon_ros.task.ament_python.build:Building ROS package in '/home/juan/ros2_ws/phantom_ws/src/pincher_control' with build type 'ament_python'
[0.293s] Level 1:colcon.colcon_core.shell:create_environment_hook('pincher_control', 'ament_prefix_path')
[0.293s] INFO:colcon.colcon_core.shell:Creating environment hook '/home/juan/ros2_ws/phantom_ws/install/pincher_control/share/pincher_control/hook/ament_prefix_path.ps1'
[0.294s] INFO:colcon.colcon_core.shell:Creating environment descriptor '/home/juan/ros2_ws/phantom_ws/install/pincher_control/share/pincher_control/hook/ament_prefix_path.dsv'
[0.294s] INFO:colcon.colcon_core.shell:Creating environment hook '/home/juan/ros2_ws/phantom_ws/install/pincher_control/share/pincher_control/hook/ament_prefix_path.sh'
[0.295s] INFO:colcon.colcon_core.shell:Skip shell extension 'powershell' for command environment: Not usable outside of PowerShell
[0.295s] DEBUG:colcon.colcon_core.shell:Skip shell extension 'dsv' for command environment
[0.300s] DEBUG:colcon.colcon_core.event_handler.log_command:Invoking command in '/home/juan/ros2_ws/phantom_ws/build/phantomx_pincher_description': CMAKE_PREFIX_PATH=/opt/ros/humble /usr/bin/cmake --build /home/juan/ros2_ws/phantom_ws/build/phantomx_pincher_description -- -j2 -l2
[0.499s] INFO:colcon.colcon_core.task.python.build:Building Python package in '/home/juan/ros2_ws/phantom_ws/src/pincher_control'
[0.499s] INFO:colcon.colcon_core.shell:Skip shell extension 'powershell' for command environment: Not usable outside of PowerShell
[0.499s] DEBUG:colcon.colcon_core.shell:Skip shell extension 'dsv' for command environment
[0.504s] DEBUG:colcon.colcon_core.event_handler.log_command:Invoked command in '/home/juan/ros2_ws/phantom_ws/build/phantomx_pincher_description' returned '0': CMAKE_PREFIX_PATH=/opt/ros/humble /usr/bin/cmake --build /home/juan/ros2_ws/phantom_ws/build/phantomx_pincher_description -- -j2 -l2
[0.514s] DEBUG:colcon.colcon_core.event_handler.log_command:Invoking command in '/home/juan/ros2_ws/phantom_ws/build/phantomx_pincher_description': CMAKE_PREFIX_PATH=/opt/ros/humble /usr/bin/cmake --install /home/juan/ros2_ws/phantom_ws/build/phantomx_pincher_description
[0.953s] DEBUG:colcon.colcon_core.event_handler.log_command:Invoking command in '/home/juan/ros2_ws/phantom_ws/src/pincher_control': PYTHONPATH=/home/juan/ros2_ws/phantom_ws/build/pincher_control/prefix_override:/usr/lib/python3/dist-packages/colcon_core/task/python/colcon_distutils_commands:/home/juan/ros2_ws/phantom_ws/install/pincher_control/lib/python3.10/site-packages:${PYTHONPATH} /usr/bin/python3 -W ignore:setup.py install is deprecated -W ignore:easy_install command is deprecated setup.py egg_info --egg-base ../../build/pincher_control build --build-base /home/juan/ros2_ws/phantom_ws/build/pincher_control/build install --record /home/juan/ros2_ws/phantom_ws/build/pincher_control/install.log --single-version-externally-managed install_data
[1.248s] DEBUG:colcon.colcon_core.event_handler.log_command:Invoked command in '/home/juan/ros2_ws/phantom_ws/src/pincher_control' returned '0': PYTHONPATH=/home/juan/ros2_ws/phantom_ws/build/pincher_control/prefix_override:/usr/lib/python3/dist-packages/colcon_core/task/python/colcon_distutils_commands:/home/juan/ros2_ws/phantom_ws/install/pincher_control/lib/python3.10/site-packages:${PYTHONPATH} /usr/bin/python3 -W ignore:setup.py install is deprecated -W ignore:easy_install command is deprecated setup.py egg_info --egg-base ../../build/pincher_control build --build-base /home/juan/ros2_ws/phantom_ws/build/pincher_control/build install --record /home/juan/ros2_ws/phantom_ws/build/pincher_control/install.log --single-version-externally-managed install_data
[1.249s] Level 1:colcon.colcon_core.environment:checking '/home/juan/ros2_ws/phantom_ws/install/pincher_control' for CMake module files
[1.250s] Level 1:colcon.colcon_core.environment:checking '/home/juan/ros2_ws/phantom_ws/install/pincher_control' for CMake config files
[1.250s] Level 1:colcon.colcon_core.environment:checking '/home/juan/ros2_ws/phantom_ws/install/pincher_control/lib'
[1.251s] Level 1:colcon.colcon_core.environment:checking '/home/juan/ros2_ws/phantom_ws/install/pincher_control/bin'
[1.251s] Level 1:colcon.colcon_core.environment:checking '/home/juan/ros2_ws/phantom_ws/install/pincher_control/lib/pkgconfig/pincher_control.pc'
[1.251s] Level 1:colcon.colcon_core.environment:checking '/home/juan/ros2_ws/phantom_ws/install/pincher_control/lib/python3.10/site-packages'
[1.251s] Level 1:colcon.colcon_core.shell:create_environment_hook('pincher_control', 'pythonpath')
[1.251s] INFO:colcon.colcon_core.shell:Creating environment hook '/home/juan/ros2_ws/phantom_ws/install/pincher_control/share/pincher_control/hook/pythonpath.ps1'
[1.252s] INFO:colcon.colcon_core.shell:Creating environment descriptor '/home/juan/ros2_ws/phantom_ws/install/pincher_control/share/pincher_control/hook/pythonpath.dsv'
[1.253s] INFO:colcon.colcon_core.shell:Creating environment hook '/home/juan/ros2_ws/phantom_ws/install/pincher_control/share/pincher_control/hook/pythonpath.sh'
[1.253s] Level 1:colcon.colcon_core.environment:checking '/home/juan/ros2_ws/phantom_ws/install/pincher_control/bin'
[1.253s] Level 1:colcon.colcon_core.environment:create_environment_scripts_only(pincher_control)
[1.254s] INFO:colcon.colcon_core.shell:Creating package script '/home/juan/ros2_ws/phantom_ws/install/pincher_control/share/pincher_control/package.ps1'
[1.255s] INFO:colcon.colcon_core.shell:Creating package descriptor '/home/juan/ros2_ws/phantom_ws/install/pincher_control/share/pincher_control/package.dsv'
[1.256s] INFO:colcon.colcon_core.shell:Creating package script '/home/juan/ros2_ws/phantom_ws/install/pincher_control/share/pincher_control/package.sh'
[1.257s] INFO:colcon.colcon_core.shell:Creating package script '/home/juan/ros2_ws/phantom_ws/install/pincher_control/share/pincher_control/package.bash'
[1.258s] INFO:colcon.colcon_core.shell:Creating package script '/home/juan/ros2_ws/phantom_ws/install/pincher_control/share/pincher_control/package.zsh'
[1.259s] Level 1:colcon.colcon_core.environment:create_file_with_runtime_dependencies(/home/juan/ros2_ws/phantom_ws/install/pincher_control/share/colcon-core/packages/pincher_control)
[1.259s] INFO:colcon.colcon_ros.task.ament_python.build:Building ROS package in '/home/juan/ros2_ws/phantom_ws/src/pincher_description' with build type 'ament_python'
[1.260s] Level 1:colcon.colcon_core.shell:create_environment_hook('pincher_description', 'ament_prefix_path')
[1.260s] INFO:colcon.colcon_core.shell:Creating environment hook '/home/juan/ros2_ws/phantom_ws/install/pincher_description/share/pincher_description/hook/ament_prefix_path.ps1'
[1.260s] INFO:colcon.colcon_core.shell:Creating environment descriptor '/home/juan/ros2_ws/phantom_ws/install/pincher_description/share/pincher_description/hook/ament_prefix_path.dsv'
[1.261s] INFO:colcon.colcon_core.shell:Creating environment hook '/home/juan/ros2_ws/phantom_ws/install/pincher_description/share/pincher_description/hook/ament_prefix_path.sh'
[1.262s] INFO:colcon.colcon_core.shell:Skip shell extension 'powershell' for command environment: Not usable outside of PowerShell
[1.262s] DEBUG:colcon.colcon_core.shell:Skip shell extension 'dsv' for command environment
[1.521s] INFO:colcon.colcon_core.task.python.build:Building Python package in '/home/juan/ros2_ws/phantom_ws/src/pincher_description'
[1.522s] INFO:colcon.colcon_core.shell:Skip shell extension 'powershell' for command environment: Not usable outside of PowerShell
[1.522s] DEBUG:colcon.colcon_core.shell:Skip shell extension 'dsv' for command environment
[1.527s] Level 1:colcon.colcon_core.environment:create_environment_scripts_only(phantomx_pincher_description)
[1.527s] Level 1:colcon.colcon_core.environment:checking '/home/juan/ros2_ws/phantom_ws/install/phantomx_pincher_description' for CMake module files
[1.528s] Level 1:colcon.colcon_core.environment:checking '/home/juan/ros2_ws/phantom_ws/install/phantomx_pincher_description' for CMake config files
[1.528s] Level 1:colcon.colcon_core.shell:create_environment_hook('phantomx_pincher_description', 'cmake_prefix_path')
[1.528s] INFO:colcon.colcon_core.shell:Creating environment hook '/home/juan/ros2_ws/phantom_ws/install/phantomx_pincher_description/share/phantomx_pincher_description/hook/cmake_prefix_path.ps1'
[1.530s] DEBUG:colcon.colcon_core.event_handler.log_command:Invoked command in '/home/juan/ros2_ws/phantom_ws/build/phantomx_pincher_description' returned '0': CMAKE_PREFIX_PATH=/opt/ros/humble /usr/bin/cmake --install /home/juan/ros2_ws/phantom_ws/build/phantomx_pincher_description
[1.531s] INFO:colcon.colcon_core.shell:Creating environment descriptor '/home/juan/ros2_ws/phantom_ws/install/phantomx_pincher_description/share/phantomx_pincher_description/hook/cmake_prefix_path.dsv'
[1.531s] INFO:colcon.colcon_core.shell:Creating environment hook '/home/juan/ros2_ws/phantom_ws/install/phantomx_pincher_description/share/phantomx_pincher_description/hook/cmake_prefix_path.sh'
[1.532s] Level 1:colcon.colcon_core.environment:checking '/home/juan/ros2_ws/phantom_ws/install/phantomx_pincher_description/lib'
[1.532s] Level 1:colcon.colcon_core.environment:checking '/home/juan/ros2_ws/phantom_ws/install/phantomx_pincher_description/bin'
[1.532s] Level 1:colcon.colcon_core.environment:checking '/home/juan/ros2_ws/phantom_ws/install/phantomx_pincher_description/lib/pkgconfig/phantomx_pincher_description.pc'
[1.532s] Level 1:colcon.colcon_core.environment:checking '/home/juan/ros2_ws/phantom_ws/install/phantomx_pincher_description/lib/python3.10/site-packages'
[1.533s] Level 1:colcon.colcon_core.environment:checking '/home/juan/ros2_ws/phantom_ws/install/phantomx_pincher_description/bin'
[1.533s] INFO:colcon.colcon_core.shell:Creating package script '/home/juan/ros2_ws/phantom_ws/install/phantomx_pincher_description/share/phantomx_pincher_description/package.ps1'
[1.533s] INFO:colcon.colcon_core.shell:Creating package descriptor '/home/juan/ros2_ws/phantom_ws/install/phantomx_pincher_description/share/phantomx_pincher_description/package.dsv'
[1.534s] INFO:colcon.colcon_core.shell:Creating package script '/home/juan/ros2_ws/phantom_ws/install/phantomx_pincher_description/share/phantomx_pincher_description/package.sh'
[1.534s] INFO:colcon.colcon_core.shell:Creating package script '/home/juan/ros2_ws/phantom_ws/install/phantomx_pincher_description/share/phantomx_pincher_description/package.bash'
[1.534s] INFO:colcon.colcon_core.shell:Creating package script '/home/juan/ros2_ws/phantom_ws/install/phantomx_pincher_description/share/phantomx_pincher_description/package.zsh'
[1.534s] Level 1:colcon.colcon_core.environment:create_file_with_runtime_dependencies(/home/juan/ros2_ws/phantom_ws/install/phantomx_pincher_description/share/colcon-core/packages/phantomx_pincher_description)
[1.535s] Level 1:colcon.colcon_core.environment:create_environment_scripts_only(phantomx_pincher_description)
[1.535s] Level 1:colcon.colcon_core.environment:checking '/home/juan/ros2_ws/phantom_ws/install/phantomx_pincher_description' for CMake module files
[1.536s] Level 1:colcon.colcon_core.environment:checking '/home/juan/ros2_ws/phantom_ws/install/phantomx_pincher_description' for CMake config files
[1.536s] Level 1:colcon.colcon_core.shell:create_environment_hook('phantomx_pincher_description', 'cmake_prefix_path')
[1.536s] INFO:colcon.colcon_core.shell:Creating environment hook '/home/juan/ros2_ws/phantom_ws/install/phantomx_pincher_description/share/phantomx_pincher_description/hook/cmake_prefix_path.ps1'
[1.536s] INFO:colcon.colcon_core.shell:Creating environment descriptor '/home/juan/ros2_ws/phantom_ws/install/phantomx_pincher_description/share/phantomx_pincher_description/hook/cmake_prefix_path.dsv'
[1.537s] INFO:colcon.colcon_core.shell:Creating environment hook '/home/juan/ros2_ws/phantom_ws/install/phantomx_pincher_description/share/phantomx_pincher_description/hook/cmake_prefix_path.sh'
[1.538s] Level 1:colcon.colcon_core.environment:checking '/home/juan/ros2_ws/phantom_ws/install/phantomx_pincher_description/lib'
[1.538s] Level 1:colcon.colcon_core.environment:checking '/home/juan/ros2_ws/phantom_ws/install/phantomx_pincher_description/bin'
[1.538s] Level 1:colcon.colcon_core.environment:checking '/home/juan/ros2_ws/phantom_ws/install/phantomx_pincher_description/lib/pkgconfig/phantomx_pincher_description.pc'
[1.538s] Level 1:colcon.colcon_core.environment:checking '/home/juan/ros2_ws/phantom_ws/install/phantomx_pincher_description/lib/python3.10/site-packages'
[1.538s] Level 1:colcon.colcon_core.environment:checking '/home/juan/ros2_ws/phantom_ws/install/phantomx_pincher_description/bin'
[1.538s] INFO:colcon.colcon_core.shell:Creating package script '/home/juan/ros2_ws/phantom_ws/install/phantomx_pincher_description/share/phantomx_pincher_description/package.ps1'
[1.539s] INFO:colcon.colcon_core.shell:Creating package descriptor '/home/juan/ros2_ws/phantom_ws/install/phantomx_pincher_description/share/phantomx_pincher_description/package.dsv'
[1.539s] INFO:colcon.colcon_core.shell:Creating package script '/home/juan/ros2_ws/phantom_ws/install/phantomx_pincher_description/share/phantomx_pincher_description/package.sh'
[1.540s] INFO:colcon.colcon_core.shell:Creating package script '/home/juan/ros2_ws/phantom_ws/install/phantomx_pincher_description/share/phantomx_pincher_description/package.bash'
[1.540s] INFO:colcon.colcon_core.shell:Creating package script '/home/juan/ros2_ws/phantom_ws/install/phantomx_pincher_description/share/phantomx_pincher_description/package.zsh'
[1.540s] Level 1:colcon.colcon_core.environment:create_file_with_runtime_dependencies(/home/juan/ros2_ws/phantom_ws/install/phantomx_pincher_description/share/colcon-core/packages/phantomx_pincher_description)
[1.541s] INFO:colcon.colcon_ros.task.ament_cmake.build:Building ROS package in '/home/juan/ros2_ws/phantom_ws/src/phantomx_pincher_moveit_config' with build type 'ament_cmake'
[1.541s] INFO:colcon.colcon_cmake.task.cmake.build:Building CMake package in '/home/juan/ros2_ws/phantom_ws/src/phantomx_pincher_moveit_config'
[1.541s] INFO:colcon.colcon_core.shell:Skip shell extension 'powershell' for command environment: Not usable outside of PowerShell
[1.541s] DEBUG:colcon.colcon_core.shell:Skip shell extension 'dsv' for command environment
[1.553s] DEBUG:colcon.colcon_core.event_handler.log_command:Invoking command in '/home/juan/ros2_ws/phantom_ws/build/phantomx_pincher_moveit_config': AMENT_PREFIX_PATH=/home/juan/ros2_ws/phantom_ws/install/phantomx_pincher_description:${AMENT_PREFIX_PATH} CMAKE_PREFIX_PATH=/home/juan/ros2_ws/phantom_ws/install/phantomx_pincher_description:/opt/ros/humble IGN_GAZEBO_RESOURCE_PATH=/home/juan/ros2_ws/phantom_ws/install/phantomx_pincher_description/share/phantomx_pincher_description /usr/bin/cmake --build /home/juan/ros2_ws/phantom_ws/build/phantomx_pincher_moveit_config -- -j2 -l2
[1.578s] DEBUG:colcon.colcon_core.event_handler.log_command:Invoked command in '/home/juan/ros2_ws/phantom_ws/build/phantomx_pincher_moveit_config' returned '0': AMENT_PREFIX_PATH=/home/juan/ros2_ws/phantom_ws/install/phantomx_pincher_description:${AMENT_PREFIX_PATH} CMAKE_PREFIX_PATH=/home/juan/ros2_ws/phantom_ws/install/phantomx_pincher_description:/opt/ros/humble IGN_GAZEBO_RESOURCE_PATH=/home/juan/ros2_ws/phantom_ws/install/phantomx_pincher_description/share/phantomx_pincher_description /usr/bin/cmake --build /home/juan/ros2_ws/phantom_ws/build/phantomx_pincher_moveit_config -- -j2 -l2
[1.582s] DEBUG:colcon.colcon_core.event_handler.log_command:Invoking command in '/home/juan/ros2_ws/phantom_ws/build/phantomx_pincher_moveit_config': AMENT_PREFIX_PATH=/home/juan/ros2_ws/phantom_ws/install/phantomx_pincher_description:${AMENT_PREFIX_PATH} CMAKE_PREFIX_PATH=/home/juan/ros2_ws/phantom_ws/install/phantomx_pincher_description:/opt/ros/humble IGN_GAZEBO_RESOURCE_PATH=/home/juan/ros2_ws/phantom_ws/install/phantomx_pincher_description/share/phantomx_pincher_description /usr/bin/cmake --install /home/juan/ros2_ws/phantom_ws/build/phantomx_pincher_moveit_config
[1.617s] Level 1:colcon.colcon_core.environment:create_environment_scripts_only(phantomx_pincher_moveit_config)
[1.617s] Level 1:colcon.colcon_core.environment:checking '/home/juan/ros2_ws/phantom_ws/install/phantomx_pincher_moveit_config' for CMake module files
[1.617s] DEBUG:colcon.colcon_core.event_handler.log_command:Invoked command in '/home/juan/ros2_ws/phantom_ws/build/phantomx_pincher_moveit_config' returned '0': AMENT_PREFIX_PATH=/home/juan/ros2_ws/phantom_ws/install/phantomx_pincher_description:${AMENT_PREFIX_PATH} CMAKE_PREFIX_PATH=/home/juan/ros2_ws/phantom_ws/install/phantomx_pincher_description:/opt/ros/humble IGN_GAZEBO_RESOURCE_PATH=/home/juan/ros2_ws/phantom_ws/install/phantomx_pincher_description/share/phantomx_pincher_description /usr/bin/cmake --install /home/juan/ros2_ws/phantom_ws/build/phantomx_pincher_moveit_config
[1.618s] Level 1:colcon.colcon_core.environment:checking '/home/juan/ros2_ws/phantom_ws/install/phantomx_pincher_moveit_config' for CMake config files
[1.618s] Level 1:colcon.colcon_core.shell:create_environment_hook('phantomx_pincher_moveit_config', 'cmake_prefix_path')
[1.618s] INFO:colcon.colcon_core.shell:Creating environment hook '/home/juan/ros2_ws/phantom_ws/install/phantomx_pincher_moveit_config/share/phantomx_pincher_moveit_config/hook/cmake_prefix_path.ps1'
[1.619s] INFO:colcon.colcon_core.shell:Creating environment descriptor '/home/juan/ros2_ws/phantom_ws/install/phantomx_pincher_moveit_config/share/phantomx_pincher_moveit_config/hook/cmake_prefix_path.dsv'
[1.620s] INFO:colcon.colcon_core.shell:Creating environment hook '/home/juan/ros2_ws/phantom_ws/install/phantomx_pincher_moveit_config/share/phantomx_pincher_moveit_config/hook/cmake_prefix_path.sh'
[1.620s] Level 1:colcon.colcon_core.environment:checking '/home/juan/ros2_ws/phantom_ws/install/phantomx_pincher_moveit_config/bin'
[1.620s] Level 1:colcon.colcon_core.environment:checking '/home/juan/ros2_ws/phantom_ws/install/phantomx_pincher_moveit_config/lib/pkgconfig/phantomx_pincher_moveit_config.pc'
[1.621s] Level 1:colcon.colcon_core.environment:checking '/home/juan/ros2_ws/phantom_ws/install/phantomx_pincher_moveit_config/lib/python3.10/site-packages'
[1.621s] Level 1:colcon.colcon_core.environment:checking '/home/juan/ros2_ws/phantom_ws/install/phantomx_pincher_moveit_config/bin'
[1.621s] INFO:colcon.colcon_core.shell:Creating package script '/home/juan/ros2_ws/phantom_ws/install/phantomx_pincher_moveit_config/share/phantomx_pincher_moveit_config/package.ps1'
[1.622s] INFO:colcon.colcon_core.shell:Creating package descriptor '/home/juan/ros2_ws/phantom_ws/install/phantomx_pincher_moveit_config/share/phantomx_pincher_moveit_config/package.dsv'
[1.622s] INFO:colcon.colcon_core.shell:Creating package script '/home/juan/ros2_ws/phantom_ws/install/phantomx_pincher_moveit_config/share/phantomx_pincher_moveit_config/package.sh'
[1.623s] INFO:colcon.colcon_core.shell:Creating package script '/home/juan/ros2_ws/phantom_ws/install/phantomx_pincher_moveit_config/share/phantomx_pincher_moveit_config/package.bash'
[1.624s] INFO:colcon.colcon_core.shell:Creating package script '/home/juan/ros2_ws/phantom_ws/install/phantomx_pincher_moveit_config/share/phantomx_pincher_moveit_config/package.zsh'
[1.624s] Level 1:colcon.colcon_core.environment:create_file_with_runtime_dependencies(/home/juan/ros2_ws/phantom_ws/install/phantomx_pincher_moveit_config/share/colcon-core/packages/phantomx_pincher_moveit_config)
[1.625s] Level 1:colcon.colcon_core.environment:create_environment_scripts_only(phantomx_pincher_moveit_config)
[1.625s] Level 1:colcon.colcon_core.environment:checking '/home/juan/ros2_ws/phantom_ws/install/phantomx_pincher_moveit_config' for CMake module files
[1.625s] Level 1:colcon.colcon_core.environment:checking '/home/juan/ros2_ws/phantom_ws/install/phantomx_pincher_moveit_config' for CMake config files
[1.626s] Level 1:colcon.colcon_core.shell:create_environment_hook('phantomx_pincher_moveit_config', 'cmake_prefix_path')
[1.626s] INFO:colcon.colcon_core.shell:Creating environment hook '/home/juan/ros2_ws/phantom_ws/install/phantomx_pincher_moveit_config/share/phantomx_pincher_moveit_config/hook/cmake_prefix_path.ps1'
[1.626s] INFO:colcon.colcon_core.shell:Creating environment descriptor '/home/juan/ros2_ws/phantom_ws/install/phantomx_pincher_moveit_config/share/phantomx_pincher_moveit_config/hook/cmake_prefix_path.dsv'
[1.627s] INFO:colcon.colcon_core.shell:Creating environment hook '/home/juan/ros2_ws/phantom_ws/install/phantomx_pincher_moveit_config/share/phantomx_pincher_moveit_config/hook/cmake_prefix_path.sh'
[1.630s] Level 1:colcon.colcon_core.environment:checking '/home/juan/ros2_ws/phantom_ws/install/phantomx_pincher_moveit_config/bin'
[1.630s] Level 1:colcon.colcon_core.environment:checking '/home/juan/ros2_ws/phantom_ws/install/phantomx_pincher_moveit_config/lib/pkgconfig/phantomx_pincher_moveit_config.pc'
[1.630s] Level 1:colcon.colcon_core.environment:checking '/home/juan/ros2_ws/phantom_ws/install/phantomx_pincher_moveit_config/lib/python3.10/site-packages'
[1.630s] Level 1:colcon.colcon_core.environment:checking '/home/juan/ros2_ws/phantom_ws/install/phantomx_pincher_moveit_config/bin'
[1.631s] INFO:colcon.colcon_core.shell:Creating package script '/home/juan/ros2_ws/phantom_ws/install/phantomx_pincher_moveit_config/share/phantomx_pincher_moveit_config/package.ps1'
[1.634s] INFO:colcon.colcon_core.shell:Creating package descriptor '/home/juan/ros2_ws/phantom_ws/install/phantomx_pincher_moveit_config/share/phantomx_pincher_moveit_config/package.dsv'
[1.634s] INFO:colcon.colcon_core.shell:Creating package script '/home/juan/ros2_ws/phantom_ws/install/phantomx_pincher_moveit_config/share/phantomx_pincher_moveit_config/package.sh'
[1.634s] INFO:colcon.colcon_core.shell:Creating package script '/home/juan/ros2_ws/phantom_ws/install/phantomx_pincher_moveit_config/share/phantomx_pincher_moveit_config/package.bash'
[1.635s] INFO:colcon.colcon_core.shell:Creating package script '/home/juan/ros2_ws/phantom_ws/install/phantomx_pincher_moveit_config/share/phantomx_pincher_moveit_config/package.zsh'
[1.635s] Level 1:colcon.colcon_core.environment:create_file_with_runtime_dependencies(/home/juan/ros2_ws/phantom_ws/install/phantomx_pincher_moveit_config/share/colcon-core/packages/phantomx_pincher_moveit_config)
[1.835s] DEBUG:colcon.colcon_core.event_handler.log_command:Invoking command in '/home/juan/ros2_ws/phantom_ws/src/pincher_description': PYTHONPATH=/home/juan/ros2_ws/phantom_ws/build/pincher_description/prefix_override:/usr/lib/python3/dist-packages/colcon_core/task/python/colcon_distutils_commands:/home/juan/ros2_ws/phantom_ws/install/pincher_description/lib/python3.10/site-packages:${PYTHONPATH} /usr/bin/python3 -W ignore:setup.py install is deprecated -W ignore:easy_install command is deprecated setup.py egg_info --egg-base ../../build/pincher_description build --build-base /home/juan/ros2_ws/phantom_ws/build/pincher_description/build install --record /home/juan/ros2_ws/phantom_ws/build/pincher_description/install.log --single-version-externally-managed install_data
[2.043s] Level 1:colcon.colcon_core.environment:checking '/home/juan/ros2_ws/phantom_ws/install/pincher_description' for CMake module files
[2.044s] DEBUG:colcon.colcon_core.event_handler.log_command:Invoked command in '/home/juan/ros2_ws/phantom_ws/src/pincher_description' returned '0': PYTHONPATH=/home/juan/ros2_ws/phantom_ws/build/pincher_description/prefix_override:/usr/lib/python3/dist-packages/colcon_core/task/python/colcon_distutils_commands:/home/juan/ros2_ws/phantom_ws/install/pincher_description/lib/python3.10/site-packages:${PYTHONPATH} /usr/bin/python3 -W ignore:setup.py install is deprecated -W ignore:easy_install command is deprecated setup.py egg_info --egg-base ../../build/pincher_description build --build-base /home/juan/ros2_ws/phantom_ws/build/pincher_description/build install --record /home/juan/ros2_ws/phantom_ws/build/pincher_description/install.log --single-version-externally-managed install_data
[2.044s] Level 1:colcon.colcon_core.environment:checking '/home/juan/ros2_ws/phantom_ws/install/pincher_description' for CMake config files
[2.045s] Level 1:colcon.colcon_core.environment:checking '/home/juan/ros2_ws/phantom_ws/install/pincher_description/lib'
[2.045s] Level 1:colcon.colcon_core.environment:checking '/home/juan/ros2_ws/phantom_ws/install/pincher_description/bin'
[2.045s] Level 1:colcon.colcon_core.environment:checking '/home/juan/ros2_ws/phantom_ws/install/pincher_description/lib/pkgconfig/pincher_description.pc'
[2.045s] Level 1:colcon.colcon_core.environment:checking '/home/juan/ros2_ws/phantom_ws/install/pincher_description/lib/python3.10/site-packages'
[2.045s] Level 1:colcon.colcon_core.shell:create_environment_hook('pincher_description', 'pythonpath')
[2.045s] INFO:colcon.colcon_core.shell:Creating environment hook '/home/juan/ros2_ws/phantom_ws/install/pincher_description/share/pincher_description/hook/pythonpath.ps1'
[2.046s] INFO:colcon.colcon_core.shell:Creating environment descriptor '/home/juan/ros2_ws/phantom_ws/install/pincher_description/share/pincher_description/hook/pythonpath.dsv'
[2.046s] INFO:colcon.colcon_core.shell:Creating environment hook '/home/juan/ros2_ws/phantom_ws/install/pincher_description/share/pincher_description/hook/pythonpath.sh'
[2.047s] Level 1:colcon.colcon_core.environment:checking '/home/juan/ros2_ws/phantom_ws/install/pincher_description/bin'
[2.047s] Level 1:colcon.colcon_core.environment:create_environment_scripts_only(pincher_description)
[2.048s] INFO:colcon.colcon_core.shell:Creating package script '/home/juan/ros2_ws/phantom_ws/install/pincher_description/share/pincher_description/package.ps1'
[2.048s] INFO:colcon.colcon_core.shell:Creating package descriptor '/home/juan/ros2_ws/phantom_ws/install/pincher_description/share/pincher_description/package.dsv'
[2.049s] INFO:colcon.colcon_core.shell:Creating package script '/home/juan/ros2_ws/phantom_ws/install/pincher_description/share/pincher_description/package.sh'
[2.049s] INFO:colcon.colcon_core.shell:Creating package script '/home/juan/ros2_ws/phantom_ws/install/pincher_description/share/pincher_description/package.bash'
[2.050s] INFO:colcon.colcon_core.shell:Creating package script '/home/juan/ros2_ws/phantom_ws/install/pincher_description/share/pincher_description/package.zsh'
[2.050s] Level 1:colcon.colcon_core.environment:create_file_with_runtime_dependencies(/home/juan/ros2_ws/phantom_ws/install/pincher_description/share/colcon-core/packages/pincher_description)
[2.051s] DEBUG:colcon.colcon_parallel_executor.executor.parallel:closing loop
[2.051s] DEBUG:colcon.colcon_parallel_executor.executor.parallel:loop closed
[2.051s] DEBUG:colcon.colcon_parallel_executor.executor.parallel:run_until_complete finished with '0'
[2.051s] DEBUG:colcon.colcon_core.event_reactor:joining thread
[2.055s] INFO:colcon.colcon_core.plugin_system:Skipping extension 'colcon_notification.desktop_notification.terminal_notifier': Not used on non-Darwin systems
[2.055s] INFO:colcon.colcon_core.plugin_system:Skipping extension 'colcon_notification.desktop_notification.win32': Not used on non-Windows systems
[2.056s] INFO:colcon.colcon_notification.desktop_notification:Sending desktop notification using 'notify2'
[2.084s] DEBUG:colcon.colcon_core.event_reactor:joined thread
[2.085s] INFO:colcon.colcon_core.shell:Creating prefix script '/home/juan/ros2_ws/phantom_ws/install/local_setup.ps1'
[2.088s] INFO:colcon.colcon_core.shell:Creating prefix util module '/home/juan/ros2_ws/phantom_ws/install/_local_setup_util_ps1.py'
[2.089s] INFO:colcon.colcon_core.shell:Creating prefix chain script '/home/juan/ros2_ws/phantom_ws/install/setup.ps1'
[2.090s] INFO:colcon.colcon_core.shell:Creating prefix script '/home/juan/ros2_ws/phantom_ws/install/local_setup.sh'
[2.090s] INFO:colcon.colcon_core.shell:Creating prefix util module '/home/juan/ros2_ws/phantom_ws/install/_local_setup_util_sh.py'
[2.091s] INFO:colcon.colcon_core.shell:Creating prefix chain script '/home/juan/ros2_ws/phantom_ws/install/setup.sh'
[2.094s] INFO:colcon.colcon_core.shell:Creating prefix script '/home/juan/ros2_ws/phantom_ws/install/local_setup.bash'
[2.094s] INFO:colcon.colcon_core.shell:Creating prefix chain script '/home/juan/ros2_ws/phantom_ws/install/setup.bash'
[2.095s] INFO:colcon.colcon_core.shell:Creating prefix script '/home/juan/ros2_ws/phantom_ws/install/local_setup.zsh'
[2.096s] INFO:colcon.colcon_core.shell:Creating prefix chain script '/home/juan/ros2_ws/phantom_ws/install/setup.zsh'
