[0.645s] Invoking command in '/home/juan/ros2_ws/turtlesim_ws/src/my_turtle_controller': PYTHONPATH=/home/juan/ros2_ws/turtlesim_ws/build/my_turtle_controller/prefix_override:/usr/lib/python3/dist-packages/colcon_core/task/python/colcon_distutils_commands:/home/juan/ros2_ws/turtlesim_ws/install/my_turtle_controller/lib/python3.10/site-packages:${PYTHONPATH} /usr/bin/python3 -W ignore:setup.py install is deprecated -W ignore:easy_install command is deprecated setup.py egg_info --egg-base ../../build/my_turtle_controller build --build-base /home/juan/ros2_ws/turtlesim_ws/build/my_turtle_controller/build install --record /home/juan/ros2_ws/turtlesim_ws/build/my_turtle_controller/install.log --single-version-externally-managed install_data
[0.884s] running egg_info
[0.887s] writing ../../build/my_turtle_controller/my_turtle_controller.egg-info/PKG-INFO
[0.887s] writing dependency_links to ../../build/my_turtle_controller/my_turtle_controller.egg-info/dependency_links.txt
[0.887s] writing entry points to ../../build/my_turtle_controller/my_turtle_controller.egg-info/entry_points.txt
[0.888s] writing requirements to ../../build/my_turtle_controller/my_turtle_controller.egg-info/requires.txt
[0.888s] writing top-level names to ../../build/my_turtle_controller/my_turtle_controller.egg-info/top_level.txt
[0.890s] reading manifest file '../../build/my_turtle_controller/my_turtle_controller.egg-info/SOURCES.txt'
[0.891s] writing manifest file '../../build/my_turtle_controller/my_turtle_controller.egg-info/SOURCES.txt'
[0.891s] running build
[0.891s] running build_py
[0.892s] copying my_turtle_controller/move_turtle.py -> /home/juan/ros2_ws/turtlesim_ws/build/my_turtle_controller/build/lib/my_turtle_controller
[0.892s] running install
[0.892s] running install_lib
[0.892s] copying /home/juan/ros2_ws/turtlesim_ws/build/my_turtle_controller/build/lib/my_turtle_controller/move_turtle.py -> /home/juan/ros2_ws/turtlesim_ws/install/my_turtle_controller/lib/python3.10/site-packages/my_turtle_controller
[0.894s] byte-compiling /home/juan/ros2_ws/turtlesim_ws/install/my_turtle_controller/lib/python3.10/site-packages/my_turtle_controller/move_turtle.py to move_turtle.cpython-310.pyc
[0.894s] running install_data
[0.894s] running install_egg_info
[0.897s] removing '/home/juan/ros2_ws/turtlesim_ws/install/my_turtle_controller/lib/python3.10/site-packages/my_turtle_controller-0.0.0-py3.10.egg-info' (and everything under it)
[0.897s] Copying ../../build/my_turtle_controller/my_turtle_controller.egg-info to /home/juan/ros2_ws/turtlesim_ws/install/my_turtle_controller/lib/python3.10/site-packages/my_turtle_controller-0.0.0-py3.10.egg-info
[0.898s] running install_scripts
[0.917s] Installing move_turtle script to /home/juan/ros2_ws/turtlesim_ws/install/my_turtle_controller/lib/my_turtle_controller
[0.917s] writing list of installed files to '/home/juan/ros2_ws/turtlesim_ws/build/my_turtle_controller/install.log'
[0.939s] Invoked command in '/home/juan/ros2_ws/turtlesim_ws/src/my_turtle_controller' returned '0': PYTHONPATH=/home/juan/ros2_ws/turtlesim_ws/build/my_turtle_controller/prefix_override:/usr/lib/python3/dist-packages/colcon_core/task/python/colcon_distutils_commands:/home/juan/ros2_ws/turtlesim_ws/install/my_turtle_controller/lib/python3.10/site-packages:${PYTHONPATH} /usr/bin/python3 -W ignore:setup.py install is deprecated -W ignore:easy_install command is deprecated setup.py egg_info --egg-base ../../build/my_turtle_controller build --build-base /home/juan/ros2_ws/turtlesim_ws/build/my_turtle_controller/build install --record /home/juan/ros2_ws/turtlesim_ws/build/my_turtle_controller/install.log --single-version-externally-managed install_data
