[0.759s] Invoking command in '/home/juan/ros2_ws/turtlesim_ws/src/my_turtle_controller': PYTHONPATH=/home/juan/ros2_ws/turtlesim_ws/build/my_turtle_controller/prefix_override:/usr/lib/python3/dist-packages/colcon_core/task/python/colcon_distutils_commands:/home/juan/ros2_ws/turtlesim_ws/install/my_turtle_controller/lib/python3.10/site-packages:${PYTHONPATH} /usr/bin/python3 -W ignore:setup.py install is deprecated -W ignore:easy_install command is deprecated setup.py egg_info --egg-base ../../build/my_turtle_controller build --build-base /home/juan/ros2_ws/turtlesim_ws/build/my_turtle_controller/build install --record /home/juan/ros2_ws/turtlesim_ws/build/my_turtle_controller/install.log --single-version-externally-managed install_data
[1.004s] running egg_info
[1.004s] creating ../../build/my_turtle_controller/my_turtle_controller.egg-info
[1.005s] writing ../../build/my_turtle_controller/my_turtle_controller.egg-info/PKG-INFO
[1.005s] writing dependency_links to ../../build/my_turtle_controller/my_turtle_controller.egg-info/dependency_links.txt
[1.005s] writing entry points to ../../build/my_turtle_controller/my_turtle_controller.egg-info/entry_points.txt
[1.005s] writing requirements to ../../build/my_turtle_controller/my_turtle_controller.egg-info/requires.txt
[1.005s] writing top-level names to ../../build/my_turtle_controller/my_turtle_controller.egg-info/top_level.txt
[1.005s] writing manifest file '../../build/my_turtle_controller/my_turtle_controller.egg-info/SOURCES.txt'
[1.011s] reading manifest file '../../build/my_turtle_controller/my_turtle_controller.egg-info/SOURCES.txt'
[1.011s] writing manifest file '../../build/my_turtle_controller/my_turtle_controller.egg-info/SOURCES.txt'
[1.011s] running build
[1.011s] running build_py
[1.011s] creating /home/juan/ros2_ws/turtlesim_ws/build/my_turtle_controller/build
[1.012s] creating /home/juan/ros2_ws/turtlesim_ws/build/my_turtle_controller/build/lib
[1.012s] creating /home/juan/ros2_ws/turtlesim_ws/build/my_turtle_controller/build/lib/my_turtle_controller
[1.012s] copying my_turtle_controller/move_turtle.py -> /home/juan/ros2_ws/turtlesim_ws/build/my_turtle_controller/build/lib/my_turtle_controller
[1.012s] copying my_turtle_controller/__init__.py -> /home/juan/ros2_ws/turtlesim_ws/build/my_turtle_controller/build/lib/my_turtle_controller
[1.012s] running install
[1.012s] running install_lib
[1.012s] creating /home/juan/ros2_ws/turtlesim_ws/install/my_turtle_controller/lib/python3.10/site-packages/my_turtle_controller
[1.012s] copying /home/juan/ros2_ws/turtlesim_ws/build/my_turtle_controller/build/lib/my_turtle_controller/move_turtle.py -> /home/juan/ros2_ws/turtlesim_ws/install/my_turtle_controller/lib/python3.10/site-packages/my_turtle_controller
[1.012s] copying /home/juan/ros2_ws/turtlesim_ws/build/my_turtle_controller/build/lib/my_turtle_controller/__init__.py -> /home/juan/ros2_ws/turtlesim_ws/install/my_turtle_controller/lib/python3.10/site-packages/my_turtle_controller
[1.012s] byte-compiling /home/juan/ros2_ws/turtlesim_ws/install/my_turtle_controller/lib/python3.10/site-packages/my_turtle_controller/move_turtle.py to move_turtle.cpython-310.pyc
[1.012s] byte-compiling /home/juan/ros2_ws/turtlesim_ws/install/my_turtle_controller/lib/python3.10/site-packages/my_turtle_controller/__init__.py to __init__.cpython-310.pyc
[1.012s] running install_data
[1.012s] creating /home/juan/ros2_ws/turtlesim_ws/install/my_turtle_controller/share/ament_index
[1.012s] creating /home/juan/ros2_ws/turtlesim_ws/install/my_turtle_controller/share/ament_index/resource_index
[1.012s] creating /home/juan/ros2_ws/turtlesim_ws/install/my_turtle_controller/share/ament_index/resource_index/packages
[1.012s] copying resource/my_turtle_controller -> /home/juan/ros2_ws/turtlesim_ws/install/my_turtle_controller/share/ament_index/resource_index/packages
[1.012s] copying package.xml -> /home/juan/ros2_ws/turtlesim_ws/install/my_turtle_controller/share/my_turtle_controller
[1.013s] running install_egg_info
[1.024s] Copying ../../build/my_turtle_controller/my_turtle_controller.egg-info to /home/juan/ros2_ws/turtlesim_ws/install/my_turtle_controller/lib/python3.10/site-packages/my_turtle_controller-0.0.0-py3.10.egg-info
[1.024s] running install_scripts
[1.037s] Installing move_turtle script to /home/juan/ros2_ws/turtlesim_ws/install/my_turtle_controller/lib/my_turtle_controller
[1.038s] writing list of installed files to '/home/juan/ros2_ws/turtlesim_ws/build/my_turtle_controller/install.log'
[1.062s] Invoked command in '/home/juan/ros2_ws/turtlesim_ws/src/my_turtle_controller' returned '0': PYTHONPATH=/home/juan/ros2_ws/turtlesim_ws/build/my_turtle_controller/prefix_override:/usr/lib/python3/dist-packages/colcon_core/task/python/colcon_distutils_commands:/home/juan/ros2_ws/turtlesim_ws/install/my_turtle_controller/lib/python3.10/site-packages:${PYTHONPATH} /usr/bin/python3 -W ignore:setup.py install is deprecated -W ignore:easy_install command is deprecated setup.py egg_info --egg-base ../../build/my_turtle_controller build --build-base /home/juan/ros2_ws/turtlesim_ws/build/my_turtle_controller/build install --record /home/juan/ros2_ws/turtlesim_ws/build/my_turtle_controller/install.log --single-version-externally-managed install_data
