[0.020s] Invoking command in '/home/juan/ros2_ws/phantom_ws/build/phantomx_pincher_description': CMAKE_PREFIX_PATH=/opt/ros/humble /usr/bin/cmake --build /home/juan/ros2_ws/phantom_ws/build/phantomx_pincher_description -- -j2 -l2
[0.226s] Invoked command in '/home/juan/ros2_ws/phantom_ws/build/phantomx_pincher_description' returned '0': CMAKE_PREFIX_PATH=/opt/ros/humble /usr/bin/cmake --build /home/juan/ros2_ws/phantom_ws/build/phantomx_pincher_description -- -j2 -l2
[0.240s] Invoking command in '/home/juan/ros2_ws/phantom_ws/build/phantomx_pincher_description': CMAKE_PREFIX_PATH=/opt/ros/humble /usr/bin/cmake --install /home/juan/ros2_ws/phantom_ws/build/phantomx_pincher_description
[0.249s] -- Install configuration: ""
[0.250s] -- Execute custom install script
[0.253s] -- Up-to-date symlink: /home/juan/ros2_ws/phantom_ws/install/phantomx_pincher_description/lib/phantomx_pincher_description/xacro2sdf_direct.bash
[0.253s] -- Up-to-date symlink: /home/juan/ros2_ws/phantom_ws/install/phantomx_pincher_description/lib/phantomx_pincher_description/xacro2sdf.bash
[0.254s] -- Up-to-date symlink: /home/juan/ros2_ws/phantom_ws/install/phantomx_pincher_description/lib/phantomx_pincher_description/xacro2urdf.bash
[0.257s] -- Up-to-date symlink: /home/juan/ros2_ws/phantom_ws/install/phantomx_pincher_description/share/phantomx_pincher_description/config/initial_joint_positions.yaml
[0.258s] -- Up-to-date symlink: /home/juan/ros2_ws/phantom_ws/install/phantomx_pincher_description/share/phantomx_pincher_description/launch/display.launch.py
[0.259s] -- Up-to-date symlink: /home/juan/ros2_ws/phantom_ws/install/phantomx_pincher_description/share/phantomx_pincher_description/launch/view.launch.py
[0.259s] -- Up-to-date symlink: /home/juan/ros2_ws/phantom_ws/install/phantomx_pincher_description/share/phantomx_pincher_description/launch/view_gz.launch.py
[0.273s] -- Up-to-date symlink: /home/juan/ros2_ws/phantom_ws/install/phantomx_pincher_description/share/phantomx_pincher_description/phantomx_pincher/meshes/DAE/Canecas/CanecaGrandeConTapaSlide/CFFFP_elevacionCaneca.dae
[0.273s] -- Up-to-date symlink: /home/juan/ros2_ws/phantom_ws/install/phantomx_pincher_description/share/phantomx_pincher_description/phantomx_pincher/meshes/DAE/Canecas/CanecaGrandeConTapaSlide/canecaGrande.dae
[0.273s] -- Up-to-date symlink: /home/juan/ros2_ws/phantom_ws/install/phantomx_pincher_description/share/phantomx_pincher_description/phantomx_pincher/meshes/DAE/Canecas/CanecaGrandeConTapaSlide/elevacionCaneca.dae
[0.274s] -- Up-to-date symlink: /home/juan/ros2_ws/phantom_ws/install/phantomx_pincher_description/share/phantomx_pincher_description/phantomx_pincher/meshes/DAE/Canecas/CanecaGrandeConTapaSlide/tapaSlide.dae
[0.274s] -- Up-to-date symlink: /home/juan/ros2_ws/phantom_ws/install/phantomx_pincher_description/share/phantomx_pincher_description/phantomx_pincher/meshes/DAE/anclajes/CFFFP_anclajeEsquinaCanastilla.dae
[0.274s] -- Up-to-date symlink: /home/juan/ros2_ws/phantom_ws/install/phantomx_pincher_description/share/phantomx_pincher_description/phantomx_pincher/meshes/DAE/anclajes/anclajeEsquinaCanastilla.dae
[0.275s] -- Up-to-date symlink: /home/juan/ros2_ws/phantom_ws/install/phantomx_pincher_description/share/phantomx_pincher_description/phantomx_pincher/meshes/DAE/anclajes/anclajeEsquinaTapa.dae
[0.275s] -- Up-to-date symlink: /home/juan/ros2_ws/phantom_ws/install/phantomx_pincher_description/share/phantomx_pincher_description/phantomx_pincher/meshes/DAE/anclajes/anclajeM10.dae
[0.275s] -- Up-to-date symlink: /home/juan/ros2_ws/phantom_ws/install/phantomx_pincher_description/share/phantomx_pincher_description/phantomx_pincher/meshes/DAE/bases/baseElementosFijos.dae
[0.276s] -- Up-to-date symlink: /home/juan/ros2_ws/phantom_ws/install/phantomx_pincher_description/share/phantomx_pincher_description/phantomx_pincher/meshes/DAE/cases/caseArbotixM/base.dae
[0.277s] -- Up-to-date symlink: /home/juan/ros2_ws/phantom_ws/install/phantomx_pincher_description/share/phantomx_pincher_description/phantomx_pincher/meshes/DAE/cases/caseArbotixM/tapa.dae
[0.277s] -- Up-to-date symlink: /home/juan/ros2_ws/phantom_ws/install/phantomx_pincher_description/share/phantomx_pincher_description/phantomx_pincher/meshes/DAE/cases/caseBaseRobot/caseBaseRobot.dae
[0.278s] -- Up-to-date symlink: /home/juan/ros2_ws/phantom_ws/install/phantomx_pincher_description/share/phantomx_pincher_description/phantomx_pincher/meshes/DAE/cases/caseBaseRobot/clipAnclajeNumero.dae
[0.278s] -- Up-to-date symlink: /home/juan/ros2_ws/phantom_ws/install/phantomx_pincher_description/share/phantomx_pincher_description/phantomx_pincher/meshes/DAE/cases/caseBaseRobot/numerosBases.dae
[0.279s] -- Up-to-date symlink: /home/juan/ros2_ws/phantom_ws/install/phantomx_pincher_description/share/phantomx_pincher_description/phantomx_pincher/meshes/DAE/cases/casePowerHub/baseCasePowerHub.dae
[0.279s] -- Up-to-date symlink: /home/juan/ros2_ws/phantom_ws/install/phantomx_pincher_description/share/phantomx_pincher_description/phantomx_pincher/meshes/DAE/cases/caseRaspberryPi5/baseCaseRaspberry.dae
[0.279s] -- Up-to-date symlink: /home/juan/ros2_ws/phantom_ws/install/phantomx_pincher_description/share/phantomx_pincher_description/phantomx_pincher/meshes/DAE/cases/caseRaspberryPi5/tapaRaspberry.dae
[0.280s] -- Up-to-date symlink: /home/juan/ros2_ws/phantom_ws/install/phantomx_pincher_description/share/phantomx_pincher_description/phantomx_pincher/meshes/DAE/cases/caseRaspberryPi5/tapaSlide.dae
[0.280s] -- Up-to-date symlink: /home/juan/ros2_ws/phantom_ws/install/phantomx_pincher_description/share/phantomx_pincher_description/phantomx_pincher/meshes/DAE/cases/caseUSB2Dynamixel/acopleGrande.dae
[0.281s] -- Up-to-date symlink: /home/juan/ros2_ws/phantom_ws/install/phantomx_pincher_description/share/phantomx_pincher_description/phantomx_pincher/meshes/DAE/cases/caseUSB2Dynamixel/acoplePequeño.dae
[0.281s] -- Up-to-date symlink: /home/juan/ros2_ws/phantom_ws/install/phantomx_pincher_description/share/phantomx_pincher_description/phantomx_pincher/meshes/DAE/cases/caseUSB2Dynamixel/baseUBS2.dae
[0.282s] -- Up-to-date symlink: /home/juan/ros2_ws/phantom_ws/install/phantomx_pincher_description/share/phantomx_pincher_description/phantomx_pincher/meshes/DAE/cases/cases/baseMicroAirPump370A.dae
[0.283s] -- Up-to-date symlink: /home/juan/ros2_ws/phantom_ws/install/phantomx_pincher_description/share/phantomx_pincher_description/phantomx_pincher/meshes/DAE/cases/cases/caseBaseRobot.dae
[0.283s] -- Up-to-date symlink: /home/juan/ros2_ws/phantom_ws/install/phantomx_pincher_description/share/phantomx_pincher_description/phantomx_pincher/meshes/DAE/cases/cases/caseRaspberryPi5/baseCaseRaspberry.dae
[0.284s] -- Up-to-date symlink: /home/juan/ros2_ws/phantom_ws/install/phantomx_pincher_description/share/phantomx_pincher_description/phantomx_pincher/meshes/DAE/cases/cases/caseRaspberryPi5/tapaRaspberry.dae
[0.284s] -- Up-to-date symlink: /home/juan/ros2_ws/phantom_ws/install/phantomx_pincher_description/share/phantomx_pincher_description/phantomx_pincher/meshes/DAE/cases/cases/tapaMicroAirPump370A.dae
[0.285s] -- Up-to-date symlink: /home/juan/ros2_ws/phantom_ws/install/phantomx_pincher_description/share/phantomx_pincher_description/phantomx_pincher/meshes/DAE/cases/microAirpump/caseAirpumpBottom.dae
[0.285s] -- Up-to-date symlink: /home/juan/ros2_ws/phantom_ws/install/phantomx_pincher_description/share/phantomx_pincher_description/phantomx_pincher/meshes/DAE/cases/microAirpump/caseAirpumpTop.dae
[0.286s] -- Up-to-date symlink: /home/juan/ros2_ws/phantom_ws/install/phantomx_pincher_description/share/phantomx_pincher_description/phantomx_pincher/meshes/DAE/manijas/manija.dae
[0.286s] -- Up-to-date symlink: /home/juan/ros2_ws/phantom_ws/install/phantomx_pincher_description/share/phantomx_pincher_description/phantomx_pincher/meshes/DAE/manijas/pataManija.dae
[0.287s] -- Up-to-date symlink: /home/juan/ros2_ws/phantom_ws/install/phantomx_pincher_description/share/phantomx_pincher_description/phantomx_pincher/meshes/DAE/objectsToPick/cilinder25Dx25h.dae
[0.287s] -- Up-to-date symlink: /home/juan/ros2_ws/phantom_ws/install/phantomx_pincher_description/share/phantomx_pincher_description/phantomx_pincher/meshes/DAE/objectsToPick/cube25x25.dae
[0.288s] -- Up-to-date symlink: /home/juan/ros2_ws/phantom_ws/install/phantomx_pincher_description/share/phantomx_pincher_description/phantomx_pincher/meshes/DAE/patas/pataD15mm.dae
[0.288s] -- Up-to-date symlink: /home/juan/ros2_ws/phantom_ws/install/phantomx_pincher_description/share/phantomx_pincher_description/phantomx_pincher/meshes/DAE/patas/pataD20mm.dae
[0.289s] -- Up-to-date symlink: /home/juan/ros2_ws/phantom_ws/install/phantomx_pincher_description/share/phantomx_pincher_description/phantomx_pincher/meshes/DAE/tubosOvaladosNiquel/Angujo.dae
[0.289s] -- Up-to-date symlink: /home/juan/ros2_ws/phantom_ws/install/phantomx_pincher_description/share/phantomx_pincher_description/phantomx_pincher/meshes/DAE/tubosOvaladosNiquel/EncajeABaseTuboCloset.dae
[0.290s] -- Up-to-date symlink: /home/juan/ros2_ws/phantom_ws/install/phantomx_pincher_description/share/phantomx_pincher_description/phantomx_pincher/meshes/DAE/zonasDeRecoleccion/zonaCircular/zonaCircular146mm.dae
[0.291s] -- Up-to-date symlink: /home/juan/ros2_ws/phantom_ws/install/phantomx_pincher_description/share/phantomx_pincher_description/phantomx_pincher/meshes/STL/Canecas/CanecaGrandeConTapaSlide/CFFFP_elevacionCaneca.stl
[0.292s] -- Up-to-date symlink: /home/juan/ros2_ws/phantom_ws/install/phantomx_pincher_description/share/phantomx_pincher_description/phantomx_pincher/meshes/STL/Canecas/CanecaGrandeConTapaSlide/OldVersions/canecaCollision.0002.ipt
[0.292s] -- Up-to-date symlink: /home/juan/ros2_ws/phantom_ws/install/phantomx_pincher_description/share/phantomx_pincher_description/phantomx_pincher/meshes/STL/Canecas/CanecaGrandeConTapaSlide/canecaCollision.ipt
[0.292s] -- Up-to-date symlink: /home/juan/ros2_ws/phantom_ws/install/phantomx_pincher_description/share/phantomx_pincher_description/phantomx_pincher/meshes/STL/Canecas/CanecaGrandeConTapaSlide/canecaCollision.stl
[0.293s] -- Up-to-date symlink: /home/juan/ros2_ws/phantom_ws/install/phantomx_pincher_description/share/phantomx_pincher_description/phantomx_pincher/meshes/STL/Canecas/CanecaGrandeConTapaSlide/canecaGrande.stl
[0.293s] -- Up-to-date symlink: /home/juan/ros2_ws/phantom_ws/install/phantomx_pincher_description/share/phantomx_pincher_description/phantomx_pincher/meshes/STL/Canecas/CanecaGrandeConTapaSlide/elevacionCaneca.ipt
[0.294s] -- Up-to-date symlink: /home/juan/ros2_ws/phantom_ws/install/phantomx_pincher_description/share/phantomx_pincher_description/phantomx_pincher/meshes/STL/Canecas/CanecaGrandeConTapaSlide/elevacionCaneca.stl
[0.295s] -- Up-to-date symlink: /home/juan/ros2_ws/phantom_ws/install/phantomx_pincher_description/share/phantomx_pincher_description/phantomx_pincher/meshes/STL/Canecas/CanecaGrandeConTapaSlide/ensambleCaneca.stl
[0.295s] -- Up-to-date symlink: /home/juan/ros2_ws/phantom_ws/install/phantomx_pincher_description/share/phantomx_pincher_description/phantomx_pincher/meshes/STL/Canecas/CanecaGrandeConTapaSlide/tapaSlide.stl
[0.296s] -- Up-to-date symlink: /home/juan/ros2_ws/phantom_ws/install/phantomx_pincher_description/share/phantomx_pincher_description/phantomx_pincher/meshes/STL/Canecas/OldVersions/escudoUnal.0002.ipt
[0.296s] -- Up-to-date symlink: /home/juan/ros2_ws/phantom_ws/install/phantomx_pincher_description/share/phantomx_pincher_description/phantomx_pincher/meshes/STL/Canecas/escudoUnal.ipt
[0.297s] -- Up-to-date symlink: /home/juan/ros2_ws/phantom_ws/install/phantomx_pincher_description/share/phantomx_pincher_description/phantomx_pincher/meshes/STL/anclajes/CFFFP_anclajeEsquinaCanastilla.stl
[0.297s] -- Up-to-date symlink: /home/juan/ros2_ws/phantom_ws/install/phantomx_pincher_description/share/phantomx_pincher_description/phantomx_pincher/meshes/STL/anclajes/anclajeEsquinaCanastilla.stl
[0.298s] -- Up-to-date symlink: /home/juan/ros2_ws/phantom_ws/install/phantomx_pincher_description/share/phantomx_pincher_description/phantomx_pincher/meshes/STL/anclajes/anclajeEsquinaTapa.stl
[0.298s] -- Up-to-date symlink: /home/juan/ros2_ws/phantom_ws/install/phantomx_pincher_description/share/phantomx_pincher_description/phantomx_pincher/meshes/STL/anclajes/anclajeM10.stl
[0.298s] -- Up-to-date symlink: /home/juan/ros2_ws/phantom_ws/install/phantomx_pincher_description/share/phantomx_pincher_description/phantomx_pincher/meshes/STL/bases/baseElementosFijos.stl
[0.299s] -- Up-to-date symlink: /home/juan/ros2_ws/phantom_ws/install/phantomx_pincher_description/share/phantomx_pincher_description/phantomx_pincher/meshes/STL/cases/caseArbotixM/base.stl
[0.299s] -- Up-to-date symlink: /home/juan/ros2_ws/phantom_ws/install/phantomx_pincher_description/share/phantomx_pincher_description/phantomx_pincher/meshes/STL/cases/caseArbotixM/tapa.stl
[0.300s] -- Up-to-date symlink: /home/juan/ros2_ws/phantom_ws/install/phantomx_pincher_description/share/phantomx_pincher_description/phantomx_pincher/meshes/STL/cases/caseBaseRobot/caseBaseRobot.stl
[0.300s] -- Up-to-date symlink: /home/juan/ros2_ws/phantom_ws/install/phantomx_pincher_description/share/phantomx_pincher_description/phantomx_pincher/meshes/STL/cases/caseBaseRobot/clipAnclajeNumero.stl
[0.301s] -- Up-to-date symlink: /home/juan/ros2_ws/phantom_ws/install/phantomx_pincher_description/share/phantomx_pincher_description/phantomx_pincher/meshes/STL/cases/caseBaseRobot/numerosBases.stl
[0.302s] -- Up-to-date symlink: /home/juan/ros2_ws/phantom_ws/install/phantomx_pincher_description/share/phantomx_pincher_description/phantomx_pincher/meshes/STL/cases/casePowerHub/baseCasePowerHub.stl
[0.302s] -- Up-to-date symlink: /home/juan/ros2_ws/phantom_ws/install/phantomx_pincher_description/share/phantomx_pincher_description/phantomx_pincher/meshes/STL/cases/caseRaspberryPi5/CFFFP_baseCaseRaspberry.3mf
[0.303s] -- Up-to-date symlink: /home/juan/ros2_ws/phantom_ws/install/phantomx_pincher_description/share/phantomx_pincher_description/phantomx_pincher/meshes/STL/cases/caseRaspberryPi5/baseCaseRaspberry.stl
[0.303s] -- Up-to-date symlink: /home/juan/ros2_ws/phantom_ws/install/phantomx_pincher_description/share/phantomx_pincher_description/phantomx_pincher/meshes/STL/cases/caseRaspberryPi5/tapaRaspberry.stl
[0.304s] -- Up-to-date symlink: /home/juan/ros2_ws/phantom_ws/install/phantomx_pincher_description/share/phantomx_pincher_description/phantomx_pincher/meshes/STL/cases/caseRaspberryPi5/tapaSlide.stl
[0.304s] -- Up-to-date symlink: /home/juan/ros2_ws/phantom_ws/install/phantomx_pincher_description/share/phantomx_pincher_description/phantomx_pincher/meshes/STL/cases/caseUSB2Dynamixel/OldVersions/acopleGrande.0001.ipt
[0.305s] -- Up-to-date symlink: /home/juan/ros2_ws/phantom_ws/install/phantomx_pincher_description/share/phantomx_pincher_description/phantomx_pincher/meshes/STL/cases/caseUSB2Dynamixel/OldVersions/acoplePequeño.0002.ipt
[0.305s] -- Up-to-date symlink: /home/juan/ros2_ws/phantom_ws/install/phantomx_pincher_description/share/phantomx_pincher_description/phantomx_pincher/meshes/STL/cases/caseUSB2Dynamixel/OldVersions/baseUBS2.0001.ipt
[0.305s] -- Up-to-date symlink: /home/juan/ros2_ws/phantom_ws/install/phantomx_pincher_description/share/phantomx_pincher_description/phantomx_pincher/meshes/STL/cases/caseUSB2Dynamixel/acopleGrande.stl
[0.306s] -- Up-to-date symlink: /home/juan/ros2_ws/phantom_ws/install/phantomx_pincher_description/share/phantomx_pincher_description/phantomx_pincher/meshes/STL/cases/caseUSB2Dynamixel/acoplePequeño.stl
[0.306s] -- Up-to-date symlink: /home/juan/ros2_ws/phantom_ws/install/phantomx_pincher_description/share/phantomx_pincher_description/phantomx_pincher/meshes/STL/cases/caseUSB2Dynamixel/baseUBS2.stl
[0.306s] -- Up-to-date symlink: /home/juan/ros2_ws/phantom_ws/install/phantomx_pincher_description/share/phantomx_pincher_description/phantomx_pincher/meshes/STL/cases/cases/baseMicroAirPump370A.stl
[0.307s] -- Up-to-date symlink: /home/juan/ros2_ws/phantom_ws/install/phantomx_pincher_description/share/phantomx_pincher_description/phantomx_pincher/meshes/STL/cases/cases/caseBaseRobot.stl
[0.307s] -- Up-to-date symlink: /home/juan/ros2_ws/phantom_ws/install/phantomx_pincher_description/share/phantomx_pincher_description/phantomx_pincher/meshes/STL/cases/cases/caseRaspberryPi5/CFFFP_tapaRaspberry.3mf
[0.308s] -- Up-to-date symlink: /home/juan/ros2_ws/phantom_ws/install/phantomx_pincher_description/share/phantomx_pincher_description/phantomx_pincher/meshes/STL/cases/cases/caseRaspberryPi5/baseCaseRaspberry.stl
[0.308s] -- Up-to-date symlink: /home/juan/ros2_ws/phantom_ws/install/phantomx_pincher_description/share/phantomx_pincher_description/phantomx_pincher/meshes/STL/cases/cases/caseRaspberryPi5/tapaRaspberry.stl
[0.308s] -- Up-to-date symlink: /home/juan/ros2_ws/phantom_ws/install/phantomx_pincher_description/share/phantomx_pincher_description/phantomx_pincher/meshes/STL/cases/cases/tapaMicroAirPump370A.stl
[0.309s] -- Up-to-date symlink: /home/juan/ros2_ws/phantom_ws/install/phantomx_pincher_description/share/phantomx_pincher_description/phantomx_pincher/meshes/STL/cases/microAirpump/caseAirpumpBottom.stl
[0.309s] -- Up-to-date symlink: /home/juan/ros2_ws/phantom_ws/install/phantomx_pincher_description/share/phantomx_pincher_description/phantomx_pincher/meshes/STL/cases/microAirpump/caseAirpumpTop.stl
[0.310s] -- Up-to-date symlink: /home/juan/ros2_ws/phantom_ws/install/phantomx_pincher_description/share/phantomx_pincher_description/phantomx_pincher/meshes/STL/cases/microAirpump/ensambleAirpump.stl
[0.310s] -- Up-to-date symlink: /home/juan/ros2_ws/phantom_ws/install/phantomx_pincher_description/share/phantomx_pincher_description/phantomx_pincher/meshes/STL/escudoUnal.dxf
[0.310s] -- Up-to-date symlink: /home/juan/ros2_ws/phantom_ws/install/phantomx_pincher_description/share/phantomx_pincher_description/phantomx_pincher/meshes/STL/manijas/manija.stl
[0.311s] -- Up-to-date symlink: /home/juan/ros2_ws/phantom_ws/install/phantomx_pincher_description/share/phantomx_pincher_description/phantomx_pincher/meshes/STL/manijas/pataManija.stl
[0.312s] -- Up-to-date symlink: /home/juan/ros2_ws/phantom_ws/install/phantomx_pincher_description/share/phantomx_pincher_description/phantomx_pincher/meshes/STL/objectsToPick/cilinder25Dx25h.stl
[0.312s] -- Up-to-date symlink: /home/juan/ros2_ws/phantom_ws/install/phantomx_pincher_description/share/phantomx_pincher_description/phantomx_pincher/meshes/STL/objectsToPick/cube25x25.stl
[0.313s] -- Up-to-date symlink: /home/juan/ros2_ws/phantom_ws/install/phantomx_pincher_description/share/phantomx_pincher_description/phantomx_pincher/meshes/STL/patas/pataD15mm.stl
[0.313s] -- Up-to-date symlink: /home/juan/ros2_ws/phantom_ws/install/phantomx_pincher_description/share/phantomx_pincher_description/phantomx_pincher/meshes/STL/patas/pataD20mm.stl
[0.314s] -- Up-to-date symlink: /home/juan/ros2_ws/phantom_ws/install/phantomx_pincher_description/share/phantomx_pincher_description/phantomx_pincher/meshes/STL/tubosOvaladosNiquel/Angujo.stl
[0.314s] -- Up-to-date symlink: /home/juan/ros2_ws/phantom_ws/install/phantomx_pincher_description/share/phantomx_pincher_description/phantomx_pincher/meshes/STL/tubosOvaladosNiquel/EncajeABaseConTornilloTuboCloset.stl
[0.314s] -- Up-to-date symlink: /home/juan/ros2_ws/phantom_ws/install/phantomx_pincher_description/share/phantomx_pincher_description/phantomx_pincher/meshes/STL/tubosOvaladosNiquel/EncajeABaseTuboCloset.stl
[0.315s] -- Up-to-date symlink: /home/juan/ros2_ws/phantom_ws/install/phantomx_pincher_description/share/phantomx_pincher_description/phantomx_pincher/meshes/STL/zonasDeRecoleccion/zonaCircular/zonaCircular146mm.stl
[0.316s] -- Up-to-date symlink: /home/juan/ros2_ws/phantom_ws/install/phantomx_pincher_description/share/phantomx_pincher_description/phantomx_pincher/meshes/collision/finger.stl
[0.316s] -- Up-to-date symlink: /home/juan/ros2_ws/phantom_ws/install/phantomx_pincher_description/share/phantomx_pincher_description/phantomx_pincher/meshes/collision/task_board.stl
[0.317s] -- Up-to-date symlink: /home/juan/ros2_ws/phantom_ws/install/phantomx_pincher_description/share/phantomx_pincher_description/phantomx_pincher/meshes/visual/ax12.dae
[0.317s] -- Up-to-date symlink: /home/juan/ros2_ws/phantom_ws/install/phantomx_pincher_description/share/phantomx_pincher_description/phantomx_pincher/meshes/visual/f10.dae
[0.318s] -- Up-to-date symlink: /home/juan/ros2_ws/phantom_ws/install/phantomx_pincher_description/share/phantomx_pincher_description/phantomx_pincher/meshes/visual/f2.dae
[0.318s] -- Up-to-date symlink: /home/juan/ros2_ws/phantom_ws/install/phantomx_pincher_description/share/phantomx_pincher_description/phantomx_pincher/meshes/visual/f3.dae
[0.318s] -- Up-to-date symlink: /home/juan/ros2_ws/phantom_ws/install/phantomx_pincher_description/share/phantomx_pincher_description/phantomx_pincher/meshes/visual/f4.dae
[0.318s] -- Up-to-date symlink: /home/juan/ros2_ws/phantom_ws/install/phantomx_pincher_description/share/phantomx_pincher_description/phantomx_pincher/meshes/visual/finger.dae
[0.319s] -- Up-to-date symlink: /home/juan/ros2_ws/phantom_ws/install/phantomx_pincher_description/share/phantomx_pincher_description/phantomx_pincher/meshes/visual/gripper_base.dae
[0.319s] -- Up-to-date symlink: /home/juan/ros2_ws/phantom_ws/install/phantomx_pincher_description/share/phantomx_pincher_description/phantomx_pincher/meshes/visual/phantomx_pincher_mount.dae
[0.320s] -- Up-to-date symlink: /home/juan/ros2_ws/phantom_ws/install/phantomx_pincher_description/share/phantomx_pincher_description/phantomx_pincher/meshes/visual/task_board.dae
[0.320s] -- Up-to-date symlink: /home/juan/ros2_ws/phantom_ws/install/phantomx_pincher_description/share/phantomx_pincher_description/phantomx_pincher/meshes/visual/task_board_module_phantomx_pincher_mount.dae
[0.320s] -- Up-to-date symlink: /home/juan/ros2_ws/phantom_ws/install/phantomx_pincher_description/share/phantomx_pincher_description/phantomx_pincher/model.config
[0.321s] -- Up-to-date symlink: /home/juan/ros2_ws/phantom_ws/install/phantomx_pincher_description/share/phantomx_pincher_description/phantomx_pincher/model.sdf
[0.321s] -- Up-to-date symlink: /home/juan/ros2_ws/phantom_ws/install/phantomx_pincher_description/share/phantomx_pincher_description/phantomx_pincher/thumbnails/0.png
[0.324s] -- Symlinking: /home/juan/ros2_ws/phantom_ws/install/phantomx_pincher_description/share/phantomx_pincher_description/meshes/DAE/Canecas/CanecaGrandeConTapaSlide/CFFFP_elevacionCaneca.dae
[0.334s] -- Symlinking: /home/juan/ros2_ws/phantom_ws/install/phantomx_pincher_description/share/phantomx_pincher_description/meshes/DAE/Canecas/CanecaGrandeConTapaSlide/canecaGrande.dae
[0.348s] -- Symlinking: /home/juan/ros2_ws/phantom_ws/install/phantomx_pincher_description/share/phantomx_pincher_description/meshes/DAE/Canecas/CanecaGrandeConTapaSlide/elevacionCaneca.dae
[0.354s] -- Symlinking: /home/juan/ros2_ws/phantom_ws/install/phantomx_pincher_description/share/phantomx_pincher_description/meshes/DAE/Canecas/CanecaGrandeConTapaSlide/tapaSlide.dae
[0.361s] -- Symlinking: /home/juan/ros2_ws/phantom_ws/install/phantomx_pincher_description/share/phantomx_pincher_description/meshes/DAE/anclajes/CFFFP_anclajeEsquinaCanastilla.dae
[0.368s] -- Symlinking: /home/juan/ros2_ws/phantom_ws/install/phantomx_pincher_description/share/phantomx_pincher_description/meshes/DAE/anclajes/anclajeEsquinaCanastilla.dae
[0.373s] -- Symlinking: /home/juan/ros2_ws/phantom_ws/install/phantomx_pincher_description/share/phantomx_pincher_description/meshes/DAE/anclajes/anclajeEsquinaTapa.dae
[0.385s] -- Symlinking: /home/juan/ros2_ws/phantom_ws/install/phantomx_pincher_description/share/phantomx_pincher_description/meshes/DAE/anclajes/anclajeM10.dae
[0.392s] -- Symlinking: /home/juan/ros2_ws/phantom_ws/install/phantomx_pincher_description/share/phantomx_pincher_description/meshes/DAE/bases/baseElementosFijos.dae
[0.400s] -- Symlinking: /home/juan/ros2_ws/phantom_ws/install/phantomx_pincher_description/share/phantomx_pincher_description/meshes/DAE/cases/caseArbotixM/base.dae
[0.406s] -- Symlinking: /home/juan/ros2_ws/phantom_ws/install/phantomx_pincher_description/share/phantomx_pincher_description/meshes/DAE/cases/caseArbotixM/tapa.dae
[0.412s] -- Symlinking: /home/juan/ros2_ws/phantom_ws/install/phantomx_pincher_description/share/phantomx_pincher_description/meshes/DAE/cases/caseBaseRobot/caseBaseRobot.dae
[0.418s] -- Symlinking: /home/juan/ros2_ws/phantom_ws/install/phantomx_pincher_description/share/phantomx_pincher_description/meshes/DAE/cases/caseBaseRobot/clipAnclajeNumero.dae
[0.424s] -- Symlinking: /home/juan/ros2_ws/phantom_ws/install/phantomx_pincher_description/share/phantomx_pincher_description/meshes/DAE/cases/caseBaseRobot/numerosBases.dae
[0.431s] -- Symlinking: /home/juan/ros2_ws/phantom_ws/install/phantomx_pincher_description/share/phantomx_pincher_description/meshes/DAE/cases/casePowerHub/baseCasePowerHub.dae
[0.443s] -- Symlinking: /home/juan/ros2_ws/phantom_ws/install/phantomx_pincher_description/share/phantomx_pincher_description/meshes/DAE/cases/caseRaspberryPi5/baseCaseRaspberry.dae
[0.450s] -- Symlinking: /home/juan/ros2_ws/phantom_ws/install/phantomx_pincher_description/share/phantomx_pincher_description/meshes/DAE/cases/caseRaspberryPi5/tapaRaspberry.dae
[0.461s] -- Symlinking: /home/juan/ros2_ws/phantom_ws/install/phantomx_pincher_description/share/phantomx_pincher_description/meshes/DAE/cases/caseRaspberryPi5/tapaSlide.dae
[0.466s] -- Symlinking: /home/juan/ros2_ws/phantom_ws/install/phantomx_pincher_description/share/phantomx_pincher_description/meshes/DAE/cases/caseUSB2Dynamixel/acopleGrande.dae
[0.472s] -- Symlinking: /home/juan/ros2_ws/phantom_ws/install/phantomx_pincher_description/share/phantomx_pincher_description/meshes/DAE/cases/caseUSB2Dynamixel/acoplePequeño.dae
[0.478s] -- Symlinking: /home/juan/ros2_ws/phantom_ws/install/phantomx_pincher_description/share/phantomx_pincher_description/meshes/DAE/cases/caseUSB2Dynamixel/baseUBS2.dae
[0.484s] -- Symlinking: /home/juan/ros2_ws/phantom_ws/install/phantomx_pincher_description/share/phantomx_pincher_description/meshes/DAE/cases/cases/baseMicroAirPump370A.dae
[0.491s] -- Symlinking: /home/juan/ros2_ws/phantom_ws/install/phantomx_pincher_description/share/phantomx_pincher_description/meshes/DAE/cases/cases/caseBaseRobot.dae
[0.498s] -- Symlinking: /home/juan/ros2_ws/phantom_ws/install/phantomx_pincher_description/share/phantomx_pincher_description/meshes/DAE/cases/cases/caseRaspberryPi5/baseCaseRaspberry.dae
[0.505s] -- Symlinking: /home/juan/ros2_ws/phantom_ws/install/phantomx_pincher_description/share/phantomx_pincher_description/meshes/DAE/cases/cases/caseRaspberryPi5/tapaRaspberry.dae
[0.510s] -- Symlinking: /home/juan/ros2_ws/phantom_ws/install/phantomx_pincher_description/share/phantomx_pincher_description/meshes/DAE/cases/cases/tapaMicroAirPump370A.dae
[0.519s] -- Symlinking: /home/juan/ros2_ws/phantom_ws/install/phantomx_pincher_description/share/phantomx_pincher_description/meshes/DAE/cases/microAirpump/caseAirpumpBottom.dae
[0.525s] -- Symlinking: /home/juan/ros2_ws/phantom_ws/install/phantomx_pincher_description/share/phantomx_pincher_description/meshes/DAE/cases/microAirpump/caseAirpumpTop.dae
[0.538s] -- Symlinking: /home/juan/ros2_ws/phantom_ws/install/phantomx_pincher_description/share/phantomx_pincher_description/meshes/DAE/manijas/manija.dae
[0.543s] -- Symlinking: /home/juan/ros2_ws/phantom_ws/install/phantomx_pincher_description/share/phantomx_pincher_description/meshes/DAE/manijas/pataManija.dae
[0.549s] -- Symlinking: /home/juan/ros2_ws/phantom_ws/install/phantomx_pincher_description/share/phantomx_pincher_description/meshes/DAE/objectsToPick/cilinder25Dx25h.dae
[0.558s] -- Symlinking: /home/juan/ros2_ws/phantom_ws/install/phantomx_pincher_description/share/phantomx_pincher_description/meshes/DAE/objectsToPick/cube25x25.dae
[0.565s] -- Symlinking: /home/juan/ros2_ws/phantom_ws/install/phantomx_pincher_description/share/phantomx_pincher_description/meshes/DAE/patas/pataD15mm.dae
[0.572s] -- Symlinking: /home/juan/ros2_ws/phantom_ws/install/phantomx_pincher_description/share/phantomx_pincher_description/meshes/DAE/patas/pataD20mm.dae
[0.579s] -- Symlinking: /home/juan/ros2_ws/phantom_ws/install/phantomx_pincher_description/share/phantomx_pincher_description/meshes/DAE/tubosOvaladosNiquel/Angujo.dae
[0.585s] -- Symlinking: /home/juan/ros2_ws/phantom_ws/install/phantomx_pincher_description/share/phantomx_pincher_description/meshes/DAE/tubosOvaladosNiquel/EncajeABaseTuboCloset.dae
[0.593s] -- Symlinking: /home/juan/ros2_ws/phantom_ws/install/phantomx_pincher_description/share/phantomx_pincher_description/meshes/DAE/zonasDeRecoleccion/zonaCircular/zonaCircular146mm.dae
[0.604s] -- Up-to-date symlink: /home/juan/ros2_ws/phantom_ws/install/phantomx_pincher_description/share/phantomx_pincher_description/meshes/STL/Canecas/CanecaGrandeConTapaSlide/CFFFP_elevacionCaneca.stl
[0.605s] -- Up-to-date symlink: /home/juan/ros2_ws/phantom_ws/install/phantomx_pincher_description/share/phantomx_pincher_description/meshes/STL/Canecas/CanecaGrandeConTapaSlide/OldVersions/canecaCollision.0002.ipt
[0.605s] -- Up-to-date symlink: /home/juan/ros2_ws/phantom_ws/install/phantomx_pincher_description/share/phantomx_pincher_description/meshes/STL/Canecas/CanecaGrandeConTapaSlide/canecaCollision.ipt
[0.608s] -- Up-to-date symlink: /home/juan/ros2_ws/phantom_ws/install/phantomx_pincher_description/share/phantomx_pincher_description/meshes/STL/Canecas/CanecaGrandeConTapaSlide/canecaCollision.stl
[0.608s] -- Up-to-date symlink: /home/juan/ros2_ws/phantom_ws/install/phantomx_pincher_description/share/phantomx_pincher_description/meshes/STL/Canecas/CanecaGrandeConTapaSlide/canecaGrande.stl
[0.608s] -- Up-to-date symlink: /home/juan/ros2_ws/phantom_ws/install/phantomx_pincher_description/share/phantomx_pincher_description/meshes/STL/Canecas/CanecaGrandeConTapaSlide/elevacionCaneca.ipt
[0.609s] -- Up-to-date symlink: /home/juan/ros2_ws/phantom_ws/install/phantomx_pincher_description/share/phantomx_pincher_description/meshes/STL/Canecas/CanecaGrandeConTapaSlide/elevacionCaneca.stl
[0.609s] -- Up-to-date symlink: /home/juan/ros2_ws/phantom_ws/install/phantomx_pincher_description/share/phantomx_pincher_description/meshes/STL/Canecas/CanecaGrandeConTapaSlide/ensambleCaneca.stl
[0.609s] -- Up-to-date symlink: /home/juan/ros2_ws/phantom_ws/install/phantomx_pincher_description/share/phantomx_pincher_description/meshes/STL/Canecas/CanecaGrandeConTapaSlide/tapaSlide.stl
[0.610s] -- Up-to-date symlink: /home/juan/ros2_ws/phantom_ws/install/phantomx_pincher_description/share/phantomx_pincher_description/meshes/STL/Canecas/OldVersions/escudoUnal.0002.ipt
[0.610s] -- Up-to-date symlink: /home/juan/ros2_ws/phantom_ws/install/phantomx_pincher_description/share/phantomx_pincher_description/meshes/STL/Canecas/escudoUnal.ipt
[0.611s] -- Up-to-date symlink: /home/juan/ros2_ws/phantom_ws/install/phantomx_pincher_description/share/phantomx_pincher_description/meshes/STL/anclajes/CFFFP_anclajeEsquinaCanastilla.stl
[0.612s] -- Up-to-date symlink: /home/juan/ros2_ws/phantom_ws/install/phantomx_pincher_description/share/phantomx_pincher_description/meshes/STL/anclajes/anclajeEsquinaCanastilla.stl
[0.612s] -- Up-to-date symlink: /home/juan/ros2_ws/phantom_ws/install/phantomx_pincher_description/share/phantomx_pincher_description/meshes/STL/anclajes/anclajeEsquinaTapa.stl
[0.612s] -- Up-to-date symlink: /home/juan/ros2_ws/phantom_ws/install/phantomx_pincher_description/share/phantomx_pincher_description/meshes/STL/anclajes/anclajeM10.stl
[0.613s] -- Up-to-date symlink: /home/juan/ros2_ws/phantom_ws/install/phantomx_pincher_description/share/phantomx_pincher_description/meshes/STL/bases/baseElementosFijos.stl
[0.613s] -- Up-to-date symlink: /home/juan/ros2_ws/phantom_ws/install/phantomx_pincher_description/share/phantomx_pincher_description/meshes/STL/cases/caseArbotixM/base.stl
[0.614s] -- Up-to-date symlink: /home/juan/ros2_ws/phantom_ws/install/phantomx_pincher_description/share/phantomx_pincher_description/meshes/STL/cases/caseArbotixM/tapa.stl
[0.614s] -- Up-to-date symlink: /home/juan/ros2_ws/phantom_ws/install/phantomx_pincher_description/share/phantomx_pincher_description/meshes/STL/cases/caseBaseRobot/caseBaseRobot.stl
[0.615s] -- Up-to-date symlink: /home/juan/ros2_ws/phantom_ws/install/phantomx_pincher_description/share/phantomx_pincher_description/meshes/STL/cases/caseBaseRobot/clipAnclajeNumero.stl
[0.615s] -- Up-to-date symlink: /home/juan/ros2_ws/phantom_ws/install/phantomx_pincher_description/share/phantomx_pincher_description/meshes/STL/cases/caseBaseRobot/numerosBases.stl
[0.616s] -- Up-to-date symlink: /home/juan/ros2_ws/phantom_ws/install/phantomx_pincher_description/share/phantomx_pincher_description/meshes/STL/cases/casePowerHub/baseCasePowerHub.stl
[0.616s] -- Up-to-date symlink: /home/juan/ros2_ws/phantom_ws/install/phantomx_pincher_description/share/phantomx_pincher_description/meshes/STL/cases/caseRaspberryPi5/CFFFP_baseCaseRaspberry.3mf
[0.617s] -- Up-to-date symlink: /home/juan/ros2_ws/phantom_ws/install/phantomx_pincher_description/share/phantomx_pincher_description/meshes/STL/cases/caseRaspberryPi5/baseCaseRaspberry.stl
[0.617s] -- Up-to-date symlink: /home/juan/ros2_ws/phantom_ws/install/phantomx_pincher_description/share/phantomx_pincher_description/meshes/STL/cases/caseRaspberryPi5/tapaRaspberry.stl
[0.617s] -- Up-to-date symlink: /home/juan/ros2_ws/phantom_ws/install/phantomx_pincher_description/share/phantomx_pincher_description/meshes/STL/cases/caseRaspberryPi5/tapaSlide.stl
[0.618s] -- Up-to-date symlink: /home/juan/ros2_ws/phantom_ws/install/phantomx_pincher_description/share/phantomx_pincher_description/meshes/STL/cases/caseUSB2Dynamixel/OldVersions/acopleGrande.0001.ipt
[0.618s] -- Up-to-date symlink: /home/juan/ros2_ws/phantom_ws/install/phantomx_pincher_description/share/phantomx_pincher_description/meshes/STL/cases/caseUSB2Dynamixel/OldVersions/acoplePequeño.0002.ipt
[0.618s] -- Up-to-date symlink: /home/juan/ros2_ws/phantom_ws/install/phantomx_pincher_description/share/phantomx_pincher_description/meshes/STL/cases/caseUSB2Dynamixel/OldVersions/baseUBS2.0001.ipt
[0.619s] -- Up-to-date symlink: /home/juan/ros2_ws/phantom_ws/install/phantomx_pincher_description/share/phantomx_pincher_description/meshes/STL/cases/caseUSB2Dynamixel/acopleGrande.stl
[0.619s] -- Up-to-date symlink: /home/juan/ros2_ws/phantom_ws/install/phantomx_pincher_description/share/phantomx_pincher_description/meshes/STL/cases/caseUSB2Dynamixel/acoplePequeño.stl
[0.619s] -- Up-to-date symlink: /home/juan/ros2_ws/phantom_ws/install/phantomx_pincher_description/share/phantomx_pincher_description/meshes/STL/cases/caseUSB2Dynamixel/baseUBS2.stl
[0.620s] -- Up-to-date symlink: /home/juan/ros2_ws/phantom_ws/install/phantomx_pincher_description/share/phantomx_pincher_description/meshes/STL/cases/cases/baseMicroAirPump370A.stl
[0.621s] -- Up-to-date symlink: /home/juan/ros2_ws/phantom_ws/install/phantomx_pincher_description/share/phantomx_pincher_description/meshes/STL/cases/cases/caseBaseRobot.stl
[0.622s] -- Up-to-date symlink: /home/juan/ros2_ws/phantom_ws/install/phantomx_pincher_description/share/phantomx_pincher_description/meshes/STL/cases/cases/caseRaspberryPi5/CFFFP_tapaRaspberry.3mf
[0.622s] -- Up-to-date symlink: /home/juan/ros2_ws/phantom_ws/install/phantomx_pincher_description/share/phantomx_pincher_description/meshes/STL/cases/cases/caseRaspberryPi5/baseCaseRaspberry.stl
[0.623s] -- Up-to-date symlink: /home/juan/ros2_ws/phantom_ws/install/phantomx_pincher_description/share/phantomx_pincher_description/meshes/STL/cases/cases/caseRaspberryPi5/tapaRaspberry.stl
[0.623s] -- Up-to-date symlink: /home/juan/ros2_ws/phantom_ws/install/phantomx_pincher_description/share/phantomx_pincher_description/meshes/STL/cases/cases/tapaMicroAirPump370A.stl
[0.624s] -- Up-to-date symlink: /home/juan/ros2_ws/phantom_ws/install/phantomx_pincher_description/share/phantomx_pincher_description/meshes/STL/cases/microAirpump/caseAirpumpBottom.stl
[0.624s] -- Up-to-date symlink: /home/juan/ros2_ws/phantom_ws/install/phantomx_pincher_description/share/phantomx_pincher_description/meshes/STL/cases/microAirpump/caseAirpumpTop.stl
[0.625s] -- Up-to-date symlink: /home/juan/ros2_ws/phantom_ws/install/phantomx_pincher_description/share/phantomx_pincher_description/meshes/STL/cases/microAirpump/ensambleAirpump.stl
[0.625s] -- Up-to-date symlink: /home/juan/ros2_ws/phantom_ws/install/phantomx_pincher_description/share/phantomx_pincher_description/meshes/STL/escudoUnal.dxf
[0.626s] -- Up-to-date symlink: /home/juan/ros2_ws/phantom_ws/install/phantomx_pincher_description/share/phantomx_pincher_description/meshes/STL/manijas/manija.stl
[0.626s] -- Up-to-date symlink: /home/juan/ros2_ws/phantom_ws/install/phantomx_pincher_description/share/phantomx_pincher_description/meshes/STL/manijas/pataManija.stl
[0.626s] -- Up-to-date symlink: /home/juan/ros2_ws/phantom_ws/install/phantomx_pincher_description/share/phantomx_pincher_description/meshes/STL/objectsToPick/cilinder25Dx25h.stl
[0.627s] -- Up-to-date symlink: /home/juan/ros2_ws/phantom_ws/install/phantomx_pincher_description/share/phantomx_pincher_description/meshes/STL/objectsToPick/cube25x25.stl
[0.627s] -- Up-to-date symlink: /home/juan/ros2_ws/phantom_ws/install/phantomx_pincher_description/share/phantomx_pincher_description/meshes/STL/patas/pataD15mm.stl
[0.628s] -- Up-to-date symlink: /home/juan/ros2_ws/phantom_ws/install/phantomx_pincher_description/share/phantomx_pincher_description/meshes/STL/patas/pataD20mm.stl
[0.628s] -- Up-to-date symlink: /home/juan/ros2_ws/phantom_ws/install/phantomx_pincher_description/share/phantomx_pincher_description/meshes/STL/tubosOvaladosNiquel/Angujo.stl
[0.628s] -- Up-to-date symlink: /home/juan/ros2_ws/phantom_ws/install/phantomx_pincher_description/share/phantomx_pincher_description/meshes/STL/tubosOvaladosNiquel/EncajeABaseConTornilloTuboCloset.stl
[0.629s] -- Up-to-date symlink: /home/juan/ros2_ws/phantom_ws/install/phantomx_pincher_description/share/phantomx_pincher_description/meshes/STL/tubosOvaladosNiquel/EncajeABaseTuboCloset.stl
[0.630s] -- Up-to-date symlink: /home/juan/ros2_ws/phantom_ws/install/phantomx_pincher_description/share/phantomx_pincher_description/meshes/STL/zonasDeRecoleccion/zonaCircular/zonaCircular146mm.stl
[0.632s] -- Symlinking: /home/juan/ros2_ws/phantom_ws/install/phantomx_pincher_description/share/phantomx_pincher_description/meshes/collision/finger.stl
[0.642s] -- Symlinking: /home/juan/ros2_ws/phantom_ws/install/phantomx_pincher_description/share/phantomx_pincher_description/meshes/collision/task_board.stl
[0.655s] -- Symlinking: /home/juan/ros2_ws/phantom_ws/install/phantomx_pincher_description/share/phantomx_pincher_description/meshes/visual/ax12.dae
[0.663s] -- Symlinking: /home/juan/ros2_ws/phantom_ws/install/phantomx_pincher_description/share/phantomx_pincher_description/meshes/visual/f10.dae
[0.669s] -- Symlinking: /home/juan/ros2_ws/phantom_ws/install/phantomx_pincher_description/share/phantomx_pincher_description/meshes/visual/f2.dae
[0.675s] -- Symlinking: /home/juan/ros2_ws/phantom_ws/install/phantomx_pincher_description/share/phantomx_pincher_description/meshes/visual/f3.dae
[0.681s] -- Symlinking: /home/juan/ros2_ws/phantom_ws/install/phantomx_pincher_description/share/phantomx_pincher_description/meshes/visual/f4.dae
[0.687s] -- Symlinking: /home/juan/ros2_ws/phantom_ws/install/phantomx_pincher_description/share/phantomx_pincher_description/meshes/visual/finger.dae
[0.692s] -- Symlinking: /home/juan/ros2_ws/phantom_ws/install/phantomx_pincher_description/share/phantomx_pincher_description/meshes/visual/gripper_base.dae
[0.697s] -- Symlinking: /home/juan/ros2_ws/phantom_ws/install/phantomx_pincher_description/share/phantomx_pincher_description/meshes/visual/phantomx_pincher_mount.dae
[0.703s] -- Symlinking: /home/juan/ros2_ws/phantom_ws/install/phantomx_pincher_description/share/phantomx_pincher_description/meshes/visual/task_board.dae
[0.708s] -- Symlinking: /home/juan/ros2_ws/phantom_ws/install/phantomx_pincher_description/share/phantomx_pincher_description/meshes/visual/task_board_module_phantomx_pincher_mount.dae
[0.715s] -- Up-to-date symlink: /home/juan/ros2_ws/phantom_ws/install/phantomx_pincher_description/share/phantomx_pincher_description/rviz/view.rviz
[0.717s] -- Up-to-date symlink: /home/juan/ros2_ws/phantom_ws/install/phantomx_pincher_description/share/phantomx_pincher_description/urdf/kit.xacro
[0.717s] -- Up-to-date symlink: /home/juan/ros2_ws/phantom_ws/install/phantomx_pincher_description/share/phantomx_pincher_description/urdf/phantomx_pincher.gazebo
[0.718s] -- Up-to-date symlink: /home/juan/ros2_ws/phantom_ws/install/phantomx_pincher_description/share/phantomx_pincher_description/urdf/phantomx_pincher.ros2_control
[0.718s] -- Up-to-date symlink: /home/juan/ros2_ws/phantom_ws/install/phantomx_pincher_description/share/phantomx_pincher_description/urdf/phantomx_pincher.urdf
[0.719s] -- Up-to-date symlink: /home/juan/ros2_ws/phantom_ws/install/phantomx_pincher_description/share/phantomx_pincher_description/urdf/phantomx_pincher.urdf.xacro
[0.719s] -- Up-to-date symlink: /home/juan/ros2_ws/phantom_ws/install/phantomx_pincher_description/share/phantomx_pincher_description/urdf/phantomx_pincher_arm.xacro
[0.720s] -- Up-to-date symlink: /home/juan/ros2_ws/phantom_ws/install/phantomx_pincher_description/share/phantomx_pincher_description/urdf/phantomx_pincher_hardware.xacro
[0.720s] -- Up-to-date symlink: /home/juan/ros2_ws/phantom_ws/install/phantomx_pincher_description/share/phantomx_pincher_description/urdf/phantomx_pincher_inertial.xacro
[0.721s] -- Up-to-date symlink: /home/juan/ros2_ws/phantom_ws/install/phantomx_pincher_description/share/phantomx_pincher_description/urdf/phantomx_pincher_mounting.xacro
[0.721s] -- Up-to-date symlink: /home/juan/ros2_ws/phantom_ws/install/phantomx_pincher_description/share/phantomx_pincher_description/urdf/phantomx_pincher_utils.xacro
[0.723s] -- Symlinking: /home/juan/ros2_ws/phantom_ws/install/phantomx_pincher_description/share/phantomx_pincher_description/meshes/DAE/Canecas/CanecaGrandeConTapaSlide/CFFFP_elevacionCaneca.dae
[0.728s] -- Symlinking: /home/juan/ros2_ws/phantom_ws/install/phantomx_pincher_description/share/phantomx_pincher_description/meshes/DAE/Canecas/CanecaGrandeConTapaSlide/canecaGrande.dae
[0.733s] -- Symlinking: /home/juan/ros2_ws/phantom_ws/install/phantomx_pincher_description/share/phantomx_pincher_description/meshes/DAE/Canecas/CanecaGrandeConTapaSlide/elevacionCaneca.dae
[0.748s] -- Symlinking: /home/juan/ros2_ws/phantom_ws/install/phantomx_pincher_description/share/phantomx_pincher_description/meshes/DAE/Canecas/CanecaGrandeConTapaSlide/tapaSlide.dae
[0.757s] -- Symlinking: /home/juan/ros2_ws/phantom_ws/install/phantomx_pincher_description/share/phantomx_pincher_description/meshes/DAE/anclajes/CFFFP_anclajeEsquinaCanastilla.dae
[0.762s] -- Symlinking: /home/juan/ros2_ws/phantom_ws/install/phantomx_pincher_description/share/phantomx_pincher_description/meshes/DAE/anclajes/anclajeEsquinaCanastilla.dae
[0.767s] -- Symlinking: /home/juan/ros2_ws/phantom_ws/install/phantomx_pincher_description/share/phantomx_pincher_description/meshes/DAE/anclajes/anclajeEsquinaTapa.dae
[0.773s] -- Symlinking: /home/juan/ros2_ws/phantom_ws/install/phantomx_pincher_description/share/phantomx_pincher_description/meshes/DAE/anclajes/anclajeM10.dae
[0.777s] -- Symlinking: /home/juan/ros2_ws/phantom_ws/install/phantomx_pincher_description/share/phantomx_pincher_description/meshes/DAE/bases/baseElementosFijos.dae
[0.783s] -- Symlinking: /home/juan/ros2_ws/phantom_ws/install/phantomx_pincher_description/share/phantomx_pincher_description/meshes/DAE/cases/caseArbotixM/base.dae
[0.788s] -- Symlinking: /home/juan/ros2_ws/phantom_ws/install/phantomx_pincher_description/share/phantomx_pincher_description/meshes/DAE/cases/caseArbotixM/tapa.dae
[0.794s] -- Symlinking: /home/juan/ros2_ws/phantom_ws/install/phantomx_pincher_description/share/phantomx_pincher_description/meshes/DAE/cases/caseBaseRobot/caseBaseRobot.dae
[0.798s] -- Symlinking: /home/juan/ros2_ws/phantom_ws/install/phantomx_pincher_description/share/phantomx_pincher_description/meshes/DAE/cases/caseBaseRobot/clipAnclajeNumero.dae
[0.805s] -- Symlinking: /home/juan/ros2_ws/phantom_ws/install/phantomx_pincher_description/share/phantomx_pincher_description/meshes/DAE/cases/caseBaseRobot/numerosBases.dae
[0.810s] -- Symlinking: /home/juan/ros2_ws/phantom_ws/install/phantomx_pincher_description/share/phantomx_pincher_description/meshes/DAE/cases/casePowerHub/baseCasePowerHub.dae
[0.817s] -- Symlinking: /home/juan/ros2_ws/phantom_ws/install/phantomx_pincher_description/share/phantomx_pincher_description/meshes/DAE/cases/caseRaspberryPi5/baseCaseRaspberry.dae
[0.822s] -- Symlinking: /home/juan/ros2_ws/phantom_ws/install/phantomx_pincher_description/share/phantomx_pincher_description/meshes/DAE/cases/caseRaspberryPi5/tapaRaspberry.dae
[0.827s] -- Symlinking: /home/juan/ros2_ws/phantom_ws/install/phantomx_pincher_description/share/phantomx_pincher_description/meshes/DAE/cases/caseRaspberryPi5/tapaSlide.dae
[0.837s] -- Symlinking: /home/juan/ros2_ws/phantom_ws/install/phantomx_pincher_description/share/phantomx_pincher_description/meshes/DAE/cases/caseUSB2Dynamixel/acopleGrande.dae
[0.847s] -- Symlinking: /home/juan/ros2_ws/phantom_ws/install/phantomx_pincher_description/share/phantomx_pincher_description/meshes/DAE/cases/caseUSB2Dynamixel/acoplePequeño.dae
[0.853s] -- Symlinking: /home/juan/ros2_ws/phantom_ws/install/phantomx_pincher_description/share/phantomx_pincher_description/meshes/DAE/cases/caseUSB2Dynamixel/baseUBS2.dae
[0.862s] -- Symlinking: /home/juan/ros2_ws/phantom_ws/install/phantomx_pincher_description/share/phantomx_pincher_description/meshes/DAE/cases/cases/baseMicroAirPump370A.dae
[0.869s] -- Symlinking: /home/juan/ros2_ws/phantom_ws/install/phantomx_pincher_description/share/phantomx_pincher_description/meshes/DAE/cases/cases/caseBaseRobot.dae
[0.877s] -- Symlinking: /home/juan/ros2_ws/phantom_ws/install/phantomx_pincher_description/share/phantomx_pincher_description/meshes/DAE/cases/cases/caseRaspberryPi5/baseCaseRaspberry.dae
[0.885s] -- Symlinking: /home/juan/ros2_ws/phantom_ws/install/phantomx_pincher_description/share/phantomx_pincher_description/meshes/DAE/cases/cases/caseRaspberryPi5/tapaRaspberry.dae
[0.889s] -- Symlinking: /home/juan/ros2_ws/phantom_ws/install/phantomx_pincher_description/share/phantomx_pincher_description/meshes/DAE/cases/cases/tapaMicroAirPump370A.dae
[0.903s] -- Symlinking: /home/juan/ros2_ws/phantom_ws/install/phantomx_pincher_description/share/phantomx_pincher_description/meshes/DAE/cases/microAirpump/caseAirpumpBottom.dae
[0.923s] -- Symlinking: /home/juan/ros2_ws/phantom_ws/install/phantomx_pincher_description/share/phantomx_pincher_description/meshes/DAE/cases/microAirpump/caseAirpumpTop.dae
[0.927s] -- Symlinking: /home/juan/ros2_ws/phantom_ws/install/phantomx_pincher_description/share/phantomx_pincher_description/meshes/DAE/manijas/manija.dae
[0.938s] -- Symlinking: /home/juan/ros2_ws/phantom_ws/install/phantomx_pincher_description/share/phantomx_pincher_description/meshes/DAE/manijas/pataManija.dae
[0.951s] -- Symlinking: /home/juan/ros2_ws/phantom_ws/install/phantomx_pincher_description/share/phantomx_pincher_description/meshes/DAE/objectsToPick/cilinder25Dx25h.dae
[0.957s] -- Symlinking: /home/juan/ros2_ws/phantom_ws/install/phantomx_pincher_description/share/phantomx_pincher_description/meshes/DAE/objectsToPick/cube25x25.dae
[0.965s] -- Symlinking: /home/juan/ros2_ws/phantom_ws/install/phantomx_pincher_description/share/phantomx_pincher_description/meshes/DAE/patas/pataD15mm.dae
[0.970s] -- Symlinking: /home/juan/ros2_ws/phantom_ws/install/phantomx_pincher_description/share/phantomx_pincher_description/meshes/DAE/patas/pataD20mm.dae
[0.982s] -- Symlinking: /home/juan/ros2_ws/phantom_ws/install/phantomx_pincher_description/share/phantomx_pincher_description/meshes/DAE/tubosOvaladosNiquel/Angujo.dae
[0.987s] -- Symlinking: /home/juan/ros2_ws/phantom_ws/install/phantomx_pincher_description/share/phantomx_pincher_description/meshes/DAE/tubosOvaladosNiquel/EncajeABaseTuboCloset.dae
[0.992s] -- Symlinking: /home/juan/ros2_ws/phantom_ws/install/phantomx_pincher_description/share/phantomx_pincher_description/meshes/DAE/zonasDeRecoleccion/zonaCircular/zonaCircular146mm.dae
[1.008s] -- Up-to-date symlink: /home/juan/ros2_ws/phantom_ws/install/phantomx_pincher_description/share/phantomx_pincher_description/meshes/STL/baseElementosFijos.stl
[1.010s] -- Up-to-date symlink: /home/juan/ros2_ws/phantom_ws/install/phantomx_pincher_description/share/phantomx_pincher_description/meshes/STL/canecaGrande.stl
[1.012s] -- Up-to-date symlink: /home/juan/ros2_ws/phantom_ws/install/phantomx_pincher_description/share/phantomx_pincher_description/meshes/STL/caseBaseRobot.stl
[1.014s] -- Up-to-date symlink: /home/juan/ros2_ws/phantom_ws/install/phantomx_pincher_description/share/phantomx_pincher_description/meshes/STL/ensambleAirpump.stl
[1.015s] -- Up-to-date symlink: /home/juan/ros2_ws/phantom_ws/install/phantomx_pincher_description/share/phantomx_pincher_description/meshes/STL/ensambleCaneca.stl
[1.015s] -- Up-to-date symlink: /home/juan/ros2_ws/phantom_ws/install/phantomx_pincher_description/share/phantomx_pincher_description/meshes/STL/manija.stl
[1.016s] -- Up-to-date symlink: /home/juan/ros2_ws/phantom_ws/install/phantomx_pincher_description/share/phantomx_pincher_description/meshes/STL/zonaCircular146mm.stl
[1.016s] -- Symlinking: /home/juan/ros2_ws/phantom_ws/install/phantomx_pincher_description/share/phantomx_pincher_description/meshes/collision/finger.stl
[1.022s] -- Symlinking: /home/juan/ros2_ws/phantom_ws/install/phantomx_pincher_description/share/phantomx_pincher_description/meshes/collision/task_board.stl
[1.027s] -- Symlinking: /home/juan/ros2_ws/phantom_ws/install/phantomx_pincher_description/share/phantomx_pincher_description/meshes/visual/ax12.dae
[1.032s] -- Symlinking: /home/juan/ros2_ws/phantom_ws/install/phantomx_pincher_description/share/phantomx_pincher_description/meshes/visual/f10.dae
[1.038s] -- Symlinking: /home/juan/ros2_ws/phantom_ws/install/phantomx_pincher_description/share/phantomx_pincher_description/meshes/visual/f2.dae
[1.043s] -- Symlinking: /home/juan/ros2_ws/phantom_ws/install/phantomx_pincher_description/share/phantomx_pincher_description/meshes/visual/f3.dae
[1.055s] -- Symlinking: /home/juan/ros2_ws/phantom_ws/install/phantomx_pincher_description/share/phantomx_pincher_description/meshes/visual/f4.dae
[1.060s] -- Symlinking: /home/juan/ros2_ws/phantom_ws/install/phantomx_pincher_description/share/phantomx_pincher_description/meshes/visual/finger.dae
[1.066s] -- Symlinking: /home/juan/ros2_ws/phantom_ws/install/phantomx_pincher_description/share/phantomx_pincher_description/meshes/visual/gripper_base.dae
[1.072s] -- Symlinking: /home/juan/ros2_ws/phantom_ws/install/phantomx_pincher_description/share/phantomx_pincher_description/meshes/visual/phantomx_pincher_mount.dae
[1.077s] -- Symlinking: /home/juan/ros2_ws/phantom_ws/install/phantomx_pincher_description/share/phantomx_pincher_description/meshes/visual/task_board.dae
[1.083s] -- Symlinking: /home/juan/ros2_ws/phantom_ws/install/phantomx_pincher_description/share/phantomx_pincher_description/meshes/visual/task_board_module_phantomx_pincher_mount.dae
[1.091s] -- Up-to-date symlink: /home/juan/ros2_ws/phantom_ws/install/phantomx_pincher_description/share/phantomx_pincher_description/environment/phantomx_pincher_description.dsv
[1.091s] -- Up-to-date symlink: /home/juan/ros2_ws/phantom_ws/install/phantomx_pincher_description/share/phantomx_pincher_description/environment/phantomx_pincher_description.sh
[1.093s] -- Up-to-date symlink: /home/juan/ros2_ws/phantom_ws/install/phantomx_pincher_description/share/ament_index/resource_index/package_run_dependencies/phantomx_pincher_description
[1.094s] -- Up-to-date symlink: /home/juan/ros2_ws/phantom_ws/install/phantomx_pincher_description/share/ament_index/resource_index/parent_prefix_path/phantomx_pincher_description
[1.095s] -- Up-to-date symlink: /home/juan/ros2_ws/phantom_ws/install/phantomx_pincher_description/share/phantomx_pincher_description/environment/ament_prefix_path.sh
[1.096s] -- Up-to-date symlink: /home/juan/ros2_ws/phantom_ws/install/phantomx_pincher_description/share/phantomx_pincher_description/environment/ament_prefix_path.dsv
[1.097s] -- Up-to-date symlink: /home/juan/ros2_ws/phantom_ws/install/phantomx_pincher_description/share/phantomx_pincher_description/environment/path.sh
[1.097s] -- Up-to-date symlink: /home/juan/ros2_ws/phantom_ws/install/phantomx_pincher_description/share/phantomx_pincher_description/environment/path.dsv
[1.097s] -- Up-to-date symlink: /home/juan/ros2_ws/phantom_ws/install/phantomx_pincher_description/share/phantomx_pincher_description/local_setup.bash
[1.097s] -- Up-to-date symlink: /home/juan/ros2_ws/phantom_ws/install/phantomx_pincher_description/share/phantomx_pincher_description/local_setup.sh
[1.098s] -- Up-to-date symlink: /home/juan/ros2_ws/phantom_ws/install/phantomx_pincher_description/share/phantomx_pincher_description/local_setup.zsh
[1.098s] -- Up-to-date symlink: /home/juan/ros2_ws/phantom_ws/install/phantomx_pincher_description/share/phantomx_pincher_description/local_setup.dsv
[1.098s] -- Symlinking: /home/juan/ros2_ws/phantom_ws/install/phantomx_pincher_description/share/phantomx_pincher_description/package.dsv
[1.104s] -- Up-to-date symlink: /home/juan/ros2_ws/phantom_ws/install/phantomx_pincher_description/share/ament_index/resource_index/packages/phantomx_pincher_description
[1.105s] -- Up-to-date symlink: /home/juan/ros2_ws/phantom_ws/install/phantomx_pincher_description/share/phantomx_pincher_description/cmake/phantomx_pincher_descriptionConfig.cmake
[1.106s] -- Up-to-date symlink: /home/juan/ros2_ws/phantom_ws/install/phantomx_pincher_description/share/phantomx_pincher_description/cmake/phantomx_pincher_descriptionConfig-version.cmake
[1.106s] -- Up-to-date symlink: /home/juan/ros2_ws/phantom_ws/install/phantomx_pincher_description/share/phantomx_pincher_description/package.xml
[1.107s] Invoked command in '/home/juan/ros2_ws/phantom_ws/build/phantomx_pincher_description' returned '0': CMAKE_PREFIX_PATH=/opt/ros/humble /usr/bin/cmake --install /home/juan/ros2_ws/phantom_ws/build/phantomx_pincher_description
