[0.597s] Invoking command in '/home/juan/ros2_ws/phantom_ws/src/pincher_control': PYTHONPATH=/home/juan/ros2_ws/phantom_ws/build/pincher_control/prefix_override:/usr/lib/python3/dist-packages/colcon_core/task/python/colcon_distutils_commands:/home/juan/ros2_ws/phantom_ws/install/pincher_control/lib/python3.10/site-packages:${PYTHONPATH} /usr/bin/python3 -W ignore:setup.py install is deprecated -W ignore:easy_install command is deprecated setup.py egg_info --egg-base ../../build/pincher_control build --build-base /home/juan/ros2_ws/phantom_ws/build/pincher_control/build install --record /home/juan/ros2_ws/phantom_ws/build/pincher_control/install.log --single-version-externally-managed install_data
[0.776s] running egg_info
[0.777s] writing ../../build/pincher_control/pincher_control.egg-info/PKG-INFO
[0.793s] writing dependency_links to ../../build/pincher_control/pincher_control.egg-info/dependency_links.txt
[0.793s] writing entry points to ../../build/pincher_control/pincher_control.egg-info/entry_points.txt
[0.793s] writing requirements to ../../build/pincher_control/pincher_control.egg-info/requires.txt
[0.793s] writing top-level names to ../../build/pincher_control/pincher_control.egg-info/top_level.txt
[0.801s] reading manifest file '../../build/pincher_control/pincher_control.egg-info/SOURCES.txt'
[0.803s] writing manifest file '../../build/pincher_control/pincher_control.egg-info/SOURCES.txt'
[0.803s] running build
[0.803s] running build_py
[0.805s] running install
[0.806s] running install_lib
[0.808s] running install_data
[0.811s] running install_egg_info
[0.811s] removing '/home/juan/ros2_ws/phantom_ws/install/pincher_control/lib/python3.10/site-packages/pincher_control-0.0.0-py3.10.egg-info' (and everything under it)
[0.812s] Copying ../../build/pincher_control/pincher_control.egg-info to /home/juan/ros2_ws/phantom_ws/install/pincher_control/lib/python3.10/site-packages/pincher_control-0.0.0-py3.10.egg-info
[0.812s] running install_scripts
[0.826s] Installing HMI_RVIZ script to /home/juan/ros2_ws/phantom_ws/install/pincher_control/lib/pincher_control
[0.834s] Installing Lab5_P1 script to /home/juan/ros2_ws/phantom_ws/install/pincher_control/lib/pincher_control
[0.834s] Installing control_servo script to /home/juan/ros2_ws/phantom_ws/install/pincher_control/lib/pincher_control
[0.834s] Installing terminal_control script to /home/juan/ros2_ws/phantom_ws/install/pincher_control/lib/pincher_control
[0.834s] Installing terminal_suscriber script to /home/juan/ros2_ws/phantom_ws/install/pincher_control/lib/pincher_control
[0.834s] Installing toolbox script to /home/juan/ros2_ws/phantom_ws/install/pincher_control/lib/pincher_control
[0.834s] writing list of installed files to '/home/juan/ros2_ws/phantom_ws/build/pincher_control/install.log'
[0.847s] Invoked command in '/home/juan/ros2_ws/phantom_ws/src/pincher_control' returned '0': PYTHONPATH=/home/juan/ros2_ws/phantom_ws/build/pincher_control/prefix_override:/usr/lib/python3/dist-packages/colcon_core/task/python/colcon_distutils_commands:/home/juan/ros2_ws/phantom_ws/install/pincher_control/lib/python3.10/site-packages:${PYTHONPATH} /usr/bin/python3 -W ignore:setup.py install is deprecated -W ignore:easy_install command is deprecated setup.py egg_info --egg-base ../../build/pincher_control build --build-base /home/juan/ros2_ws/phantom_ws/build/pincher_control/build install --record /home/juan/ros2_ws/phantom_ws/build/pincher_control/install.log --single-version-externally-managed install_data
