[0.015s] Invoking command in '/home/juan/ros2_ws/phantom_ws/build/phantomx_pincher_description': CMAKE_PREFIX_PATH=/opt/ros/humble /usr/bin/cmake --build /home/juan/ros2_ws/phantom_ws/build/phantomx_pincher_description -- -j2 -l2
[0.234s] Invoked command in '/home/juan/ros2_ws/phantom_ws/build/phantomx_pincher_description' returned '0': CMAKE_PREFIX_PATH=/opt/ros/humble /usr/bin/cmake --build /home/juan/ros2_ws/phantom_ws/build/phantomx_pincher_description -- -j2 -l2
[0.242s] Invoking command in '/home/juan/ros2_ws/phantom_ws/build/phantomx_pincher_description': CMAKE_PREFIX_PATH=/opt/ros/humble /usr/bin/cmake --install /home/juan/ros2_ws/phantom_ws/build/phantomx_pincher_description
[0.248s] -- Install configuration: ""
[0.249s] -- Execute custom install script
[0.249s] -- Up-to-date symlink: /home/juan/ros2_ws/phantom_ws/install/phantomx_pincher_description/lib/phantomx_pincher_description/xacro2sdf_direct.bash
[0.249s] -- Up-to-date symlink: /home/juan/ros2_ws/phantom_ws/install/phantomx_pincher_description/lib/phantomx_pincher_description/xacro2sdf.bash
[0.249s] -- Up-to-date symlink: /home/juan/ros2_ws/phantom_ws/install/phantomx_pincher_description/lib/phantomx_pincher_description/xacro2urdf.bash
[0.249s] -- Up-to-date symlink: /home/juan/ros2_ws/phantom_ws/install/phantomx_pincher_description/share/phantomx_pincher_description/config/initial_joint_positions.yaml
[0.249s] -- Up-to-date symlink: /home/juan/ros2_ws/phantom_ws/install/phantomx_pincher_description/share/phantomx_pincher_description/launch/display.launch.py
[0.249s] -- Up-to-date symlink: /home/juan/ros2_ws/phantom_ws/install/phantomx_pincher_description/share/phantomx_pincher_description/launch/view.launch.py
[0.249s] -- Up-to-date symlink: /home/juan/ros2_ws/phantom_ws/install/phantomx_pincher_description/share/phantomx_pincher_description/launch/view_gz.launch.py
[0.250s] -- Up-to-date symlink: /home/juan/ros2_ws/phantom_ws/install/phantomx_pincher_description/share/phantomx_pincher_description/phantomx_pincher/meshes/DAE/Canecas/CanecaGrandeConTapaSlide/CFFFP_elevacionCaneca.dae
[0.251s] -- Up-to-date symlink: /home/juan/ros2_ws/phantom_ws/install/phantomx_pincher_description/share/phantomx_pincher_description/phantomx_pincher/meshes/DAE/Canecas/CanecaGrandeConTapaSlide/canecaGrande.dae
[0.251s] -- Up-to-date symlink: /home/juan/ros2_ws/phantom_ws/install/phantomx_pincher_description/share/phantomx_pincher_description/phantomx_pincher/meshes/DAE/Canecas/CanecaGrandeConTapaSlide/elevacionCaneca.dae
[0.251s] -- Up-to-date symlink: /home/juan/ros2_ws/phantom_ws/install/phantomx_pincher_description/share/phantomx_pincher_description/phantomx_pincher/meshes/DAE/Canecas/CanecaGrandeConTapaSlide/tapaSlide.dae
[0.251s] -- Up-to-date symlink: /home/juan/ros2_ws/phantom_ws/install/phantomx_pincher_description/share/phantomx_pincher_description/phantomx_pincher/meshes/DAE/anclajes/CFFFP_anclajeEsquinaCanastilla.dae
[0.251s] -- Up-to-date symlink: /home/juan/ros2_ws/phantom_ws/install/phantomx_pincher_description/share/phantomx_pincher_description/phantomx_pincher/meshes/DAE/anclajes/anclajeEsquinaCanastilla.dae
[0.251s] -- Up-to-date symlink: /home/juan/ros2_ws/phantom_ws/install/phantomx_pincher_description/share/phantomx_pincher_description/phantomx_pincher/meshes/DAE/anclajes/anclajeEsquinaTapa.dae
[0.251s] -- Up-to-date symlink: /home/juan/ros2_ws/phantom_ws/install/phantomx_pincher_description/share/phantomx_pincher_description/phantomx_pincher/meshes/DAE/anclajes/anclajeM10.dae
[0.251s] -- Up-to-date symlink: /home/juan/ros2_ws/phantom_ws/install/phantomx_pincher_description/share/phantomx_pincher_description/phantomx_pincher/meshes/DAE/bases/baseElementosFijos.dae
[0.251s] -- Up-to-date symlink: /home/juan/ros2_ws/phantom_ws/install/phantomx_pincher_description/share/phantomx_pincher_description/phantomx_pincher/meshes/DAE/cases/caseArbotixM/base.dae
[0.253s] -- Up-to-date symlink: /home/juan/ros2_ws/phantom_ws/install/phantomx_pincher_description/share/phantomx_pincher_description/phantomx_pincher/meshes/DAE/cases/caseArbotixM/tapa.dae
[0.254s] -- Up-to-date symlink: /home/juan/ros2_ws/phantom_ws/install/phantomx_pincher_description/share/phantomx_pincher_description/phantomx_pincher/meshes/DAE/cases/caseBaseRobot/caseBaseRobot.dae
[0.254s] -- Up-to-date symlink: /home/juan/ros2_ws/phantom_ws/install/phantomx_pincher_description/share/phantomx_pincher_description/phantomx_pincher/meshes/DAE/cases/caseBaseRobot/clipAnclajeNumero.dae
[0.254s] -- Up-to-date symlink: /home/juan/ros2_ws/phantom_ws/install/phantomx_pincher_description/share/phantomx_pincher_description/phantomx_pincher/meshes/DAE/cases/caseBaseRobot/numerosBases.dae
[0.254s] -- Up-to-date symlink: /home/juan/ros2_ws/phantom_ws/install/phantomx_pincher_description/share/phantomx_pincher_description/phantomx_pincher/meshes/DAE/cases/casePowerHub/baseCasePowerHub.dae
[0.254s] -- Up-to-date symlink: /home/juan/ros2_ws/phantom_ws/install/phantomx_pincher_description/share/phantomx_pincher_description/phantomx_pincher/meshes/DAE/cases/caseRaspberryPi5/baseCaseRaspberry.dae
[0.254s] -- Up-to-date symlink: /home/juan/ros2_ws/phantom_ws/install/phantomx_pincher_description/share/phantomx_pincher_description/phantomx_pincher/meshes/DAE/cases/caseRaspberryPi5/tapaRaspberry.dae
[0.254s] -- Up-to-date symlink: /home/juan/ros2_ws/phantom_ws/install/phantomx_pincher_description/share/phantomx_pincher_description/phantomx_pincher/meshes/DAE/cases/caseRaspberryPi5/tapaSlide.dae
[0.254s] -- Up-to-date symlink: /home/juan/ros2_ws/phantom_ws/install/phantomx_pincher_description/share/phantomx_pincher_description/phantomx_pincher/meshes/DAE/cases/caseUSB2Dynamixel/acopleGrande.dae
[0.254s] -- Up-to-date symlink: /home/juan/ros2_ws/phantom_ws/install/phantomx_pincher_description/share/phantomx_pincher_description/phantomx_pincher/meshes/DAE/cases/caseUSB2Dynamixel/acoplePequeño.dae
[0.254s] -- Up-to-date symlink: /home/juan/ros2_ws/phantom_ws/install/phantomx_pincher_description/share/phantomx_pincher_description/phantomx_pincher/meshes/DAE/cases/caseUSB2Dynamixel/baseUBS2.dae
[0.254s] -- Up-to-date symlink: /home/juan/ros2_ws/phantom_ws/install/phantomx_pincher_description/share/phantomx_pincher_description/phantomx_pincher/meshes/DAE/cases/cases/baseMicroAirPump370A.dae
[0.254s] -- Up-to-date symlink: /home/juan/ros2_ws/phantom_ws/install/phantomx_pincher_description/share/phantomx_pincher_description/phantomx_pincher/meshes/DAE/cases/cases/caseBaseRobot.dae
[0.254s] -- Up-to-date symlink: /home/juan/ros2_ws/phantom_ws/install/phantomx_pincher_description/share/phantomx_pincher_description/phantomx_pincher/meshes/DAE/cases/cases/caseRaspberryPi5/baseCaseRaspberry.dae
[0.254s] -- Up-to-date symlink: /home/juan/ros2_ws/phantom_ws/install/phantomx_pincher_description/share/phantomx_pincher_description/phantomx_pincher/meshes/DAE/cases/cases/caseRaspberryPi5/tapaRaspberry.dae
[0.254s] -- Up-to-date symlink: /home/juan/ros2_ws/phantom_ws/install/phantomx_pincher_description/share/phantomx_pincher_description/phantomx_pincher/meshes/DAE/cases/cases/tapaMicroAirPump370A.dae
[0.254s] -- Up-to-date symlink: /home/juan/ros2_ws/phantom_ws/install/phantomx_pincher_description/share/phantomx_pincher_description/phantomx_pincher/meshes/DAE/cases/microAirpump/caseAirpumpBottom.dae
[0.254s] -- Up-to-date symlink: /home/juan/ros2_ws/phantom_ws/install/phantomx_pincher_description/share/phantomx_pincher_description/phantomx_pincher/meshes/DAE/cases/microAirpump/caseAirpumpTop.dae
[0.254s] -- Up-to-date symlink: /home/juan/ros2_ws/phantom_ws/install/phantomx_pincher_description/share/phantomx_pincher_description/phantomx_pincher/meshes/DAE/manijas/manija.dae
[0.254s] -- Up-to-date symlink: /home/juan/ros2_ws/phantom_ws/install/phantomx_pincher_description/share/phantomx_pincher_description/phantomx_pincher/meshes/DAE/manijas/pataManija.dae
[0.254s] -- Up-to-date symlink: /home/juan/ros2_ws/phantom_ws/install/phantomx_pincher_description/share/phantomx_pincher_description/phantomx_pincher/meshes/DAE/objectsToPick/cilinder25Dx25h.dae
[0.254s] -- Up-to-date symlink: /home/juan/ros2_ws/phantom_ws/install/phantomx_pincher_description/share/phantomx_pincher_description/phantomx_pincher/meshes/DAE/objectsToPick/cube25x25.dae
[0.254s] -- Up-to-date symlink: /home/juan/ros2_ws/phantom_ws/install/phantomx_pincher_description/share/phantomx_pincher_description/phantomx_pincher/meshes/DAE/patas/pataD15mm.dae
[0.254s] -- Up-to-date symlink: /home/juan/ros2_ws/phantom_ws/install/phantomx_pincher_description/share/phantomx_pincher_description/phantomx_pincher/meshes/DAE/patas/pataD20mm.dae
[0.254s] -- Up-to-date symlink: /home/juan/ros2_ws/phantom_ws/install/phantomx_pincher_description/share/phantomx_pincher_description/phantomx_pincher/meshes/DAE/tubosOvaladosNiquel/Angujo.dae
[0.254s] -- Up-to-date symlink: /home/juan/ros2_ws/phantom_ws/install/phantomx_pincher_description/share/phantomx_pincher_description/phantomx_pincher/meshes/DAE/tubosOvaladosNiquel/EncajeABaseTuboCloset.dae
[0.254s] -- Up-to-date symlink: /home/juan/ros2_ws/phantom_ws/install/phantomx_pincher_description/share/phantomx_pincher_description/phantomx_pincher/meshes/DAE/zonasDeRecoleccion/zonaCircular/zonaCircular146mm.dae
[0.254s] -- Up-to-date symlink: /home/juan/ros2_ws/phantom_ws/install/phantomx_pincher_description/share/phantomx_pincher_description/phantomx_pincher/meshes/STL/Canecas/CanecaGrandeConTapaSlide/CFFFP_elevacionCaneca.stl
[0.254s] -- Up-to-date symlink: /home/juan/ros2_ws/phantom_ws/install/phantomx_pincher_description/share/phantomx_pincher_description/phantomx_pincher/meshes/STL/Canecas/CanecaGrandeConTapaSlide/OldVersions/canecaCollision.0002.ipt
[0.255s] -- Up-to-date symlink: /home/juan/ros2_ws/phantom_ws/install/phantomx_pincher_description/share/phantomx_pincher_description/phantomx_pincher/meshes/STL/Canecas/CanecaGrandeConTapaSlide/canecaCollision.ipt
[0.255s] -- Up-to-date symlink: /home/juan/ros2_ws/phantom_ws/install/phantomx_pincher_description/share/phantomx_pincher_description/phantomx_pincher/meshes/STL/Canecas/CanecaGrandeConTapaSlide/canecaCollision.stl
[0.255s] -- Up-to-date symlink: /home/juan/ros2_ws/phantom_ws/install/phantomx_pincher_description/share/phantomx_pincher_description/phantomx_pincher/meshes/STL/Canecas/CanecaGrandeConTapaSlide/canecaGrande.stl
[0.255s] -- Up-to-date symlink: /home/juan/ros2_ws/phantom_ws/install/phantomx_pincher_description/share/phantomx_pincher_description/phantomx_pincher/meshes/STL/Canecas/CanecaGrandeConTapaSlide/elevacionCaneca.ipt
[0.255s] -- Up-to-date symlink: /home/juan/ros2_ws/phantom_ws/install/phantomx_pincher_description/share/phantomx_pincher_description/phantomx_pincher/meshes/STL/Canecas/CanecaGrandeConTapaSlide/elevacionCaneca.stl
[0.260s] -- Up-to-date symlink: /home/juan/ros2_ws/phantom_ws/install/phantomx_pincher_description/share/phantomx_pincher_description/phantomx_pincher/meshes/STL/Canecas/CanecaGrandeConTapaSlide/ensambleCaneca.stl
[0.260s] -- Up-to-date symlink: /home/juan/ros2_ws/phantom_ws/install/phantomx_pincher_description/share/phantomx_pincher_description/phantomx_pincher/meshes/STL/Canecas/CanecaGrandeConTapaSlide/tapaSlide.stl
[0.260s] -- Up-to-date symlink: /home/juan/ros2_ws/phantom_ws/install/phantomx_pincher_description/share/phantomx_pincher_description/phantomx_pincher/meshes/STL/Canecas/OldVersions/escudoUnal.0002.ipt
[0.260s] -- Up-to-date symlink: /home/juan/ros2_ws/phantom_ws/install/phantomx_pincher_description/share/phantomx_pincher_description/phantomx_pincher/meshes/STL/Canecas/escudoUnal.ipt
[0.260s] -- Up-to-date symlink: /home/juan/ros2_ws/phantom_ws/install/phantomx_pincher_description/share/phantomx_pincher_description/phantomx_pincher/meshes/STL/anclajes/CFFFP_anclajeEsquinaCanastilla.stl
[0.260s] -- Up-to-date symlink: /home/juan/ros2_ws/phantom_ws/install/phantomx_pincher_description/share/phantomx_pincher_description/phantomx_pincher/meshes/STL/anclajes/anclajeEsquinaCanastilla.stl
[0.260s] -- Up-to-date symlink: /home/juan/ros2_ws/phantom_ws/install/phantomx_pincher_description/share/phantomx_pincher_description/phantomx_pincher/meshes/STL/anclajes/anclajeEsquinaTapa.stl
[0.260s] -- Up-to-date symlink: /home/juan/ros2_ws/phantom_ws/install/phantomx_pincher_description/share/phantomx_pincher_description/phantomx_pincher/meshes/STL/anclajes/anclajeM10.stl
[0.260s] -- Up-to-date symlink: /home/juan/ros2_ws/phantom_ws/install/phantomx_pincher_description/share/phantomx_pincher_description/phantomx_pincher/meshes/STL/bases/baseElementosFijos.stl
[0.260s] -- Up-to-date symlink: /home/juan/ros2_ws/phantom_ws/install/phantomx_pincher_description/share/phantomx_pincher_description/phantomx_pincher/meshes/STL/cases/caseArbotixM/base.stl
[0.260s] -- Up-to-date symlink: /home/juan/ros2_ws/phantom_ws/install/phantomx_pincher_description/share/phantomx_pincher_description/phantomx_pincher/meshes/STL/cases/caseArbotixM/tapa.stl
[0.260s] -- Up-to-date symlink: /home/juan/ros2_ws/phantom_ws/install/phantomx_pincher_description/share/phantomx_pincher_description/phantomx_pincher/meshes/STL/cases/caseBaseRobot/caseBaseRobot.stl
[0.260s] -- Up-to-date symlink: /home/juan/ros2_ws/phantom_ws/install/phantomx_pincher_description/share/phantomx_pincher_description/phantomx_pincher/meshes/STL/cases/caseBaseRobot/clipAnclajeNumero.stl
[0.260s] -- Up-to-date symlink: /home/juan/ros2_ws/phantom_ws/install/phantomx_pincher_description/share/phantomx_pincher_description/phantomx_pincher/meshes/STL/cases/caseBaseRobot/numerosBases.stl
[0.260s] -- Up-to-date symlink: /home/juan/ros2_ws/phantom_ws/install/phantomx_pincher_description/share/phantomx_pincher_description/phantomx_pincher/meshes/STL/cases/casePowerHub/baseCasePowerHub.stl
[0.260s] -- Up-to-date symlink: /home/juan/ros2_ws/phantom_ws/install/phantomx_pincher_description/share/phantomx_pincher_description/phantomx_pincher/meshes/STL/cases/caseRaspberryPi5/CFFFP_baseCaseRaspberry.3mf
[0.260s] -- Up-to-date symlink: /home/juan/ros2_ws/phantom_ws/install/phantomx_pincher_description/share/phantomx_pincher_description/phantomx_pincher/meshes/STL/cases/caseRaspberryPi5/baseCaseRaspberry.stl
[0.260s] -- Up-to-date symlink: /home/juan/ros2_ws/phantom_ws/install/phantomx_pincher_description/share/phantomx_pincher_description/phantomx_pincher/meshes/STL/cases/caseRaspberryPi5/tapaRaspberry.stl
[0.262s] -- Up-to-date symlink: /home/juan/ros2_ws/phantom_ws/install/phantomx_pincher_description/share/phantomx_pincher_description/phantomx_pincher/meshes/STL/cases/caseRaspberryPi5/tapaSlide.stl
[0.263s] -- Up-to-date symlink: /home/juan/ros2_ws/phantom_ws/install/phantomx_pincher_description/share/phantomx_pincher_description/phantomx_pincher/meshes/STL/cases/caseUSB2Dynamixel/OldVersions/acopleGrande.0001.ipt
[0.263s] -- Up-to-date symlink: /home/juan/ros2_ws/phantom_ws/install/phantomx_pincher_description/share/phantomx_pincher_description/phantomx_pincher/meshes/STL/cases/caseUSB2Dynamixel/OldVersions/acoplePequeño.0002.ipt
[0.263s] -- Up-to-date symlink: /home/juan/ros2_ws/phantom_ws/install/phantomx_pincher_description/share/phantomx_pincher_description/phantomx_pincher/meshes/STL/cases/caseUSB2Dynamixel/OldVersions/baseUBS2.0001.ipt
[0.263s] -- Up-to-date symlink: /home/juan/ros2_ws/phantom_ws/install/phantomx_pincher_description/share/phantomx_pincher_description/phantomx_pincher/meshes/STL/cases/caseUSB2Dynamixel/acopleGrande.stl
[0.263s] -- Up-to-date symlink: /home/juan/ros2_ws/phantom_ws/install/phantomx_pincher_description/share/phantomx_pincher_description/phantomx_pincher/meshes/STL/cases/caseUSB2Dynamixel/acoplePequeño.stl
[0.263s] -- Up-to-date symlink: /home/juan/ros2_ws/phantom_ws/install/phantomx_pincher_description/share/phantomx_pincher_description/phantomx_pincher/meshes/STL/cases/caseUSB2Dynamixel/baseUBS2.stl
[0.263s] -- Up-to-date symlink: /home/juan/ros2_ws/phantom_ws/install/phantomx_pincher_description/share/phantomx_pincher_description/phantomx_pincher/meshes/STL/cases/cases/baseMicroAirPump370A.stl
[0.263s] -- Up-to-date symlink: /home/juan/ros2_ws/phantom_ws/install/phantomx_pincher_description/share/phantomx_pincher_description/phantomx_pincher/meshes/STL/cases/cases/caseBaseRobot.stl
[0.263s] -- Up-to-date symlink: /home/juan/ros2_ws/phantom_ws/install/phantomx_pincher_description/share/phantomx_pincher_description/phantomx_pincher/meshes/STL/cases/cases/caseRaspberryPi5/CFFFP_tapaRaspberry.3mf
[0.263s] -- Up-to-date symlink: /home/juan/ros2_ws/phantom_ws/install/phantomx_pincher_description/share/phantomx_pincher_description/phantomx_pincher/meshes/STL/cases/cases/caseRaspberryPi5/baseCaseRaspberry.stl
[0.263s] -- Up-to-date symlink: /home/juan/ros2_ws/phantom_ws/install/phantomx_pincher_description/share/phantomx_pincher_description/phantomx_pincher/meshes/STL/cases/cases/caseRaspberryPi5/tapaRaspberry.stl
[0.263s] -- Up-to-date symlink: /home/juan/ros2_ws/phantom_ws/install/phantomx_pincher_description/share/phantomx_pincher_description/phantomx_pincher/meshes/STL/cases/cases/tapaMicroAirPump370A.stl
[0.263s] -- Up-to-date symlink: /home/juan/ros2_ws/phantom_ws/install/phantomx_pincher_description/share/phantomx_pincher_description/phantomx_pincher/meshes/STL/cases/microAirpump/caseAirpumpBottom.stl
[0.263s] -- Up-to-date symlink: /home/juan/ros2_ws/phantom_ws/install/phantomx_pincher_description/share/phantomx_pincher_description/phantomx_pincher/meshes/STL/cases/microAirpump/caseAirpumpTop.stl
[0.263s] -- Up-to-date symlink: /home/juan/ros2_ws/phantom_ws/install/phantomx_pincher_description/share/phantomx_pincher_description/phantomx_pincher/meshes/STL/cases/microAirpump/ensambleAirpump.stl
[0.263s] -- Up-to-date symlink: /home/juan/ros2_ws/phantom_ws/install/phantomx_pincher_description/share/phantomx_pincher_description/phantomx_pincher/meshes/STL/escudoUnal.dxf
[0.263s] -- Up-to-date symlink: /home/juan/ros2_ws/phantom_ws/install/phantomx_pincher_description/share/phantomx_pincher_description/phantomx_pincher/meshes/STL/manijas/manija.stl
[0.263s] -- Up-to-date symlink: /home/juan/ros2_ws/phantom_ws/install/phantomx_pincher_description/share/phantomx_pincher_description/phantomx_pincher/meshes/STL/manijas/pataManija.stl
[0.263s] -- Up-to-date symlink: /home/juan/ros2_ws/phantom_ws/install/phantomx_pincher_description/share/phantomx_pincher_description/phantomx_pincher/meshes/STL/objectsToPick/cilinder25Dx25h.stl
[0.263s] -- Up-to-date symlink: /home/juan/ros2_ws/phantom_ws/install/phantomx_pincher_description/share/phantomx_pincher_description/phantomx_pincher/meshes/STL/objectsToPick/cube25x25.stl
[0.263s] -- Up-to-date symlink: /home/juan/ros2_ws/phantom_ws/install/phantomx_pincher_description/share/phantomx_pincher_description/phantomx_pincher/meshes/STL/patas/pataD15mm.stl
[0.263s] -- Up-to-date symlink: /home/juan/ros2_ws/phantom_ws/install/phantomx_pincher_description/share/phantomx_pincher_description/phantomx_pincher/meshes/STL/patas/pataD20mm.stl
[0.263s] -- Up-to-date symlink: /home/juan/ros2_ws/phantom_ws/install/phantomx_pincher_description/share/phantomx_pincher_description/phantomx_pincher/meshes/STL/tubosOvaladosNiquel/Angujo.stl
[0.263s] -- Up-to-date symlink: /home/juan/ros2_ws/phantom_ws/install/phantomx_pincher_description/share/phantomx_pincher_description/phantomx_pincher/meshes/STL/tubosOvaladosNiquel/EncajeABaseConTornilloTuboCloset.stl
[0.270s] -- Up-to-date symlink: /home/juan/ros2_ws/phantom_ws/install/phantomx_pincher_description/share/phantomx_pincher_description/phantomx_pincher/meshes/STL/tubosOvaladosNiquel/EncajeABaseTuboCloset.stl
[0.270s] -- Up-to-date symlink: /home/juan/ros2_ws/phantom_ws/install/phantomx_pincher_description/share/phantomx_pincher_description/phantomx_pincher/meshes/STL/zonasDeRecoleccion/zonaCircular/zonaCircular146mm.stl
[0.270s] -- Up-to-date symlink: /home/juan/ros2_ws/phantom_ws/install/phantomx_pincher_description/share/phantomx_pincher_description/phantomx_pincher/meshes/collision/finger.stl
[0.270s] -- Up-to-date symlink: /home/juan/ros2_ws/phantom_ws/install/phantomx_pincher_description/share/phantomx_pincher_description/phantomx_pincher/meshes/collision/task_board.stl
[0.271s] -- Up-to-date symlink: /home/juan/ros2_ws/phantom_ws/install/phantomx_pincher_description/share/phantomx_pincher_description/phantomx_pincher/meshes/visual/ax12.dae
[0.271s] -- Up-to-date symlink: /home/juan/ros2_ws/phantom_ws/install/phantomx_pincher_description/share/phantomx_pincher_description/phantomx_pincher/meshes/visual/f10.dae
[0.271s] -- Up-to-date symlink: /home/juan/ros2_ws/phantom_ws/install/phantomx_pincher_description/share/phantomx_pincher_description/phantomx_pincher/meshes/visual/f2.dae
[0.271s] -- Up-to-date symlink: /home/juan/ros2_ws/phantom_ws/install/phantomx_pincher_description/share/phantomx_pincher_description/phantomx_pincher/meshes/visual/f3.dae
[0.271s] -- Up-to-date symlink: /home/juan/ros2_ws/phantom_ws/install/phantomx_pincher_description/share/phantomx_pincher_description/phantomx_pincher/meshes/visual/f4.dae
[0.271s] -- Up-to-date symlink: /home/juan/ros2_ws/phantom_ws/install/phantomx_pincher_description/share/phantomx_pincher_description/phantomx_pincher/meshes/visual/finger.dae
[0.271s] -- Up-to-date symlink: /home/juan/ros2_ws/phantom_ws/install/phantomx_pincher_description/share/phantomx_pincher_description/phantomx_pincher/meshes/visual/gripper_base.dae
[0.271s] -- Up-to-date symlink: /home/juan/ros2_ws/phantom_ws/install/phantomx_pincher_description/share/phantomx_pincher_description/phantomx_pincher/meshes/visual/phantomx_pincher_mount.dae
[0.271s] -- Up-to-date symlink: /home/juan/ros2_ws/phantom_ws/install/phantomx_pincher_description/share/phantomx_pincher_description/phantomx_pincher/meshes/visual/task_board.dae
[0.271s] -- Up-to-date symlink: /home/juan/ros2_ws/phantom_ws/install/phantomx_pincher_description/share/phantomx_pincher_description/phantomx_pincher/meshes/visual/task_board_module_phantomx_pincher_mount.dae
[0.271s] -- Up-to-date symlink: /home/juan/ros2_ws/phantom_ws/install/phantomx_pincher_description/share/phantomx_pincher_description/phantomx_pincher/model.config
[0.271s] -- Up-to-date symlink: /home/juan/ros2_ws/phantom_ws/install/phantomx_pincher_description/share/phantomx_pincher_description/phantomx_pincher/model.sdf
[0.271s] -- Up-to-date symlink: /home/juan/ros2_ws/phantom_ws/install/phantomx_pincher_description/share/phantomx_pincher_description/phantomx_pincher/thumbnails/0.png
[0.271s] -- Symlinking: /home/juan/ros2_ws/phantom_ws/install/phantomx_pincher_description/share/phantomx_pincher_description/meshes/DAE/Canecas/CanecaGrandeConTapaSlide/CFFFP_elevacionCaneca.dae
[0.271s] -- Symlinking: /home/juan/ros2_ws/phantom_ws/install/phantomx_pincher_description/share/phantomx_pincher_description/meshes/DAE/Canecas/CanecaGrandeConTapaSlide/canecaGrande.dae
[0.274s] -- Symlinking: /home/juan/ros2_ws/phantom_ws/install/phantomx_pincher_description/share/phantomx_pincher_description/meshes/DAE/Canecas/CanecaGrandeConTapaSlide/elevacionCaneca.dae
[0.279s] -- Symlinking: /home/juan/ros2_ws/phantom_ws/install/phantomx_pincher_description/share/phantomx_pincher_description/meshes/DAE/Canecas/CanecaGrandeConTapaSlide/tapaSlide.dae
[0.286s] -- Symlinking: /home/juan/ros2_ws/phantom_ws/install/phantomx_pincher_description/share/phantomx_pincher_description/meshes/DAE/anclajes/CFFFP_anclajeEsquinaCanastilla.dae
[0.291s] -- Symlinking: /home/juan/ros2_ws/phantom_ws/install/phantomx_pincher_description/share/phantomx_pincher_description/meshes/DAE/anclajes/anclajeEsquinaCanastilla.dae
[0.297s] -- Symlinking: /home/juan/ros2_ws/phantom_ws/install/phantomx_pincher_description/share/phantomx_pincher_description/meshes/DAE/anclajes/anclajeEsquinaTapa.dae
[0.304s] -- Symlinking: /home/juan/ros2_ws/phantom_ws/install/phantomx_pincher_description/share/phantomx_pincher_description/meshes/DAE/anclajes/anclajeM10.dae
[0.312s] -- Symlinking: /home/juan/ros2_ws/phantom_ws/install/phantomx_pincher_description/share/phantomx_pincher_description/meshes/DAE/bases/baseElementosFijos.dae
[0.321s] -- Symlinking: /home/juan/ros2_ws/phantom_ws/install/phantomx_pincher_description/share/phantomx_pincher_description/meshes/DAE/cases/caseArbotixM/base.dae
[0.326s] -- Symlinking: /home/juan/ros2_ws/phantom_ws/install/phantomx_pincher_description/share/phantomx_pincher_description/meshes/DAE/cases/caseArbotixM/tapa.dae
[0.334s] -- Symlinking: /home/juan/ros2_ws/phantom_ws/install/phantomx_pincher_description/share/phantomx_pincher_description/meshes/DAE/cases/caseBaseRobot/caseBaseRobot.dae
[0.341s] -- Symlinking: /home/juan/ros2_ws/phantom_ws/install/phantomx_pincher_description/share/phantomx_pincher_description/meshes/DAE/cases/caseBaseRobot/clipAnclajeNumero.dae
[0.352s] -- Symlinking: /home/juan/ros2_ws/phantom_ws/install/phantomx_pincher_description/share/phantomx_pincher_description/meshes/DAE/cases/caseBaseRobot/numerosBases.dae
[0.361s] -- Symlinking: /home/juan/ros2_ws/phantom_ws/install/phantomx_pincher_description/share/phantomx_pincher_description/meshes/DAE/cases/casePowerHub/baseCasePowerHub.dae
[0.365s] -- Symlinking: /home/juan/ros2_ws/phantom_ws/install/phantomx_pincher_description/share/phantomx_pincher_description/meshes/DAE/cases/caseRaspberryPi5/baseCaseRaspberry.dae
[0.371s] -- Symlinking: /home/juan/ros2_ws/phantom_ws/install/phantomx_pincher_description/share/phantomx_pincher_description/meshes/DAE/cases/caseRaspberryPi5/tapaRaspberry.dae
[0.377s] -- Symlinking: /home/juan/ros2_ws/phantom_ws/install/phantomx_pincher_description/share/phantomx_pincher_description/meshes/DAE/cases/caseRaspberryPi5/tapaSlide.dae
[0.383s] -- Symlinking: /home/juan/ros2_ws/phantom_ws/install/phantomx_pincher_description/share/phantomx_pincher_description/meshes/DAE/cases/caseUSB2Dynamixel/acopleGrande.dae
[0.390s] -- Symlinking: /home/juan/ros2_ws/phantom_ws/install/phantomx_pincher_description/share/phantomx_pincher_description/meshes/DAE/cases/caseUSB2Dynamixel/acoplePequeño.dae
[0.396s] -- Symlinking: /home/juan/ros2_ws/phantom_ws/install/phantomx_pincher_description/share/phantomx_pincher_description/meshes/DAE/cases/caseUSB2Dynamixel/baseUBS2.dae
[0.402s] -- Symlinking: /home/juan/ros2_ws/phantom_ws/install/phantomx_pincher_description/share/phantomx_pincher_description/meshes/DAE/cases/cases/baseMicroAirPump370A.dae
[0.408s] -- Symlinking: /home/juan/ros2_ws/phantom_ws/install/phantomx_pincher_description/share/phantomx_pincher_description/meshes/DAE/cases/cases/caseBaseRobot.dae
[0.414s] -- Symlinking: /home/juan/ros2_ws/phantom_ws/install/phantomx_pincher_description/share/phantomx_pincher_description/meshes/DAE/cases/cases/caseRaspberryPi5/baseCaseRaspberry.dae
[0.423s] -- Symlinking: /home/juan/ros2_ws/phantom_ws/install/phantomx_pincher_description/share/phantomx_pincher_description/meshes/DAE/cases/cases/caseRaspberryPi5/tapaRaspberry.dae
[0.427s] -- Symlinking: /home/juan/ros2_ws/phantom_ws/install/phantomx_pincher_description/share/phantomx_pincher_description/meshes/DAE/cases/cases/tapaMicroAirPump370A.dae
[0.439s] -- Symlinking: /home/juan/ros2_ws/phantom_ws/install/phantomx_pincher_description/share/phantomx_pincher_description/meshes/DAE/cases/microAirpump/caseAirpumpBottom.dae
[0.447s] -- Symlinking: /home/juan/ros2_ws/phantom_ws/install/phantomx_pincher_description/share/phantomx_pincher_description/meshes/DAE/cases/microAirpump/caseAirpumpTop.dae
[0.459s] -- Symlinking: /home/juan/ros2_ws/phantom_ws/install/phantomx_pincher_description/share/phantomx_pincher_description/meshes/DAE/manijas/manija.dae
[0.468s] -- Symlinking: /home/juan/ros2_ws/phantom_ws/install/phantomx_pincher_description/share/phantomx_pincher_description/meshes/DAE/manijas/pataManija.dae
[0.475s] -- Symlinking: /home/juan/ros2_ws/phantom_ws/install/phantomx_pincher_description/share/phantomx_pincher_description/meshes/DAE/objectsToPick/cilinder25Dx25h.dae
[0.487s] -- Symlinking: /home/juan/ros2_ws/phantom_ws/install/phantomx_pincher_description/share/phantomx_pincher_description/meshes/DAE/objectsToPick/cube25x25.dae
[0.489s] -- Symlinking: /home/juan/ros2_ws/phantom_ws/install/phantomx_pincher_description/share/phantomx_pincher_description/meshes/DAE/patas/pataD15mm.dae
[0.497s] -- Symlinking: /home/juan/ros2_ws/phantom_ws/install/phantomx_pincher_description/share/phantomx_pincher_description/meshes/DAE/patas/pataD20mm.dae
[0.510s] -- Symlinking: /home/juan/ros2_ws/phantom_ws/install/phantomx_pincher_description/share/phantomx_pincher_description/meshes/DAE/tubosOvaladosNiquel/Angujo.dae
[0.517s] -- Symlinking: /home/juan/ros2_ws/phantom_ws/install/phantomx_pincher_description/share/phantomx_pincher_description/meshes/DAE/tubosOvaladosNiquel/EncajeABaseTuboCloset.dae
[0.524s] -- Symlinking: /home/juan/ros2_ws/phantom_ws/install/phantomx_pincher_description/share/phantomx_pincher_description/meshes/DAE/zonasDeRecoleccion/zonaCircular/zonaCircular146mm.dae
[0.531s] -- Up-to-date symlink: /home/juan/ros2_ws/phantom_ws/install/phantomx_pincher_description/share/phantomx_pincher_description/meshes/STL/Canecas/CanecaGrandeConTapaSlide/CFFFP_elevacionCaneca.stl
[0.531s] -- Up-to-date symlink: /home/juan/ros2_ws/phantom_ws/install/phantomx_pincher_description/share/phantomx_pincher_description/meshes/STL/Canecas/CanecaGrandeConTapaSlide/OldVersions/canecaCollision.0002.ipt
[0.531s] -- Up-to-date symlink: /home/juan/ros2_ws/phantom_ws/install/phantomx_pincher_description/share/phantomx_pincher_description/meshes/STL/Canecas/CanecaGrandeConTapaSlide/canecaCollision.ipt
[0.531s] -- Up-to-date symlink: /home/juan/ros2_ws/phantom_ws/install/phantomx_pincher_description/share/phantomx_pincher_description/meshes/STL/Canecas/CanecaGrandeConTapaSlide/canecaCollision.stl
[0.531s] -- Up-to-date symlink: /home/juan/ros2_ws/phantom_ws/install/phantomx_pincher_description/share/phantomx_pincher_description/meshes/STL/Canecas/CanecaGrandeConTapaSlide/canecaGrande.stl
[0.531s] -- Up-to-date symlink: /home/juan/ros2_ws/phantom_ws/install/phantomx_pincher_description/share/phantomx_pincher_description/meshes/STL/Canecas/CanecaGrandeConTapaSlide/elevacionCaneca.ipt
[0.531s] -- Up-to-date symlink: /home/juan/ros2_ws/phantom_ws/install/phantomx_pincher_description/share/phantomx_pincher_description/meshes/STL/Canecas/CanecaGrandeConTapaSlide/elevacionCaneca.stl
[0.535s] -- Up-to-date symlink: /home/juan/ros2_ws/phantom_ws/install/phantomx_pincher_description/share/phantomx_pincher_description/meshes/STL/Canecas/CanecaGrandeConTapaSlide/ensambleCaneca.stl
[0.535s] -- Up-to-date symlink: /home/juan/ros2_ws/phantom_ws/install/phantomx_pincher_description/share/phantomx_pincher_description/meshes/STL/Canecas/CanecaGrandeConTapaSlide/tapaSlide.stl
[0.535s] -- Up-to-date symlink: /home/juan/ros2_ws/phantom_ws/install/phantomx_pincher_description/share/phantomx_pincher_description/meshes/STL/Canecas/OldVersions/escudoUnal.0002.ipt
[0.535s] -- Up-to-date symlink: /home/juan/ros2_ws/phantom_ws/install/phantomx_pincher_description/share/phantomx_pincher_description/meshes/STL/Canecas/escudoUnal.ipt
[0.535s] -- Up-to-date symlink: /home/juan/ros2_ws/phantom_ws/install/phantomx_pincher_description/share/phantomx_pincher_description/meshes/STL/anclajes/CFFFP_anclajeEsquinaCanastilla.stl
[0.535s] -- Up-to-date symlink: /home/juan/ros2_ws/phantom_ws/install/phantomx_pincher_description/share/phantomx_pincher_description/meshes/STL/anclajes/anclajeEsquinaCanastilla.stl
[0.535s] -- Up-to-date symlink: /home/juan/ros2_ws/phantom_ws/install/phantomx_pincher_description/share/phantomx_pincher_description/meshes/STL/anclajes/anclajeEsquinaTapa.stl
[0.535s] -- Up-to-date symlink: /home/juan/ros2_ws/phantom_ws/install/phantomx_pincher_description/share/phantomx_pincher_description/meshes/STL/anclajes/anclajeM10.stl
[0.535s] -- Up-to-date symlink: /home/juan/ros2_ws/phantom_ws/install/phantomx_pincher_description/share/phantomx_pincher_description/meshes/STL/bases/baseElementosFijos.stl
[0.536s] -- Up-to-date symlink: /home/juan/ros2_ws/phantom_ws/install/phantomx_pincher_description/share/phantomx_pincher_description/meshes/STL/cases/caseArbotixM/base.stl
[0.541s] -- Up-to-date symlink: /home/juan/ros2_ws/phantom_ws/install/phantomx_pincher_description/share/phantomx_pincher_description/meshes/STL/cases/caseArbotixM/tapa.stl
[0.541s] -- Up-to-date symlink: /home/juan/ros2_ws/phantom_ws/install/phantomx_pincher_description/share/phantomx_pincher_description/meshes/STL/cases/caseBaseRobot/caseBaseRobot.stl
[0.541s] -- Up-to-date symlink: /home/juan/ros2_ws/phantom_ws/install/phantomx_pincher_description/share/phantomx_pincher_description/meshes/STL/cases/caseBaseRobot/clipAnclajeNumero.stl
[0.541s] -- Up-to-date symlink: /home/juan/ros2_ws/phantom_ws/install/phantomx_pincher_description/share/phantomx_pincher_description/meshes/STL/cases/caseBaseRobot/numerosBases.stl
[0.541s] -- Up-to-date symlink: /home/juan/ros2_ws/phantom_ws/install/phantomx_pincher_description/share/phantomx_pincher_description/meshes/STL/cases/casePowerHub/baseCasePowerHub.stl
[0.542s] -- Up-to-date symlink: /home/juan/ros2_ws/phantom_ws/install/phantomx_pincher_description/share/phantomx_pincher_description/meshes/STL/cases/caseRaspberryPi5/CFFFP_baseCaseRaspberry.3mf
[0.542s] -- Up-to-date symlink: /home/juan/ros2_ws/phantom_ws/install/phantomx_pincher_description/share/phantomx_pincher_description/meshes/STL/cases/caseRaspberryPi5/baseCaseRaspberry.stl
[0.542s] -- Up-to-date symlink: /home/juan/ros2_ws/phantom_ws/install/phantomx_pincher_description/share/phantomx_pincher_description/meshes/STL/cases/caseRaspberryPi5/tapaRaspberry.stl
[0.542s] -- Up-to-date symlink: /home/juan/ros2_ws/phantom_ws/install/phantomx_pincher_description/share/phantomx_pincher_description/meshes/STL/cases/caseRaspberryPi5/tapaSlide.stl
[0.542s] -- Up-to-date symlink: /home/juan/ros2_ws/phantom_ws/install/phantomx_pincher_description/share/phantomx_pincher_description/meshes/STL/cases/caseUSB2Dynamixel/OldVersions/acopleGrande.0001.ipt
[0.542s] -- Up-to-date symlink: /home/juan/ros2_ws/phantom_ws/install/phantomx_pincher_description/share/phantomx_pincher_description/meshes/STL/cases/caseUSB2Dynamixel/OldVersions/acoplePequeño.0002.ipt
[0.542s] -- Up-to-date symlink: /home/juan/ros2_ws/phantom_ws/install/phantomx_pincher_description/share/phantomx_pincher_description/meshes/STL/cases/caseUSB2Dynamixel/OldVersions/baseUBS2.0001.ipt
[0.542s] -- Up-to-date symlink: /home/juan/ros2_ws/phantom_ws/install/phantomx_pincher_description/share/phantomx_pincher_description/meshes/STL/cases/caseUSB2Dynamixel/acopleGrande.stl
[0.542s] -- Up-to-date symlink: /home/juan/ros2_ws/phantom_ws/install/phantomx_pincher_description/share/phantomx_pincher_description/meshes/STL/cases/caseUSB2Dynamixel/acoplePequeño.stl
[0.542s] -- Up-to-date symlink: /home/juan/ros2_ws/phantom_ws/install/phantomx_pincher_description/share/phantomx_pincher_description/meshes/STL/cases/caseUSB2Dynamixel/baseUBS2.stl
[0.542s] -- Up-to-date symlink: /home/juan/ros2_ws/phantom_ws/install/phantomx_pincher_description/share/phantomx_pincher_description/meshes/STL/cases/cases/baseMicroAirPump370A.stl
[0.542s] -- Up-to-date symlink: /home/juan/ros2_ws/phantom_ws/install/phantomx_pincher_description/share/phantomx_pincher_description/meshes/STL/cases/cases/caseBaseRobot.stl
[0.542s] -- Up-to-date symlink: /home/juan/ros2_ws/phantom_ws/install/phantomx_pincher_description/share/phantomx_pincher_description/meshes/STL/cases/cases/caseRaspberryPi5/CFFFP_tapaRaspberry.3mf
[0.542s] -- Up-to-date symlink: /home/juan/ros2_ws/phantom_ws/install/phantomx_pincher_description/share/phantomx_pincher_description/meshes/STL/cases/cases/caseRaspberryPi5/baseCaseRaspberry.stl
[0.543s] -- Up-to-date symlink: /home/juan/ros2_ws/phantom_ws/install/phantomx_pincher_description/share/phantomx_pincher_description/meshes/STL/cases/cases/caseRaspberryPi5/tapaRaspberry.stl
[0.543s] -- Up-to-date symlink: /home/juan/ros2_ws/phantom_ws/install/phantomx_pincher_description/share/phantomx_pincher_description/meshes/STL/cases/cases/tapaMicroAirPump370A.stl
[0.543s] -- Up-to-date symlink: /home/juan/ros2_ws/phantom_ws/install/phantomx_pincher_description/share/phantomx_pincher_description/meshes/STL/cases/microAirpump/caseAirpumpBottom.stl
[0.543s] -- Up-to-date symlink: /home/juan/ros2_ws/phantom_ws/install/phantomx_pincher_description/share/phantomx_pincher_description/meshes/STL/cases/microAirpump/caseAirpumpTop.stl
[0.543s] -- Up-to-date symlink: /home/juan/ros2_ws/phantom_ws/install/phantomx_pincher_description/share/phantomx_pincher_description/meshes/STL/cases/microAirpump/ensambleAirpump.stl
[0.543s] -- Up-to-date symlink: /home/juan/ros2_ws/phantom_ws/install/phantomx_pincher_description/share/phantomx_pincher_description/meshes/STL/escudoUnal.dxf
[0.543s] -- Up-to-date symlink: /home/juan/ros2_ws/phantom_ws/install/phantomx_pincher_description/share/phantomx_pincher_description/meshes/STL/manijas/manija.stl
[0.543s] -- Up-to-date symlink: /home/juan/ros2_ws/phantom_ws/install/phantomx_pincher_description/share/phantomx_pincher_description/meshes/STL/manijas/pataManija.stl
[0.543s] -- Up-to-date symlink: /home/juan/ros2_ws/phantom_ws/install/phantomx_pincher_description/share/phantomx_pincher_description/meshes/STL/objectsToPick/cilinder25Dx25h.stl
[0.543s] -- Up-to-date symlink: /home/juan/ros2_ws/phantom_ws/install/phantomx_pincher_description/share/phantomx_pincher_description/meshes/STL/objectsToPick/cube25x25.stl
[0.543s] -- Up-to-date symlink: /home/juan/ros2_ws/phantom_ws/install/phantomx_pincher_description/share/phantomx_pincher_description/meshes/STL/patas/pataD15mm.stl
[0.543s] -- Up-to-date symlink: /home/juan/ros2_ws/phantom_ws/install/phantomx_pincher_description/share/phantomx_pincher_description/meshes/STL/patas/pataD20mm.stl
[0.543s] -- Up-to-date symlink: /home/juan/ros2_ws/phantom_ws/install/phantomx_pincher_description/share/phantomx_pincher_description/meshes/STL/tubosOvaladosNiquel/Angujo.stl
[0.543s] -- Up-to-date symlink: /home/juan/ros2_ws/phantom_ws/install/phantomx_pincher_description/share/phantomx_pincher_description/meshes/STL/tubosOvaladosNiquel/EncajeABaseConTornilloTuboCloset.stl
[0.543s] -- Up-to-date symlink: /home/juan/ros2_ws/phantom_ws/install/phantomx_pincher_description/share/phantomx_pincher_description/meshes/STL/tubosOvaladosNiquel/EncajeABaseTuboCloset.stl
[0.543s] -- Up-to-date symlink: /home/juan/ros2_ws/phantom_ws/install/phantomx_pincher_description/share/phantomx_pincher_description/meshes/STL/zonasDeRecoleccion/zonaCircular/zonaCircular146mm.stl
[0.543s] -- Symlinking: /home/juan/ros2_ws/phantom_ws/install/phantomx_pincher_description/share/phantomx_pincher_description/meshes/collision/finger.stl
[0.548s] -- Symlinking: /home/juan/ros2_ws/phantom_ws/install/phantomx_pincher_description/share/phantomx_pincher_description/meshes/collision/task_board.stl
[0.556s] -- Symlinking: /home/juan/ros2_ws/phantom_ws/install/phantomx_pincher_description/share/phantomx_pincher_description/meshes/visual/ax12.dae
[0.563s] -- Symlinking: /home/juan/ros2_ws/phantom_ws/install/phantomx_pincher_description/share/phantomx_pincher_description/meshes/visual/f10.dae
[0.569s] -- Symlinking: /home/juan/ros2_ws/phantom_ws/install/phantomx_pincher_description/share/phantomx_pincher_description/meshes/visual/f2.dae
[0.578s] -- Symlinking: /home/juan/ros2_ws/phantom_ws/install/phantomx_pincher_description/share/phantomx_pincher_description/meshes/visual/f3.dae
[0.585s] -- Symlinking: /home/juan/ros2_ws/phantom_ws/install/phantomx_pincher_description/share/phantomx_pincher_description/meshes/visual/f4.dae
[0.592s] -- Symlinking: /home/juan/ros2_ws/phantom_ws/install/phantomx_pincher_description/share/phantomx_pincher_description/meshes/visual/finger.dae
[0.599s] -- Symlinking: /home/juan/ros2_ws/phantom_ws/install/phantomx_pincher_description/share/phantomx_pincher_description/meshes/visual/gripper_base.dae
[0.612s] -- Symlinking: /home/juan/ros2_ws/phantom_ws/install/phantomx_pincher_description/share/phantomx_pincher_description/meshes/visual/phantomx_pincher_mount.dae
[0.618s] -- Symlinking: /home/juan/ros2_ws/phantom_ws/install/phantomx_pincher_description/share/phantomx_pincher_description/meshes/visual/task_board.dae
[0.632s] -- Symlinking: /home/juan/ros2_ws/phantom_ws/install/phantomx_pincher_description/share/phantomx_pincher_description/meshes/visual/task_board_module_phantomx_pincher_mount.dae
[0.641s] -- Up-to-date symlink: /home/juan/ros2_ws/phantom_ws/install/phantomx_pincher_description/share/phantomx_pincher_description/rviz/view.rviz
[0.642s] -- Up-to-date symlink: /home/juan/ros2_ws/phantom_ws/install/phantomx_pincher_description/share/phantomx_pincher_description/urdf/kit.xacro
[0.642s] -- Up-to-date symlink: /home/juan/ros2_ws/phantom_ws/install/phantomx_pincher_description/share/phantomx_pincher_description/urdf/phantomx_pincher.gazebo
[0.643s] -- Up-to-date symlink: /home/juan/ros2_ws/phantom_ws/install/phantomx_pincher_description/share/phantomx_pincher_description/urdf/phantomx_pincher.ros2_control
[0.643s] -- Up-to-date symlink: /home/juan/ros2_ws/phantom_ws/install/phantomx_pincher_description/share/phantomx_pincher_description/urdf/phantomx_pincher.urdf
[0.643s] -- Up-to-date symlink: /home/juan/ros2_ws/phantom_ws/install/phantomx_pincher_description/share/phantomx_pincher_description/urdf/phantomx_pincher.urdf.xacro
[0.644s] -- Up-to-date symlink: /home/juan/ros2_ws/phantom_ws/install/phantomx_pincher_description/share/phantomx_pincher_description/urdf/phantomx_pincher_arm.xacro
[0.644s] -- Up-to-date symlink: /home/juan/ros2_ws/phantom_ws/install/phantomx_pincher_description/share/phantomx_pincher_description/urdf/phantomx_pincher_hardware.xacro
[0.644s] -- Up-to-date symlink: /home/juan/ros2_ws/phantom_ws/install/phantomx_pincher_description/share/phantomx_pincher_description/urdf/phantomx_pincher_inertial.xacro
[0.645s] -- Up-to-date symlink: /home/juan/ros2_ws/phantom_ws/install/phantomx_pincher_description/share/phantomx_pincher_description/urdf/phantomx_pincher_mounting.xacro
[0.645s] -- Up-to-date symlink: /home/juan/ros2_ws/phantom_ws/install/phantomx_pincher_description/share/phantomx_pincher_description/urdf/phantomx_pincher_utils.xacro
[0.646s] -- Symlinking: /home/juan/ros2_ws/phantom_ws/install/phantomx_pincher_description/share/phantomx_pincher_description/meshes/DAE/Canecas/CanecaGrandeConTapaSlide/CFFFP_elevacionCaneca.dae
[0.657s] -- Symlinking: /home/juan/ros2_ws/phantom_ws/install/phantomx_pincher_description/share/phantomx_pincher_description/meshes/DAE/Canecas/CanecaGrandeConTapaSlide/canecaGrande.dae
[0.663s] -- Symlinking: /home/juan/ros2_ws/phantom_ws/install/phantomx_pincher_description/share/phantomx_pincher_description/meshes/DAE/Canecas/CanecaGrandeConTapaSlide/elevacionCaneca.dae
[0.670s] -- Symlinking: /home/juan/ros2_ws/phantom_ws/install/phantomx_pincher_description/share/phantomx_pincher_description/meshes/DAE/Canecas/CanecaGrandeConTapaSlide/tapaSlide.dae
[0.676s] -- Symlinking: /home/juan/ros2_ws/phantom_ws/install/phantomx_pincher_description/share/phantomx_pincher_description/meshes/DAE/anclajes/CFFFP_anclajeEsquinaCanastilla.dae
[0.683s] -- Symlinking: /home/juan/ros2_ws/phantom_ws/install/phantomx_pincher_description/share/phantomx_pincher_description/meshes/DAE/anclajes/anclajeEsquinaCanastilla.dae
[0.691s] -- Symlinking: /home/juan/ros2_ws/phantom_ws/install/phantomx_pincher_description/share/phantomx_pincher_description/meshes/DAE/anclajes/anclajeEsquinaTapa.dae
[0.696s] -- Symlinking: /home/juan/ros2_ws/phantom_ws/install/phantomx_pincher_description/share/phantomx_pincher_description/meshes/DAE/anclajes/anclajeM10.dae
[0.703s] -- Symlinking: /home/juan/ros2_ws/phantom_ws/install/phantomx_pincher_description/share/phantomx_pincher_description/meshes/DAE/bases/baseElementosFijos.dae
[0.711s] -- Symlinking: /home/juan/ros2_ws/phantom_ws/install/phantomx_pincher_description/share/phantomx_pincher_description/meshes/DAE/cases/caseArbotixM/base.dae
[0.720s] -- Symlinking: /home/juan/ros2_ws/phantom_ws/install/phantomx_pincher_description/share/phantomx_pincher_description/meshes/DAE/cases/caseArbotixM/tapa.dae
[0.740s] -- Symlinking: /home/juan/ros2_ws/phantom_ws/install/phantomx_pincher_description/share/phantomx_pincher_description/meshes/DAE/cases/caseBaseRobot/caseBaseRobot.dae
[0.751s] -- Symlinking: /home/juan/ros2_ws/phantom_ws/install/phantomx_pincher_description/share/phantomx_pincher_description/meshes/DAE/cases/caseBaseRobot/clipAnclajeNumero.dae
[0.760s] -- Symlinking: /home/juan/ros2_ws/phantom_ws/install/phantomx_pincher_description/share/phantomx_pincher_description/meshes/DAE/cases/caseBaseRobot/numerosBases.dae
[0.770s] -- Symlinking: /home/juan/ros2_ws/phantom_ws/install/phantomx_pincher_description/share/phantomx_pincher_description/meshes/DAE/cases/casePowerHub/baseCasePowerHub.dae
[0.780s] -- Symlinking: /home/juan/ros2_ws/phantom_ws/install/phantomx_pincher_description/share/phantomx_pincher_description/meshes/DAE/cases/caseRaspberryPi5/baseCaseRaspberry.dae
[0.792s] -- Symlinking: /home/juan/ros2_ws/phantom_ws/install/phantomx_pincher_description/share/phantomx_pincher_description/meshes/DAE/cases/caseRaspberryPi5/tapaRaspberry.dae
[0.804s] -- Symlinking: /home/juan/ros2_ws/phantom_ws/install/phantomx_pincher_description/share/phantomx_pincher_description/meshes/DAE/cases/caseRaspberryPi5/tapaSlide.dae
[0.811s] -- Symlinking: /home/juan/ros2_ws/phantom_ws/install/phantomx_pincher_description/share/phantomx_pincher_description/meshes/DAE/cases/caseUSB2Dynamixel/acopleGrande.dae
[0.819s] -- Symlinking: /home/juan/ros2_ws/phantom_ws/install/phantomx_pincher_description/share/phantomx_pincher_description/meshes/DAE/cases/caseUSB2Dynamixel/acoplePequeño.dae
[0.836s] -- Symlinking: /home/juan/ros2_ws/phantom_ws/install/phantomx_pincher_description/share/phantomx_pincher_description/meshes/DAE/cases/caseUSB2Dynamixel/baseUBS2.dae
[0.841s] -- Symlinking: /home/juan/ros2_ws/phantom_ws/install/phantomx_pincher_description/share/phantomx_pincher_description/meshes/DAE/cases/cases/baseMicroAirPump370A.dae
[0.850s] -- Symlinking: /home/juan/ros2_ws/phantom_ws/install/phantomx_pincher_description/share/phantomx_pincher_description/meshes/DAE/cases/cases/caseBaseRobot.dae
[0.858s] -- Symlinking: /home/juan/ros2_ws/phantom_ws/install/phantomx_pincher_description/share/phantomx_pincher_description/meshes/DAE/cases/cases/caseRaspberryPi5/baseCaseRaspberry.dae
[0.867s] -- Symlinking: /home/juan/ros2_ws/phantom_ws/install/phantomx_pincher_description/share/phantomx_pincher_description/meshes/DAE/cases/cases/caseRaspberryPi5/tapaRaspberry.dae
[0.882s] -- Symlinking: /home/juan/ros2_ws/phantom_ws/install/phantomx_pincher_description/share/phantomx_pincher_description/meshes/DAE/cases/cases/tapaMicroAirPump370A.dae
[0.897s] -- Symlinking: /home/juan/ros2_ws/phantom_ws/install/phantomx_pincher_description/share/phantomx_pincher_description/meshes/DAE/cases/microAirpump/caseAirpumpBottom.dae
[0.914s] -- Symlinking: /home/juan/ros2_ws/phantom_ws/install/phantomx_pincher_description/share/phantomx_pincher_description/meshes/DAE/cases/microAirpump/caseAirpumpTop.dae
[0.923s] -- Symlinking: /home/juan/ros2_ws/phantom_ws/install/phantomx_pincher_description/share/phantomx_pincher_description/meshes/DAE/manijas/manija.dae
[0.936s] -- Symlinking: /home/juan/ros2_ws/phantom_ws/install/phantomx_pincher_description/share/phantomx_pincher_description/meshes/DAE/manijas/pataManija.dae
[0.945s] -- Symlinking: /home/juan/ros2_ws/phantom_ws/install/phantomx_pincher_description/share/phantomx_pincher_description/meshes/DAE/objectsToPick/cilinder25Dx25h.dae
[0.954s] -- Symlinking: /home/juan/ros2_ws/phantom_ws/install/phantomx_pincher_description/share/phantomx_pincher_description/meshes/DAE/objectsToPick/cube25x25.dae
[0.973s] -- Symlinking: /home/juan/ros2_ws/phantom_ws/install/phantomx_pincher_description/share/phantomx_pincher_description/meshes/DAE/patas/pataD15mm.dae
[0.978s] -- Symlinking: /home/juan/ros2_ws/phantom_ws/install/phantomx_pincher_description/share/phantomx_pincher_description/meshes/DAE/patas/pataD20mm.dae
[0.992s] -- Symlinking: /home/juan/ros2_ws/phantom_ws/install/phantomx_pincher_description/share/phantomx_pincher_description/meshes/DAE/tubosOvaladosNiquel/Angujo.dae
[0.993s] -- Symlinking: /home/juan/ros2_ws/phantom_ws/install/phantomx_pincher_description/share/phantomx_pincher_description/meshes/DAE/tubosOvaladosNiquel/EncajeABaseTuboCloset.dae
[1.000s] -- Symlinking: /home/juan/ros2_ws/phantom_ws/install/phantomx_pincher_description/share/phantomx_pincher_description/meshes/DAE/zonasDeRecoleccion/zonaCircular/zonaCircular146mm.dae
[1.016s] -- Up-to-date symlink: /home/juan/ros2_ws/phantom_ws/install/phantomx_pincher_description/share/phantomx_pincher_description/meshes/STL/baseElementosFijos.stl
[1.016s] -- Up-to-date symlink: /home/juan/ros2_ws/phantom_ws/install/phantomx_pincher_description/share/phantomx_pincher_description/meshes/STL/canecaGrande.stl
[1.016s] -- Up-to-date symlink: /home/juan/ros2_ws/phantom_ws/install/phantomx_pincher_description/share/phantomx_pincher_description/meshes/STL/caseBaseRobot.stl
[1.017s] -- Up-to-date symlink: /home/juan/ros2_ws/phantom_ws/install/phantomx_pincher_description/share/phantomx_pincher_description/meshes/STL/ensambleAirpump.stl
[1.017s] -- Up-to-date symlink: /home/juan/ros2_ws/phantom_ws/install/phantomx_pincher_description/share/phantomx_pincher_description/meshes/STL/ensambleCaneca.stl
[1.017s] -- Up-to-date symlink: /home/juan/ros2_ws/phantom_ws/install/phantomx_pincher_description/share/phantomx_pincher_description/meshes/STL/manija.stl
[1.017s] -- Up-to-date symlink: /home/juan/ros2_ws/phantom_ws/install/phantomx_pincher_description/share/phantomx_pincher_description/meshes/STL/zonaCircular146mm.stl
[1.017s] -- Symlinking: /home/juan/ros2_ws/phantom_ws/install/phantomx_pincher_description/share/phantomx_pincher_description/meshes/collision/finger.stl
[1.043s] -- Symlinking: /home/juan/ros2_ws/phantom_ws/install/phantomx_pincher_description/share/phantomx_pincher_description/meshes/collision/task_board.stl
[1.054s] -- Symlinking: /home/juan/ros2_ws/phantom_ws/install/phantomx_pincher_description/share/phantomx_pincher_description/meshes/visual/ax12.dae
[1.062s] -- Symlinking: /home/juan/ros2_ws/phantom_ws/install/phantomx_pincher_description/share/phantomx_pincher_description/meshes/visual/f10.dae
[1.083s] -- Symlinking: /home/juan/ros2_ws/phantom_ws/install/phantomx_pincher_description/share/phantomx_pincher_description/meshes/visual/f2.dae
[1.090s] -- Symlinking: /home/juan/ros2_ws/phantom_ws/install/phantomx_pincher_description/share/phantomx_pincher_description/meshes/visual/f3.dae
[1.097s] -- Symlinking: /home/juan/ros2_ws/phantom_ws/install/phantomx_pincher_description/share/phantomx_pincher_description/meshes/visual/f4.dae
[1.103s] -- Symlinking: /home/juan/ros2_ws/phantom_ws/install/phantomx_pincher_description/share/phantomx_pincher_description/meshes/visual/finger.dae
[1.111s] -- Symlinking: /home/juan/ros2_ws/phantom_ws/install/phantomx_pincher_description/share/phantomx_pincher_description/meshes/visual/gripper_base.dae
[1.121s] -- Symlinking: /home/juan/ros2_ws/phantom_ws/install/phantomx_pincher_description/share/phantomx_pincher_description/meshes/visual/phantomx_pincher_mount.dae
[1.126s] -- Symlinking: /home/juan/ros2_ws/phantom_ws/install/phantomx_pincher_description/share/phantomx_pincher_description/meshes/visual/task_board.dae
[1.138s] -- Symlinking: /home/juan/ros2_ws/phantom_ws/install/phantomx_pincher_description/share/phantomx_pincher_description/meshes/visual/task_board_module_phantomx_pincher_mount.dae
[1.148s] -- Up-to-date symlink: /home/juan/ros2_ws/phantom_ws/install/phantomx_pincher_description/share/phantomx_pincher_description/environment/phantomx_pincher_description.dsv
[1.148s] -- Up-to-date symlink: /home/juan/ros2_ws/phantom_ws/install/phantomx_pincher_description/share/phantomx_pincher_description/environment/phantomx_pincher_description.sh
[1.148s] -- Up-to-date symlink: /home/juan/ros2_ws/phantom_ws/install/phantomx_pincher_description/share/ament_index/resource_index/package_run_dependencies/phantomx_pincher_description
[1.148s] -- Up-to-date symlink: /home/juan/ros2_ws/phantom_ws/install/phantomx_pincher_description/share/ament_index/resource_index/parent_prefix_path/phantomx_pincher_description
[1.148s] -- Up-to-date symlink: /home/juan/ros2_ws/phantom_ws/install/phantomx_pincher_description/share/phantomx_pincher_description/environment/ament_prefix_path.sh
[1.148s] -- Up-to-date symlink: /home/juan/ros2_ws/phantom_ws/install/phantomx_pincher_description/share/phantomx_pincher_description/environment/ament_prefix_path.dsv
[1.148s] -- Up-to-date symlink: /home/juan/ros2_ws/phantom_ws/install/phantomx_pincher_description/share/phantomx_pincher_description/environment/path.sh
[1.148s] -- Up-to-date symlink: /home/juan/ros2_ws/phantom_ws/install/phantomx_pincher_description/share/phantomx_pincher_description/environment/path.dsv
[1.148s] -- Up-to-date symlink: /home/juan/ros2_ws/phantom_ws/install/phantomx_pincher_description/share/phantomx_pincher_description/local_setup.bash
[1.148s] -- Up-to-date symlink: /home/juan/ros2_ws/phantom_ws/install/phantomx_pincher_description/share/phantomx_pincher_description/local_setup.sh
[1.148s] -- Up-to-date symlink: /home/juan/ros2_ws/phantom_ws/install/phantomx_pincher_description/share/phantomx_pincher_description/local_setup.zsh
[1.148s] -- Up-to-date symlink: /home/juan/ros2_ws/phantom_ws/install/phantomx_pincher_description/share/phantomx_pincher_description/local_setup.dsv
[1.148s] -- Symlinking: /home/juan/ros2_ws/phantom_ws/install/phantomx_pincher_description/share/phantomx_pincher_description/package.dsv
[1.159s] -- Up-to-date symlink: /home/juan/ros2_ws/phantom_ws/install/phantomx_pincher_description/share/ament_index/resource_index/packages/phantomx_pincher_description
[1.159s] -- Up-to-date symlink: /home/juan/ros2_ws/phantom_ws/install/phantomx_pincher_description/share/phantomx_pincher_description/cmake/phantomx_pincher_descriptionConfig.cmake
[1.159s] -- Up-to-date symlink: /home/juan/ros2_ws/phantom_ws/install/phantomx_pincher_description/share/phantomx_pincher_description/cmake/phantomx_pincher_descriptionConfig-version.cmake
[1.159s] -- Up-to-date symlink: /home/juan/ros2_ws/phantom_ws/install/phantomx_pincher_description/share/phantomx_pincher_description/package.xml
[1.230s] Invoked command in '/home/juan/ros2_ws/phantom_ws/build/phantomx_pincher_description' returned '0': CMAKE_PREFIX_PATH=/opt/ros/humble /usr/bin/cmake --install /home/juan/ros2_ws/phantom_ws/build/phantomx_pincher_description
