[0.011s] Invoking command in '/home/juan/ros2_ws/phantom_ws/build/phantomx_pincher_moveit_config': AMENT_PREFIX_PATH=/home/juan/ros2_ws/phantom_ws/install/phantomx_pincher_description:${AMENT_PREFIX_PATH} CMAKE_PREFIX_PATH=/home/juan/ros2_ws/phantom_ws/install/phantomx_pincher_description:/opt/ros/humble IGN_GAZEBO_RESOURCE_PATH=/home/juan/ros2_ws/phantom_ws/install/phantomx_pincher_description/share/phantomx_pincher_description /usr/bin/cmake --build /home/juan/ros2_ws/phantom_ws/build/phantomx_pincher_moveit_config -- -j2 -l2
[0.036s] Invoked command in '/home/juan/ros2_ws/phantom_ws/build/phantomx_pincher_moveit_config' returned '0': AMENT_PREFIX_PATH=/home/juan/ros2_ws/phantom_ws/install/phantomx_pincher_description:${AMENT_PREFIX_PATH} CMAKE_PREFIX_PATH=/home/juan/ros2_ws/phantom_ws/install/phantomx_pincher_description:/opt/ros/humble IGN_GAZEBO_RESOURCE_PATH=/home/juan/ros2_ws/phantom_ws/install/phantomx_pincher_description/share/phantomx_pincher_description /usr/bin/cmake --build /home/juan/ros2_ws/phantom_ws/build/phantomx_pincher_moveit_config -- -j2 -l2
[0.039s] Invoking command in '/home/juan/ros2_ws/phantom_ws/build/phantomx_pincher_moveit_config': AMENT_PREFIX_PATH=/home/juan/ros2_ws/phantom_ws/install/phantomx_pincher_description:${AMENT_PREFIX_PATH} CMAKE_PREFIX_PATH=/home/juan/ros2_ws/phantom_ws/install/phantomx_pincher_description:/opt/ros/humble IGN_GAZEBO_RESOURCE_PATH=/home/juan/ros2_ws/phantom_ws/install/phantomx_pincher_description/share/phantomx_pincher_description /usr/bin/cmake --install /home/juan/ros2_ws/phantom_ws/build/phantomx_pincher_moveit_config
[0.044s] -- Install configuration: ""
[0.045s] -- Execute custom install script
[0.045s] -- Up-to-date symlink: /home/juan/ros2_ws/phantom_ws/install/phantomx_pincher_moveit_config/share/phantomx_pincher_moveit_config/config/controllers_effort.yaml
[0.046s] -- Up-to-date symlink: /home/juan/ros2_ws/phantom_ws/install/phantomx_pincher_moveit_config/share/phantomx_pincher_moveit_config/config/controllers_position.yaml
[0.047s] -- Up-to-date symlink: /home/juan/ros2_ws/phantom_ws/install/phantomx_pincher_moveit_config/share/phantomx_pincher_moveit_config/config/joint_limits.yaml
[0.047s] -- Up-to-date symlink: /home/juan/ros2_ws/phantom_ws/install/phantomx_pincher_moveit_config/share/phantomx_pincher_moveit_config/config/kinematics.yaml
[0.047s] -- Up-to-date symlink: /home/juan/ros2_ws/phantom_ws/install/phantomx_pincher_moveit_config/share/phantomx_pincher_moveit_config/config/moveit_controller_manager_gripper_command.yaml
[0.047s] -- Up-to-date symlink: /home/juan/ros2_ws/phantom_ws/install/phantomx_pincher_moveit_config/share/phantomx_pincher_moveit_config/config/moveit_controller_manager_gripper_trajectory.yaml
[0.048s] -- Up-to-date symlink: /home/juan/ros2_ws/phantom_ws/install/phantomx_pincher_moveit_config/share/phantomx_pincher_moveit_config/config/ompl_planning.yaml
[0.048s] -- Up-to-date symlink: /home/juan/ros2_ws/phantom_ws/install/phantomx_pincher_moveit_config/share/phantomx_pincher_moveit_config/config/phantomx_pincher.srdf
[0.049s] -- Up-to-date symlink: /home/juan/ros2_ws/phantom_ws/install/phantomx_pincher_moveit_config/share/phantomx_pincher_moveit_config/config/servo.yaml
[0.049s] -- Up-to-date symlink: /home/juan/ros2_ws/phantom_ws/install/phantomx_pincher_moveit_config/share/phantomx_pincher_moveit_config/config/servo_real.yaml
[0.050s] -- Up-to-date symlink: /home/juan/ros2_ws/phantom_ws/install/phantomx_pincher_moveit_config/share/phantomx_pincher_moveit_config/launch/move_group.launch.py
[0.050s] -- Up-to-date symlink: /home/juan/ros2_ws/phantom_ws/install/phantomx_pincher_moveit_config/share/phantomx_pincher_moveit_config/launch/move_group_external_control.launch.py
[0.051s] -- Up-to-date symlink: /home/juan/ros2_ws/phantom_ws/install/phantomx_pincher_moveit_config/share/phantomx_pincher_moveit_config/rviz/moveit.rviz
[0.051s] -- Up-to-date symlink: /home/juan/ros2_ws/phantom_ws/install/phantomx_pincher_moveit_config/share/phantomx_pincher_moveit_config/srdf/phantomx_pincher.srdf
[0.052s] -- Up-to-date symlink: /home/juan/ros2_ws/phantom_ws/install/phantomx_pincher_moveit_config/share/phantomx_pincher_moveit_config/srdf/phantomx_pincher.srdf.xacro
[0.052s] -- Up-to-date symlink: /home/juan/ros2_ws/phantom_ws/install/phantomx_pincher_moveit_config/share/phantomx_pincher_moveit_config/srdf/phantomx_pincher.xacro
[0.052s] -- Up-to-date symlink: /home/juan/ros2_ws/phantom_ws/install/phantomx_pincher_moveit_config/share/ament_index/resource_index/package_run_dependencies/phantomx_pincher_moveit_config
[0.053s] -- Up-to-date symlink: /home/juan/ros2_ws/phantom_ws/install/phantomx_pincher_moveit_config/share/ament_index/resource_index/parent_prefix_path/phantomx_pincher_moveit_config
[0.053s] -- Up-to-date symlink: /home/juan/ros2_ws/phantom_ws/install/phantomx_pincher_moveit_config/share/phantomx_pincher_moveit_config/environment/ament_prefix_path.sh
[0.054s] -- Up-to-date symlink: /home/juan/ros2_ws/phantom_ws/install/phantomx_pincher_moveit_config/share/phantomx_pincher_moveit_config/environment/ament_prefix_path.dsv
[0.054s] -- Up-to-date symlink: /home/juan/ros2_ws/phantom_ws/install/phantomx_pincher_moveit_config/share/phantomx_pincher_moveit_config/environment/path.sh
[0.055s] -- Up-to-date symlink: /home/juan/ros2_ws/phantom_ws/install/phantomx_pincher_moveit_config/share/phantomx_pincher_moveit_config/environment/path.dsv
[0.057s] -- Up-to-date symlink: /home/juan/ros2_ws/phantom_ws/install/phantomx_pincher_moveit_config/share/phantomx_pincher_moveit_config/local_setup.bash
[0.057s] -- Up-to-date symlink: /home/juan/ros2_ws/phantom_ws/install/phantomx_pincher_moveit_config/share/phantomx_pincher_moveit_config/local_setup.sh
[0.057s] -- Up-to-date symlink: /home/juan/ros2_ws/phantom_ws/install/phantomx_pincher_moveit_config/share/phantomx_pincher_moveit_config/local_setup.zsh
[0.058s] -- Up-to-date symlink: /home/juan/ros2_ws/phantom_ws/install/phantomx_pincher_moveit_config/share/phantomx_pincher_moveit_config/local_setup.dsv
[0.058s] -- Symlinking: /home/juan/ros2_ws/phantom_ws/install/phantomx_pincher_moveit_config/share/phantomx_pincher_moveit_config/package.dsv
[0.067s] -- Up-to-date symlink: /home/juan/ros2_ws/phantom_ws/install/phantomx_pincher_moveit_config/share/ament_index/resource_index/packages/phantomx_pincher_moveit_config
[0.070s] -- Up-to-date symlink: /home/juan/ros2_ws/phantom_ws/install/phantomx_pincher_moveit_config/share/phantomx_pincher_moveit_config/cmake/phantomx_pincher_moveit_configConfig.cmake
[0.070s] -- Up-to-date symlink: /home/juan/ros2_ws/phantom_ws/install/phantomx_pincher_moveit_config/share/phantomx_pincher_moveit_config/cmake/phantomx_pincher_moveit_configConfig-version.cmake
[0.073s] -- Up-to-date symlink: /home/juan/ros2_ws/phantom_ws/install/phantomx_pincher_moveit_config/share/phantomx_pincher_moveit_config/package.xml
[0.075s] Invoked command in '/home/juan/ros2_ws/phantom_ws/build/phantomx_pincher_moveit_config' returned '0': AMENT_PREFIX_PATH=/home/juan/ros2_ws/phantom_ws/install/phantomx_pincher_description:${AMENT_PREFIX_PATH} CMAKE_PREFIX_PATH=/home/juan/ros2_ws/phantom_ws/install/phantomx_pincher_description:/opt/ros/humble IGN_GAZEBO_RESOURCE_PATH=/home/juan/ros2_ws/phantom_ws/install/phantomx_pincher_description/share/phantomx_pincher_description /usr/bin/cmake --install /home/juan/ros2_ws/phantom_ws/build/phantomx_pincher_moveit_config
