running develop
Removing /home/juan/ros2_ws/phantom_ws/install/pincher_control/lib/python3.10/site-packages/pincher-control.egg-link (link to .)
running egg_info
writing ../../build/pincher_control/pincher_control.egg-info/PKG-INFO
writing dependency_links to ../../build/pincher_control/pincher_control.egg-info/dependency_links.txt
writing entry points to ../../build/pincher_control/pincher_control.egg-info/entry_points.txt
writing requirements to ../../build/pincher_control/pincher_control.egg-info/requires.txt
writing top-level names to ../../build/pincher_control/pincher_control.egg-info/top_level.txt
reading manifest file '../../build/pincher_control/pincher_control.egg-info/SOURCES.txt'
writing manifest file '../../build/pincher_control/pincher_control.egg-info/SOURCES.txt'
running build
running build_py
creating /home/juan/ros2_ws/phantom_ws/build/pincher_control/build
creating /home/juan/ros2_ws/phantom_ws/build/pincher_control/build/lib
creating /home/juan/ros2_ws/phantom_ws/build/pincher_control/build/lib/pincher_control
copying pincher_control/HMI_RVIZ.py -> /home/juan/ros2_ws/phantom_ws/build/pincher_control/build/lib/pincher_control
copying pincher_control/terminal_suscriber.py -> /home/juan/ros2_ws/phantom_ws/build/pincher_control/build/lib/pincher_control
copying pincher_control/terminal_control.py -> /home/juan/ros2_ws/phantom_ws/build/pincher_control/build/lib/pincher_control
copying pincher_control/__init__.py -> /home/juan/ros2_ws/phantom_ws/build/pincher_control/build/lib/pincher_control
copying pincher_control/control_servo.py -> /home/juan/ros2_ws/phantom_ws/build/pincher_control/build/lib/pincher_control
copying pincher_control/Lab5_P1.py -> /home/juan/ros2_ws/phantom_ws/build/pincher_control/build/lib/pincher_control
copying pincher_control/toolbox.py -> /home/juan/ros2_ws/phantom_ws/build/pincher_control/build/lib/pincher_control
running install
running install_lib
creating /home/juan/ros2_ws/phantom_ws/install/pincher_control/lib/python3.10/site-packages/pincher_control
copying /home/juan/ros2_ws/phantom_ws/build/pincher_control/build/lib/pincher_control/HMI_RVIZ.py -> /home/juan/ros2_ws/phantom_ws/install/pincher_control/lib/python3.10/site-packages/pincher_control
copying /home/juan/ros2_ws/phantom_ws/build/pincher_control/build/lib/pincher_control/terminal_suscriber.py -> /home/juan/ros2_ws/phantom_ws/install/pincher_control/lib/python3.10/site-packages/pincher_control
copying /home/juan/ros2_ws/phantom_ws/build/pincher_control/build/lib/pincher_control/terminal_control.py -> /home/juan/ros2_ws/phantom_ws/install/pincher_control/lib/python3.10/site-packages/pincher_control
copying /home/juan/ros2_ws/phantom_ws/build/pincher_control/build/lib/pincher_control/__init__.py -> /home/juan/ros2_ws/phantom_ws/install/pincher_control/lib/python3.10/site-packages/pincher_control
copying /home/juan/ros2_ws/phantom_ws/build/pincher_control/build/lib/pincher_control/control_servo.py -> /home/juan/ros2_ws/phantom_ws/install/pincher_control/lib/python3.10/site-packages/pincher_control
copying /home/juan/ros2_ws/phantom_ws/build/pincher_control/build/lib/pincher_control/Lab5_P1.py -> /home/juan/ros2_ws/phantom_ws/install/pincher_control/lib/python3.10/site-packages/pincher_control
copying /home/juan/ros2_ws/phantom_ws/build/pincher_control/build/lib/pincher_control/toolbox.py -> /home/juan/ros2_ws/phantom_ws/install/pincher_control/lib/python3.10/site-packages/pincher_control
byte-compiling /home/juan/ros2_ws/phantom_ws/install/pincher_control/lib/python3.10/site-packages/pincher_control/HMI_RVIZ.py to HMI_RVIZ.cpython-310.pyc
byte-compiling /home/juan/ros2_ws/phantom_ws/install/pincher_control/lib/python3.10/site-packages/pincher_control/terminal_suscriber.py to terminal_suscriber.cpython-310.pyc
byte-compiling /home/juan/ros2_ws/phantom_ws/install/pincher_control/lib/python3.10/site-packages/pincher_control/terminal_control.py to terminal_control.cpython-310.pyc
byte-compiling /home/juan/ros2_ws/phantom_ws/install/pincher_control/lib/python3.10/site-packages/pincher_control/__init__.py to __init__.cpython-310.pyc
byte-compiling /home/juan/ros2_ws/phantom_ws/install/pincher_control/lib/python3.10/site-packages/pincher_control/control_servo.py to control_servo.cpython-310.pyc
byte-compiling /home/juan/ros2_ws/phantom_ws/install/pincher_control/lib/python3.10/site-packages/pincher_control/Lab5_P1.py to Lab5_P1.cpython-310.pyc
byte-compiling /home/juan/ros2_ws/phantom_ws/install/pincher_control/lib/python3.10/site-packages/pincher_control/toolbox.py to toolbox.cpython-310.pyc
running install_data
copying resource/pincher_control -> /home/juan/ros2_ws/phantom_ws/install/pincher_control/share/ament_index/resource_index/packages
copying package.xml -> /home/juan/ros2_ws/phantom_ws/install/pincher_control/share/pincher_control
running install_egg_info
Copying ../../build/pincher_control/pincher_control.egg-info to /home/juan/ros2_ws/phantom_ws/install/pincher_control/lib/python3.10/site-packages/pincher_control-0.0.0-py3.10.egg-info
running install_scripts
Installing HMI_RVIZ script to /home/juan/ros2_ws/phantom_ws/install/pincher_control/lib/pincher_control
Installing Lab5_P1 script to /home/juan/ros2_ws/phantom_ws/install/pincher_control/lib/pincher_control
Installing control_servo script to /home/juan/ros2_ws/phantom_ws/install/pincher_control/lib/pincher_control
Installing terminal_control script to /home/juan/ros2_ws/phantom_ws/install/pincher_control/lib/pincher_control
Installing terminal_suscriber script to /home/juan/ros2_ws/phantom_ws/install/pincher_control/lib/pincher_control
Installing toolbox script to /home/juan/ros2_ws/phantom_ws/install/pincher_control/lib/pincher_control
writing list of installed files to '/home/juan/ros2_ws/phantom_ws/build/pincher_control/install.log'
